2019-09-27 09:59:41.9157||INFO|Microsoft.AspNetCore.DataProtection.KeyManagement.XmlKeyManager|User profile is available. Using 'C:\Users\njit\AppData\Local\ASP.NET\DataProtection-Keys' as key repository and Windows DPAPI to encrypt keys at rest. |url: |action: 
2019-09-27 09:59:42.3937|1|INFO|Microsoft.AspNetCore.Hosting.Internal.WebHost|Request starting HTTP/1.1 GET http://localhost:4350/swagger   |url: http://localhost/swagger|action: 
2019-09-27 09:59:42.4122|3|WARN|Microsoft.AspNetCore.HttpsPolicy.HttpsRedirectionMiddleware|Failed to determine the https port for redirect. |url: http://localhost/swagger|action: 
2019-09-27 09:59:42.5196|1|INFO|Microsoft.AspNetCore.Hosting.Internal.WebHost|Request starting HTTP/1.1 GET http://localhost:4350/swagger/index.html   |url: http://localhost/swagger/index.html|action: 
2019-09-27 09:59:42.5196|2|INFO|Microsoft.AspNetCore.Hosting.Internal.WebHost|Request finished in 131.149ms 302  |url: http://localhost/swagger|action: 
2019-09-27 09:59:42.5815|2|INFO|Microsoft.AspNetCore.Hosting.Internal.WebHost|Request finished in 61.9332ms 200 text/html; charset=utf-8 |url: http://localhost/swagger/index.html|action: 
2019-09-27 09:59:42.7074|1|INFO|Microsoft.AspNetCore.Hosting.Internal.WebHost|Request starting HTTP/1.1 GET http://localhost:4350/swagger/v1/swagger.json   |url: http://localhost/swagger/v1/swagger.json|action: 
2019-09-27 09:59:43.2298|2|INFO|Microsoft.AspNetCore.Hosting.Internal.WebHost|Request finished in 522.4548ms 200 application/json; charset=utf-8 |url: http://localhost/swagger/v1/swagger.json|action: 
2019-09-27 09:59:53.4456|1|INFO|Microsoft.AspNetCore.Hosting.Internal.WebHost|Request starting HTTP/1.1 GET http://localhost:4350/api/LiuPengLocation/ListAllLocationsByRegionId?regionId=100101   |url: http://localhost/api/LiuPengLocation/ListAllLocationsByRegionId|action: 
2019-09-27 09:59:53.4972|0|INFO|Microsoft.AspNetCore.Routing.EndpointMiddleware|Executing endpoint 'BHG.Platform.DemoServer.Controllers.LiuPengLocationController.ListAllLocationsByRegionId (BHG.Platform.DemoServer)' |url: http://localhost/api/LiuPengLocation/ListAllLocationsByRegionId|action: ListAllLocationsByRegionId
2019-09-27 09:59:53.5159|3|INFO|Microsoft.AspNetCore.Mvc.Internal.ControllerActionInvoker|Route matched with {action = "ListAllLocationsByRegionId", controller = "LiuPengLocation", page = ""}. Executing controller action with signature Microsoft.AspNetCore.Mvc.IActionResult ListAllLocationsByRegionId(Int32) on controller BHG.Platform.DemoServer.Controllers.LiuPengLocationController (BHG.Platform.DemoServer). |url: http://localhost/api/LiuPengLocation/ListAllLocationsByRegionId|action: ListAllLocationsByRegionId
2019-09-27 09:59:53.7815|1|INFO|Microsoft.AspNetCore.Mvc.Internal.ControllerActionInvoker|Executing action method BHG.Platform.DemoServer.Controllers.LiuPengLocationController.ListAllLocationsByRegionId (BHG.Platform.DemoServer) - Validation state: Valid |url: http://localhost/api/LiuPengLocation/ListAllLocationsByRegionId|action: ListAllLocationsByRegionId
2019-09-27 09:59:54.0303|10403|INFO|Microsoft.EntityFrameworkCore.Infrastructure|Entity Framework Core 2.2.6-servicing-10079 initialized 'AppDbContext' using provider 'Pomelo.EntityFrameworkCore.MySql' with options: None |url: http://localhost/api/LiuPengLocation/ListAllLocationsByRegionId|action: ListAllLocationsByRegionId
2019-09-27 09:59:54.4948|20101|INFO|Microsoft.EntityFrameworkCore.Database.Command|Executed DbCommand (69ms) [Parameters=[@__regionId_0='?' (DbType = Int32)], CommandType='Text', CommandTimeout='30']
SELECT `a`.`Id`, `a`.`Address`, `a`.`ContactName`, `a`.`ContactPhone`, `a`.`LiuPengDistrictId`, `a`.`ManagerName`, `a`.`ManagerPhone`, `a`.`Name`, `a`.`PhysicalId`, `a`.`Printer`, `a`.`Type`
FROM `LiuPengLocations` AS `a`
INNER JOIN `LiuPengDistricts` AS `b` ON `a`.`LiuPengDistrictId` = `b`.`Id`
WHERE `b`.`LiuPengRegionId` = @__regionId_0 |url: http://localhost/api/LiuPengLocation/ListAllLocationsByRegionId|action: ListAllLocationsByRegionId
2019-09-27 09:59:54.5677|2|INFO|Microsoft.AspNetCore.Mvc.Internal.ControllerActionInvoker|Executed action method BHG.Platform.DemoServer.Controllers.LiuPengLocationController.ListAllLocationsByRegionId (BHG.Platform.DemoServer), returned result Microsoft.AspNetCore.Mvc.OkObjectResult in 783.4424ms. |url: http://localhost/api/LiuPengLocation/ListAllLocationsByRegionId|action: ListAllLocationsByRegionId
2019-09-27 09:59:54.5778|1|INFO|Microsoft.AspNetCore.Mvc.Infrastructure.ObjectResultExecutor|Executing ObjectResult, writing value of type '<>f__AnonymousType0`3[[System.Int32, System.Private.CoreLib, Version=4.0.0.0, Culture=neutral, PublicKeyToken=7cec85d7bea7798e],[System.String, System.Private.CoreLib, Version=4.0.0.0, Culture=neutral, PublicKeyToken=7cec85d7bea7798e],[System.Collections.Generic.List`1[[BHG.Platform.DemoServer.Data.Entities.LiuPengLocation, BHG.Platform.DemoServer, Version=1.0.0.0, Culture=neutral, PublicKeyToken=null]], System.Private.CoreLib, Version=4.0.0.0, Culture=neutral, PublicKeyToken=7cec85d7bea7798e]]'. |url: http://localhost/api/LiuPengLocation/ListAllLocationsByRegionId|action: ListAllLocationsByRegionId
2019-09-27 09:59:54.5926|2|INFO|Microsoft.AspNetCore.Mvc.Internal.ControllerActionInvoker|Executed action BHG.Platform.DemoServer.Controllers.LiuPengLocationController.ListAllLocationsByRegionId (BHG.Platform.DemoServer) in 1073.4824ms |url: http://localhost/api/LiuPengLocation/ListAllLocationsByRegionId|action: ListAllLocationsByRegionId
2019-09-27 09:59:54.5926|1|INFO|Microsoft.AspNetCore.Routing.EndpointMiddleware|Executed endpoint 'BHG.Platform.DemoServer.Controllers.LiuPengLocationController.ListAllLocationsByRegionId (BHG.Platform.DemoServer)' |url: http://localhost/api/LiuPengLocation/ListAllLocationsByRegionId|action: ListAllLocationsByRegionId
2019-09-27 09:59:54.5926|2|INFO|Microsoft.AspNetCore.Hosting.Internal.WebHost|Request finished in 1148.444ms 200 application/json; charset=utf-8 |url: http://localhost/api/LiuPengLocation/ListAllLocationsByRegionId|action: ListAllLocationsByRegionId
2019-09-27 10:02:10.9118|1|INFO|Microsoft.AspNetCore.Hosting.Internal.WebHost|Request starting HTTP/1.1 GET http://localhost:4350/api/LiuPengLocation/ListAllLocationsByRegionId?regionId=100110   |url: http://localhost/api/LiuPengLocation/ListAllLocationsByRegionId|action: 
2019-09-27 10:02:10.9265|0|INFO|Microsoft.AspNetCore.Routing.EndpointMiddleware|Executing endpoint 'BHG.Platform.DemoServer.Controllers.LiuPengLocationController.ListAllLocationsByRegionId (BHG.Platform.DemoServer)' |url: http://localhost/api/LiuPengLocation/ListAllLocationsByRegionId|action: ListAllLocationsByRegionId
2019-09-27 10:02:10.9382|3|INFO|Microsoft.AspNetCore.Mvc.Internal.ControllerActionInvoker|Route matched with {action = "ListAllLocationsByRegionId", controller = "LiuPengLocation", page = ""}. Executing controller action with signature Microsoft.AspNetCore.Mvc.IActionResult ListAllLocationsByRegionId(Int32) on controller BHG.Platform.DemoServer.Controllers.LiuPengLocationController (BHG.Platform.DemoServer). |url: http://localhost/api/LiuPengLocation/ListAllLocationsByRegionId|action: ListAllLocationsByRegionId
2019-09-27 10:02:10.9613|1|INFO|Microsoft.AspNetCore.Mvc.Internal.ControllerActionInvoker|Executing action method BHG.Platform.DemoServer.Controllers.LiuPengLocationController.ListAllLocationsByRegionId (BHG.Platform.DemoServer) - Validation state: Valid |url: http://localhost/api/LiuPengLocation/ListAllLocationsByRegionId|action: ListAllLocationsByRegionId
2019-09-27 10:02:10.9721|10403|INFO|Microsoft.EntityFrameworkCore.Infrastructure|Entity Framework Core 2.2.6-servicing-10079 initialized 'AppDbContext' using provider 'Pomelo.EntityFrameworkCore.MySql' with options: None |url: http://localhost/api/LiuPengLocation/ListAllLocationsByRegionId|action: ListAllLocationsByRegionId
2019-09-27 10:02:11.0814|20101|INFO|Microsoft.EntityFrameworkCore.Database.Command|Executed DbCommand (35ms) [Parameters=[@__regionId_0='?' (DbType = Int32)], CommandType='Text', CommandTimeout='30']
SELECT `a`.`Id`, `a`.`Address`, `a`.`ContactName`, `a`.`ContactPhone`, `a`.`LiuPengDistrictId`, `a`.`ManagerName`, `a`.`ManagerPhone`, `a`.`Name`, `a`.`PhysicalId`, `a`.`Printer`, `a`.`Type`
FROM `LiuPengLocations` AS `a`
INNER JOIN `LiuPengDistricts` AS `b` ON `a`.`LiuPengDistrictId` = `b`.`Id`
WHERE `b`.`LiuPengRegionId` = @__regionId_0 |url: http://localhost/api/LiuPengLocation/ListAllLocationsByRegionId|action: ListAllLocationsByRegionId
2019-09-27 10:02:11.0814|2|INFO|Microsoft.AspNetCore.Mvc.Internal.ControllerActionInvoker|Executed action method BHG.Platform.DemoServer.Controllers.LiuPengLocationController.ListAllLocationsByRegionId (BHG.Platform.DemoServer), returned result Microsoft.AspNetCore.Mvc.OkObjectResult in 112.4979ms. |url: http://localhost/api/LiuPengLocation/ListAllLocationsByRegionId|action: ListAllLocationsByRegionId
2019-09-27 10:02:11.0814|1|INFO|Microsoft.AspNetCore.Mvc.Infrastructure.ObjectResultExecutor|Executing ObjectResult, writing value of type '<>f__AnonymousType0`3[[System.Int32, System.Private.CoreLib, Version=4.0.0.0, Culture=neutral, PublicKeyToken=7cec85d7bea7798e],[System.String, System.Private.CoreLib, Version=4.0.0.0, Culture=neutral, PublicKeyToken=7cec85d7bea7798e],[System.Collections.Generic.List`1[[BHG.Platform.DemoServer.Data.Entities.LiuPengLocation, BHG.Platform.DemoServer, Version=1.0.0.0, Culture=neutral, PublicKeyToken=null]], System.Private.CoreLib, Version=4.0.0.0, Culture=neutral, PublicKeyToken=7cec85d7bea7798e]]'. |url: http://localhost/api/LiuPengLocation/ListAllLocationsByRegionId|action: ListAllLocationsByRegionId
2019-09-27 10:02:11.0814|2|INFO|Microsoft.AspNetCore.Mvc.Internal.ControllerActionInvoker|Executed action BHG.Platform.DemoServer.Controllers.LiuPengLocationController.ListAllLocationsByRegionId (BHG.Platform.DemoServer) in 146.521ms |url: http://localhost/api/LiuPengLocation/ListAllLocationsByRegionId|action: ListAllLocationsByRegionId
2019-09-27 10:02:11.0814|1|INFO|Microsoft.AspNetCore.Routing.EndpointMiddleware|Executed endpoint 'BHG.Platform.DemoServer.Controllers.LiuPengLocationController.ListAllLocationsByRegionId (BHG.Platform.DemoServer)' |url: http://localhost/api/LiuPengLocation/ListAllLocationsByRegionId|action: ListAllLocationsByRegionId
2019-09-27 10:02:11.0814|2|INFO|Microsoft.AspNetCore.Hosting.Internal.WebHost|Request finished in 174.2906ms 200 application/json; charset=utf-8 |url: http://localhost/api/LiuPengLocation/ListAllLocationsByRegionId|action: ListAllLocationsByRegionId
2019-09-27 10:20:05.5111||INFO|Microsoft.AspNetCore.DataProtection.KeyManagement.XmlKeyManager|User profile is available. Using 'C:\Users\njit\AppData\Local\ASP.NET\DataProtection-Keys' as key repository and Windows DPAPI to encrypt keys at rest. |url: |action: 
2019-09-27 10:20:05.9646|1|INFO|Microsoft.AspNetCore.Hosting.Internal.WebHost|Request starting HTTP/1.1 GET http://localhost:4350/swagger   |url: http://localhost/swagger|action: 
2019-09-27 10:20:05.9805|3|WARN|Microsoft.AspNetCore.HttpsPolicy.HttpsRedirectionMiddleware|Failed to determine the https port for redirect. |url: http://localhost/swagger|action: 
2019-09-27 10:20:06.0824|1|INFO|Microsoft.AspNetCore.Hosting.Internal.WebHost|Request starting HTTP/1.1 GET http://localhost:4350/swagger/index.html   |url: http://localhost/swagger/index.html|action: 
2019-09-27 10:20:06.0824|2|INFO|Microsoft.AspNetCore.Hosting.Internal.WebHost|Request finished in 120.6074ms 302  |url: http://localhost/swagger|action: 
2019-09-27 10:20:06.1531|2|INFO|Microsoft.AspNetCore.Hosting.Internal.WebHost|Request finished in 70.7117ms 200 text/html; charset=utf-8 |url: http://localhost/swagger/index.html|action: 
2019-09-27 10:20:06.2762|1|INFO|Microsoft.AspNetCore.Hosting.Internal.WebHost|Request starting HTTP/1.1 GET http://localhost:4350/swagger/v1/swagger.json   |url: http://localhost/swagger/v1/swagger.json|action: 
2019-09-27 10:20:06.8158|2|INFO|Microsoft.AspNetCore.Hosting.Internal.WebHost|Request finished in 539.6155ms 200 application/json; charset=utf-8 |url: http://localhost/swagger/v1/swagger.json|action: 
2019-09-27 10:20:18.9789|1|INFO|Microsoft.AspNetCore.Hosting.Internal.WebHost|Request starting HTTP/1.1 GET http://localhost:4350/api/LiuPengLocation/ListAllLocationsByRegionId?regionId=100103   |url: http://localhost/api/LiuPengLocation/ListAllLocationsByRegionId|action: 
2019-09-27 10:20:19.0239|0|INFO|Microsoft.AspNetCore.Routing.EndpointMiddleware|Executing endpoint 'BHG.Platform.DemoServer.Controllers.LiuPengLocationController.ListAllLocationsByRegionId (BHG.Platform.DemoServer)' |url: http://localhost/api/LiuPengLocation/ListAllLocationsByRegionId|action: ListAllLocationsByRegionId
2019-09-27 10:20:19.0424|3|INFO|Microsoft.AspNetCore.Mvc.Internal.ControllerActionInvoker|Route matched with {action = "ListAllLocationsByRegionId", controller = "LiuPengLocation", page = ""}. Executing controller action with signature Microsoft.AspNetCore.Mvc.IActionResult ListAllLocationsByRegionId(Int32) on controller BHG.Platform.DemoServer.Controllers.LiuPengLocationController (BHG.Platform.DemoServer). |url: http://localhost/api/LiuPengLocation/ListAllLocationsByRegionId|action: ListAllLocationsByRegionId
2019-09-27 10:20:19.3069|1|INFO|Microsoft.AspNetCore.Mvc.Internal.ControllerActionInvoker|Executing action method BHG.Platform.DemoServer.Controllers.LiuPengLocationController.ListAllLocationsByRegionId (BHG.Platform.DemoServer) - Validation state: Valid |url: http://localhost/api/LiuPengLocation/ListAllLocationsByRegionId|action: ListAllLocationsByRegionId
2019-09-27 10:20:19.5641|10403|INFO|Microsoft.EntityFrameworkCore.Infrastructure|Entity Framework Core 2.2.6-servicing-10079 initialized 'AppDbContext' using provider 'Pomelo.EntityFrameworkCore.MySql' with options: None |url: http://localhost/api/LiuPengLocation/ListAllLocationsByRegionId|action: ListAllLocationsByRegionId
2019-09-27 10:20:20.0255|20101|INFO|Microsoft.EntityFrameworkCore.Database.Command|Executed DbCommand (66ms) [Parameters=[@__regionId_0='?' (DbType = Int32)], CommandType='Text', CommandTimeout='30']
SELECT `a`.`Id`, `a`.`Address`, `a`.`ContactName`, `a`.`ContactPhone`, `a`.`LiuPengDistrictId`, `a`.`ManagerName`, `a`.`ManagerPhone`, `a`.`Name`, `a`.`PhysicalId`, `a`.`Printer`, `a`.`Type`
FROM `LiuPengLocations` AS `a`
INNER JOIN `LiuPengDistricts` AS `b` ON `a`.`LiuPengDistrictId` = `b`.`Id`
WHERE `b`.`LiuPengRegionId` = @__regionId_0 |url: http://localhost/api/LiuPengLocation/ListAllLocationsByRegionId|action: ListAllLocationsByRegionId
2019-09-27 10:20:20.0560|2|INFO|Microsoft.AspNetCore.Mvc.Internal.ControllerActionInvoker|Executed action method BHG.Platform.DemoServer.Controllers.LiuPengLocationController.ListAllLocationsByRegionId (BHG.Platform.DemoServer), returned result Microsoft.AspNetCore.Mvc.OkObjectResult in 746.1513ms. |url: http://localhost/api/LiuPengLocation/ListAllLocationsByRegionId|action: ListAllLocationsByRegionId
2019-09-27 10:20:20.0635|1|INFO|Microsoft.AspNetCore.Mvc.Infrastructure.ObjectResultExecutor|Executing ObjectResult, writing value of type '<>f__AnonymousType0`3[[System.Int32, System.Private.CoreLib, Version=4.0.0.0, Culture=neutral, PublicKeyToken=7cec85d7bea7798e],[System.String, System.Private.CoreLib, Version=4.0.0.0, Culture=neutral, PublicKeyToken=7cec85d7bea7798e],[System.Collections.Generic.List`1[[BHG.Platform.DemoServer.Data.Entities.LiuPengLocation, BHG.Platform.DemoServer, Version=1.0.0.0, Culture=neutral, PublicKeyToken=null]], System.Private.CoreLib, Version=4.0.0.0, Culture=neutral, PublicKeyToken=7cec85d7bea7798e]]'. |url: http://localhost/api/LiuPengLocation/ListAllLocationsByRegionId|action: ListAllLocationsByRegionId
2019-09-27 10:20:20.0635|2|INFO|Microsoft.AspNetCore.Mvc.Internal.ControllerActionInvoker|Executed action BHG.Platform.DemoServer.Controllers.LiuPengLocationController.ListAllLocationsByRegionId (BHG.Platform.DemoServer) in 1030.2732ms |url: http://localhost/api/LiuPengLocation/ListAllLocationsByRegionId|action: ListAllLocationsByRegionId
2019-09-27 10:20:20.0635|1|INFO|Microsoft.AspNetCore.Routing.EndpointMiddleware|Executed endpoint 'BHG.Platform.DemoServer.Controllers.LiuPengLocationController.ListAllLocationsByRegionId (BHG.Platform.DemoServer)' |url: http://localhost/api/LiuPengLocation/ListAllLocationsByRegionId|action: ListAllLocationsByRegionId
2019-09-27 10:20:20.0773|2|INFO|Microsoft.AspNetCore.Hosting.Internal.WebHost|Request finished in 1098.3994ms 200 application/json; charset=utf-8 |url: http://localhost/api/LiuPengLocation/ListAllLocationsByRegionId|action: ListAllLocationsByRegionId
2019-09-27 10:20:33.1494|1|INFO|Microsoft.AspNetCore.Hosting.Internal.WebHost|Request starting HTTP/1.1 GET http://localhost:4350/api/LiuPengLocation/ListAllLocationsByRegionId?regionId=100101   |url: http://localhost/api/LiuPengLocation/ListAllLocationsByRegionId|action: 
2019-09-27 10:20:33.1494|0|INFO|Microsoft.AspNetCore.Routing.EndpointMiddleware|Executing endpoint 'BHG.Platform.DemoServer.Controllers.LiuPengLocationController.ListAllLocationsByRegionId (BHG.Platform.DemoServer)' |url: http://localhost/api/LiuPengLocation/ListAllLocationsByRegionId|action: ListAllLocationsByRegionId
2019-09-27 10:20:33.1494|3|INFO|Microsoft.AspNetCore.Mvc.Internal.ControllerActionInvoker|Route matched with {action = "ListAllLocationsByRegionId", controller = "LiuPengLocation", page = ""}. Executing controller action with signature Microsoft.AspNetCore.Mvc.IActionResult ListAllLocationsByRegionId(Int32) on controller BHG.Platform.DemoServer.Controllers.LiuPengLocationController (BHG.Platform.DemoServer). |url: http://localhost/api/LiuPengLocation/ListAllLocationsByRegionId|action: ListAllLocationsByRegionId
2019-09-27 10:20:33.1763|1|INFO|Microsoft.AspNetCore.Mvc.Internal.ControllerActionInvoker|Executing action method BHG.Platform.DemoServer.Controllers.LiuPengLocationController.ListAllLocationsByRegionId (BHG.Platform.DemoServer) - Validation state: Valid |url: http://localhost/api/LiuPengLocation/ListAllLocationsByRegionId|action: ListAllLocationsByRegionId
2019-09-27 10:20:33.1763|10403|INFO|Microsoft.EntityFrameworkCore.Infrastructure|Entity Framework Core 2.2.6-servicing-10079 initialized 'AppDbContext' using provider 'Pomelo.EntityFrameworkCore.MySql' with options: None |url: http://localhost/api/LiuPengLocation/ListAllLocationsByRegionId|action: ListAllLocationsByRegionId
2019-09-27 10:20:33.2904|20101|INFO|Microsoft.EntityFrameworkCore.Database.Command|Executed DbCommand (34ms) [Parameters=[@__regionId_0='?' (DbType = Int32)], CommandType='Text', CommandTimeout='30']
SELECT `a`.`Id`, `a`.`Address`, `a`.`ContactName`, `a`.`ContactPhone`, `a`.`LiuPengDistrictId`, `a`.`ManagerName`, `a`.`ManagerPhone`, `a`.`Name`, `a`.`PhysicalId`, `a`.`Printer`, `a`.`Type`
FROM `LiuPengLocations` AS `a`
INNER JOIN `LiuPengDistricts` AS `b` ON `a`.`LiuPengDistrictId` = `b`.`Id`
WHERE `b`.`LiuPengRegionId` = @__regionId_0 |url: http://localhost/api/LiuPengLocation/ListAllLocationsByRegionId|action: ListAllLocationsByRegionId
2019-09-27 10:20:33.3308|2|INFO|Microsoft.AspNetCore.Mvc.Internal.ControllerActionInvoker|Executed action method BHG.Platform.DemoServer.Controllers.LiuPengLocationController.ListAllLocationsByRegionId (BHG.Platform.DemoServer), returned result Microsoft.AspNetCore.Mvc.OkObjectResult in 153.8062ms. |url: http://localhost/api/LiuPengLocation/ListAllLocationsByRegionId|action: ListAllLocationsByRegionId
2019-09-27 10:20:33.3308|1|INFO|Microsoft.AspNetCore.Mvc.Infrastructure.ObjectResultExecutor|Executing ObjectResult, writing value of type '<>f__AnonymousType0`3[[System.Int32, System.Private.CoreLib, Version=4.0.0.0, Culture=neutral, PublicKeyToken=7cec85d7bea7798e],[System.String, System.Private.CoreLib, Version=4.0.0.0, Culture=neutral, PublicKeyToken=7cec85d7bea7798e],[System.Collections.Generic.List`1[[BHG.Platform.DemoServer.Data.Entities.LiuPengLocation, BHG.Platform.DemoServer, Version=1.0.0.0, Culture=neutral, PublicKeyToken=null]], System.Private.CoreLib, Version=4.0.0.0, Culture=neutral, PublicKeyToken=7cec85d7bea7798e]]'. |url: http://localhost/api/LiuPengLocation/ListAllLocationsByRegionId|action: ListAllLocationsByRegionId
2019-09-27 10:20:33.3308|2|INFO|Microsoft.AspNetCore.Mvc.Internal.ControllerActionInvoker|Executed action BHG.Platform.DemoServer.Controllers.LiuPengLocationController.ListAllLocationsByRegionId (BHG.Platform.DemoServer) in 179.338ms |url: http://localhost/api/LiuPengLocation/ListAllLocationsByRegionId|action: ListAllLocationsByRegionId
2019-09-27 10:20:33.3308|1|INFO|Microsoft.AspNetCore.Routing.EndpointMiddleware|Executed endpoint 'BHG.Platform.DemoServer.Controllers.LiuPengLocationController.ListAllLocationsByRegionId (BHG.Platform.DemoServer)' |url: http://localhost/api/LiuPengLocation/ListAllLocationsByRegionId|action: ListAllLocationsByRegionId
2019-09-27 10:20:33.3308|2|INFO|Microsoft.AspNetCore.Hosting.Internal.WebHost|Request finished in 186.5641ms 200 application/json; charset=utf-8 |url: http://localhost/api/LiuPengLocation/ListAllLocationsByRegionId|action: ListAllLocationsByRegionId
2019-09-27 10:20:42.5312|1|INFO|Microsoft.AspNetCore.Hosting.Internal.WebHost|Request starting HTTP/1.1 GET http://localhost:4350/api/LiuPengLocation/ListAllLocationsByRegionId?regionId=100110   |url: http://localhost/api/LiuPengLocation/ListAllLocationsByRegionId|action: 
2019-09-27 10:20:42.5312|0|INFO|Microsoft.AspNetCore.Routing.EndpointMiddleware|Executing endpoint 'BHG.Platform.DemoServer.Controllers.LiuPengLocationController.ListAllLocationsByRegionId (BHG.Platform.DemoServer)' |url: http://localhost/api/LiuPengLocation/ListAllLocationsByRegionId|action: ListAllLocationsByRegionId
2019-09-27 10:20:42.5312|3|INFO|Microsoft.AspNetCore.Mvc.Internal.ControllerActionInvoker|Route matched with {action = "ListAllLocationsByRegionId", controller = "LiuPengLocation", page = ""}. Executing controller action with signature Microsoft.AspNetCore.Mvc.IActionResult ListAllLocationsByRegionId(Int32) on controller BHG.Platform.DemoServer.Controllers.LiuPengLocationController (BHG.Platform.DemoServer). |url: http://localhost/api/LiuPengLocation/ListAllLocationsByRegionId|action: ListAllLocationsByRegionId
2019-09-27 10:20:42.5539|1|INFO|Microsoft.AspNetCore.Mvc.Internal.ControllerActionInvoker|Executing action method BHG.Platform.DemoServer.Controllers.LiuPengLocationController.ListAllLocationsByRegionId (BHG.Platform.DemoServer) - Validation state: Valid |url: http://localhost/api/LiuPengLocation/ListAllLocationsByRegionId|action: ListAllLocationsByRegionId
2019-09-27 10:20:42.5539|10403|INFO|Microsoft.EntityFrameworkCore.Infrastructure|Entity Framework Core 2.2.6-servicing-10079 initialized 'AppDbContext' using provider 'Pomelo.EntityFrameworkCore.MySql' with options: None |url: http://localhost/api/LiuPengLocation/ListAllLocationsByRegionId|action: ListAllLocationsByRegionId
2019-09-27 10:20:42.6525|20101|INFO|Microsoft.EntityFrameworkCore.Database.Command|Executed DbCommand (34ms) [Parameters=[@__regionId_0='?' (DbType = Int32)], CommandType='Text', CommandTimeout='30']
SELECT `a`.`Id`, `a`.`Address`, `a`.`ContactName`, `a`.`ContactPhone`, `a`.`LiuPengDistrictId`, `a`.`ManagerName`, `a`.`ManagerPhone`, `a`.`Name`, `a`.`PhysicalId`, `a`.`Printer`, `a`.`Type`
FROM `LiuPengLocations` AS `a`
INNER JOIN `LiuPengDistricts` AS `b` ON `a`.`LiuPengDistrictId` = `b`.`Id`
WHERE `b`.`LiuPengRegionId` = @__regionId_0 |url: http://localhost/api/LiuPengLocation/ListAllLocationsByRegionId|action: ListAllLocationsByRegionId
2019-09-27 10:20:42.6556|2|INFO|Microsoft.AspNetCore.Mvc.Internal.ControllerActionInvoker|Executed action method BHG.Platform.DemoServer.Controllers.LiuPengLocationController.ListAllLocationsByRegionId (BHG.Platform.DemoServer), returned result Microsoft.AspNetCore.Mvc.OkObjectResult in 101.1777ms. |url: http://localhost/api/LiuPengLocation/ListAllLocationsByRegionId|action: ListAllLocationsByRegionId
2019-09-27 10:20:42.6556|1|INFO|Microsoft.AspNetCore.Mvc.Infrastructure.ObjectResultExecutor|Executing ObjectResult, writing value of type '<>f__AnonymousType0`3[[System.Int32, System.Private.CoreLib, Version=4.0.0.0, Culture=neutral, PublicKeyToken=7cec85d7bea7798e],[System.String, System.Private.CoreLib, Version=4.0.0.0, Culture=neutral, PublicKeyToken=7cec85d7bea7798e],[System.Collections.Generic.List`1[[BHG.Platform.DemoServer.Data.Entities.LiuPengLocation, BHG.Platform.DemoServer, Version=1.0.0.0, Culture=neutral, PublicKeyToken=null]], System.Private.CoreLib, Version=4.0.0.0, Culture=neutral, PublicKeyToken=7cec85d7bea7798e]]'. |url: http://localhost/api/LiuPengLocation/ListAllLocationsByRegionId|action: ListAllLocationsByRegionId
2019-09-27 10:20:42.6556|2|INFO|Microsoft.AspNetCore.Mvc.Internal.ControllerActionInvoker|Executed action BHG.Platform.DemoServer.Controllers.LiuPengLocationController.ListAllLocationsByRegionId (BHG.Platform.DemoServer) in 124.1582ms |url: http://localhost/api/LiuPengLocation/ListAllLocationsByRegionId|action: ListAllLocationsByRegionId
2019-09-27 10:20:42.6556|1|INFO|Microsoft.AspNetCore.Routing.EndpointMiddleware|Executed endpoint 'BHG.Platform.DemoServer.Controllers.LiuPengLocationController.ListAllLocationsByRegionId (BHG.Platform.DemoServer)' |url: http://localhost/api/LiuPengLocation/ListAllLocationsByRegionId|action: ListAllLocationsByRegionId
2019-09-27 10:20:42.6556|2|INFO|Microsoft.AspNetCore.Hosting.Internal.WebHost|Request finished in 127.0256ms 200 application/json; charset=utf-8 |url: http://localhost/api/LiuPengLocation/ListAllLocationsByRegionId|action: ListAllLocationsByRegionId
2019-09-27 10:20:56.9080|1|INFO|Microsoft.AspNetCore.Hosting.Internal.WebHost|Request starting HTTP/1.1 GET http://localhost:4350/api/LiuPengLocation/ListAllLocationsByRegionId?regionId=100   |url: http://localhost/api/LiuPengLocation/ListAllLocationsByRegionId|action: 
2019-09-27 10:20:56.9080|0|INFO|Microsoft.AspNetCore.Routing.EndpointMiddleware|Executing endpoint 'BHG.Platform.DemoServer.Controllers.LiuPengLocationController.ListAllLocationsByRegionId (BHG.Platform.DemoServer)' |url: http://localhost/api/LiuPengLocation/ListAllLocationsByRegionId|action: ListAllLocationsByRegionId
2019-09-27 10:20:56.9080|3|INFO|Microsoft.AspNetCore.Mvc.Internal.ControllerActionInvoker|Route matched with {action = "ListAllLocationsByRegionId", controller = "LiuPengLocation", page = ""}. Executing controller action with signature Microsoft.AspNetCore.Mvc.IActionResult ListAllLocationsByRegionId(Int32) on controller BHG.Platform.DemoServer.Controllers.LiuPengLocationController (BHG.Platform.DemoServer). |url: http://localhost/api/LiuPengLocation/ListAllLocationsByRegionId|action: ListAllLocationsByRegionId
2019-09-27 10:20:56.9352|1|INFO|Microsoft.AspNetCore.Mvc.Internal.ControllerActionInvoker|Executing action method BHG.Platform.DemoServer.Controllers.LiuPengLocationController.ListAllLocationsByRegionId (BHG.Platform.DemoServer) - Validation state: Valid |url: http://localhost/api/LiuPengLocation/ListAllLocationsByRegionId|action: ListAllLocationsByRegionId
2019-09-27 10:20:56.9352|10403|INFO|Microsoft.EntityFrameworkCore.Infrastructure|Entity Framework Core 2.2.6-servicing-10079 initialized 'AppDbContext' using provider 'Pomelo.EntityFrameworkCore.MySql' with options: None |url: http://localhost/api/LiuPengLocation/ListAllLocationsByRegionId|action: ListAllLocationsByRegionId
2019-09-27 10:20:57.0319|20101|INFO|Microsoft.EntityFrameworkCore.Database.Command|Executed DbCommand (33ms) [Parameters=[@__regionId_0='?' (DbType = Int32)], CommandType='Text', CommandTimeout='30']
SELECT `a`.`Id`, `a`.`Address`, `a`.`ContactName`, `a`.`ContactPhone`, `a`.`LiuPengDistrictId`, `a`.`ManagerName`, `a`.`ManagerPhone`, `a`.`Name`, `a`.`PhysicalId`, `a`.`Printer`, `a`.`Type`
FROM `LiuPengLocations` AS `a`
INNER JOIN `LiuPengDistricts` AS `b` ON `a`.`LiuPengDistrictId` = `b`.`Id`
WHERE `b`.`LiuPengRegionId` = @__regionId_0 |url: http://localhost/api/LiuPengLocation/ListAllLocationsByRegionId|action: ListAllLocationsByRegionId
2019-09-27 10:20:57.0319|2|INFO|Microsoft.AspNetCore.Mvc.Internal.ControllerActionInvoker|Executed action method BHG.Platform.DemoServer.Controllers.LiuPengLocationController.ListAllLocationsByRegionId (BHG.Platform.DemoServer), returned result Microsoft.AspNetCore.Mvc.OkObjectResult in 97.042ms. |url: http://localhost/api/LiuPengLocation/ListAllLocationsByRegionId|action: ListAllLocationsByRegionId
2019-09-27 10:20:57.0319|1|INFO|Microsoft.AspNetCore.Mvc.Infrastructure.ObjectResultExecutor|Executing ObjectResult, writing value of type '<>f__AnonymousType0`3[[System.Int32, System.Private.CoreLib, Version=4.0.0.0, Culture=neutral, PublicKeyToken=7cec85d7bea7798e],[System.String, System.Private.CoreLib, Version=4.0.0.0, Culture=neutral, PublicKeyToken=7cec85d7bea7798e],[System.Collections.Generic.List`1[[BHG.Platform.DemoServer.Data.Entities.LiuPengLocation, BHG.Platform.DemoServer, Version=1.0.0.0, Culture=neutral, PublicKeyToken=null]], System.Private.CoreLib, Version=4.0.0.0, Culture=neutral, PublicKeyToken=7cec85d7bea7798e]]'. |url: http://localhost/api/LiuPengLocation/ListAllLocationsByRegionId|action: ListAllLocationsByRegionId
2019-09-27 10:20:57.0319|2|INFO|Microsoft.AspNetCore.Mvc.Internal.ControllerActionInvoker|Executed action BHG.Platform.DemoServer.Controllers.LiuPengLocationController.ListAllLocationsByRegionId (BHG.Platform.DemoServer) in 123.2874ms |url: http://localhost/api/LiuPengLocation/ListAllLocationsByRegionId|action: ListAllLocationsByRegionId
2019-09-27 10:20:57.0319|1|INFO|Microsoft.AspNetCore.Routing.EndpointMiddleware|Executed endpoint 'BHG.Platform.DemoServer.Controllers.LiuPengLocationController.ListAllLocationsByRegionId (BHG.Platform.DemoServer)' |url: http://localhost/api/LiuPengLocation/ListAllLocationsByRegionId|action: ListAllLocationsByRegionId
2019-09-27 10:20:57.0319|2|INFO|Microsoft.AspNetCore.Hosting.Internal.WebHost|Request finished in 126.4815ms 200 application/json; charset=utf-8 |url: http://localhost/api/LiuPengLocation/ListAllLocationsByRegionId|action: ListAllLocationsByRegionId
2019-09-27 10:22:14.3300||INFO|Microsoft.AspNetCore.DataProtection.KeyManagement.XmlKeyManager|User profile is available. Using 'C:\Users\njit\AppData\Local\ASP.NET\DataProtection-Keys' as key repository and Windows DPAPI to encrypt keys at rest. |url: |action: 
2019-09-27 10:22:14.7496|1|INFO|Microsoft.AspNetCore.Hosting.Internal.WebHost|Request starting HTTP/1.1 GET http://localhost:4350/swagger   |url: http://localhost/swagger|action: 
2019-09-27 10:22:14.7677|3|WARN|Microsoft.AspNetCore.HttpsPolicy.HttpsRedirectionMiddleware|Failed to determine the https port for redirect. |url: http://localhost/swagger|action: 
2019-09-27 10:22:14.8729|1|INFO|Microsoft.AspNetCore.Hosting.Internal.WebHost|Request starting HTTP/1.1 GET http://localhost:4350/swagger/index.html   |url: http://localhost/swagger/index.html|action: 
2019-09-27 10:22:14.8755|2|INFO|Microsoft.AspNetCore.Hosting.Internal.WebHost|Request finished in 126.5184ms 302  |url: http://localhost/swagger|action: 
2019-09-27 10:22:14.9306|2|INFO|Microsoft.AspNetCore.Hosting.Internal.WebHost|Request finished in 57.6461ms 200 text/html; charset=utf-8 |url: http://localhost/swagger/index.html|action: 
2019-09-27 10:22:15.0575|1|INFO|Microsoft.AspNetCore.Hosting.Internal.WebHost|Request starting HTTP/1.1 GET http://localhost:4350/swagger/v1/swagger.json   |url: http://localhost/swagger/v1/swagger.json|action: 
2019-09-27 10:22:15.5770|2|INFO|Microsoft.AspNetCore.Hosting.Internal.WebHost|Request finished in 519.5064ms 200 application/json; charset=utf-8 |url: http://localhost/swagger/v1/swagger.json|action: 
2019-09-27 10:22:46.9792|1|INFO|Microsoft.AspNetCore.Hosting.Internal.WebHost|Request starting HTTP/1.1 GET http://localhost:4350/api/LiuPengLocation/ListAllLocationsByRegionId?regionId=100   |url: http://localhost/api/LiuPengLocation/ListAllLocationsByRegionId|action: 
2019-09-27 10:22:47.0435|0|INFO|Microsoft.AspNetCore.Routing.EndpointMiddleware|Executing endpoint 'BHG.Platform.DemoServer.Controllers.LiuPengLocationController.ListAllLocationsByRegionId (BHG.Platform.DemoServer)' |url: http://localhost/api/LiuPengLocation/ListAllLocationsByRegionId|action: ListAllLocationsByRegionId
2019-09-27 10:22:47.0690|3|INFO|Microsoft.AspNetCore.Mvc.Internal.ControllerActionInvoker|Route matched with {action = "ListAllLocationsByRegionId", controller = "LiuPengLocation", page = ""}. Executing controller action with signature Microsoft.AspNetCore.Mvc.IActionResult ListAllLocationsByRegionId(Int32) on controller BHG.Platform.DemoServer.Controllers.LiuPengLocationController (BHG.Platform.DemoServer). |url: http://localhost/api/LiuPengLocation/ListAllLocationsByRegionId|action: ListAllLocationsByRegionId
2019-09-27 10:22:47.3315|1|INFO|Microsoft.AspNetCore.Mvc.Internal.ControllerActionInvoker|Executing action method BHG.Platform.DemoServer.Controllers.LiuPengLocationController.ListAllLocationsByRegionId (BHG.Platform.DemoServer) - Validation state: Valid |url: http://localhost/api/LiuPengLocation/ListAllLocationsByRegionId|action: ListAllLocationsByRegionId
2019-09-27 10:22:47.5848|10403|INFO|Microsoft.EntityFrameworkCore.Infrastructure|Entity Framework Core 2.2.6-servicing-10079 initialized 'AppDbContext' using provider 'Pomelo.EntityFrameworkCore.MySql' with options: None |url: http://localhost/api/LiuPengLocation/ListAllLocationsByRegionId|action: ListAllLocationsByRegionId
2019-09-27 10:22:48.0595|20101|INFO|Microsoft.EntityFrameworkCore.Database.Command|Executed DbCommand (66ms) [Parameters=[@__regionId_0='?' (DbType = Int32)], CommandType='Text', CommandTimeout='30']
SELECT `a`.`Id`, `a`.`Address`, `a`.`ContactName`, `a`.`ContactPhone`, `a`.`LiuPengDistrictId`, `a`.`ManagerName`, `a`.`ManagerPhone`, `a`.`Name`, `a`.`PhysicalId`, `a`.`Printer`, `a`.`Type`
FROM `LiuPengLocations` AS `a`
INNER JOIN `LiuPengDistricts` AS `b` ON `a`.`LiuPengDistrictId` = `b`.`Id`
WHERE `b`.`LiuPengRegionId` = @__regionId_0 |url: http://localhost/api/LiuPengLocation/ListAllLocationsByRegionId|action: ListAllLocationsByRegionId
2019-09-27 10:22:48.0899|2|INFO|Microsoft.AspNetCore.Mvc.Internal.ControllerActionInvoker|Executed action method BHG.Platform.DemoServer.Controllers.LiuPengLocationController.ListAllLocationsByRegionId (BHG.Platform.DemoServer), returned result Microsoft.AspNetCore.Mvc.OkObjectResult in 755.429ms. |url: http://localhost/api/LiuPengLocation/ListAllLocationsByRegionId|action: ListAllLocationsByRegionId
2019-09-27 10:22:48.0973|1|INFO|Microsoft.AspNetCore.Mvc.Infrastructure.ObjectResultExecutor|Executing ObjectResult, writing value of type '<>f__AnonymousType1`2[[System.Int32, System.Private.CoreLib, Version=4.0.0.0, Culture=neutral, PublicKeyToken=7cec85d7bea7798e],[System.String, System.Private.CoreLib, Version=4.0.0.0, Culture=neutral, PublicKeyToken=7cec85d7bea7798e]]'. |url: http://localhost/api/LiuPengLocation/ListAllLocationsByRegionId|action: ListAllLocationsByRegionId
2019-09-27 10:22:48.0973|2|INFO|Microsoft.AspNetCore.Mvc.Internal.ControllerActionInvoker|Executed action BHG.Platform.DemoServer.Controllers.LiuPengLocationController.ListAllLocationsByRegionId (BHG.Platform.DemoServer) in 1029.4075ms |url: http://localhost/api/LiuPengLocation/ListAllLocationsByRegionId|action: ListAllLocationsByRegionId
2019-09-27 10:22:48.1078|1|INFO|Microsoft.AspNetCore.Routing.EndpointMiddleware|Executed endpoint 'BHG.Platform.DemoServer.Controllers.LiuPengLocationController.ListAllLocationsByRegionId (BHG.Platform.DemoServer)' |url: http://localhost/api/LiuPengLocation/ListAllLocationsByRegionId|action: ListAllLocationsByRegionId
2019-09-27 10:22:48.1078|2|INFO|Microsoft.AspNetCore.Hosting.Internal.WebHost|Request finished in 1129.5915ms 200 application/json; charset=utf-8 |url: http://localhost/api/LiuPengLocation/ListAllLocationsByRegionId|action: ListAllLocationsByRegionId
2019-09-27 10:22:54.5405|1|INFO|Microsoft.AspNetCore.Hosting.Internal.WebHost|Request starting HTTP/1.1 GET http://localhost:4350/api/LiuPengLocation/ListAllLocationsByRegionId?regionId=100103   |url: http://localhost/api/LiuPengLocation/ListAllLocationsByRegionId|action: 
2019-09-27 10:22:54.5451|0|INFO|Microsoft.AspNetCore.Routing.EndpointMiddleware|Executing endpoint 'BHG.Platform.DemoServer.Controllers.LiuPengLocationController.ListAllLocationsByRegionId (BHG.Platform.DemoServer)' |url: http://localhost/api/LiuPengLocation/ListAllLocationsByRegionId|action: ListAllLocationsByRegionId
2019-09-27 10:22:54.5451|3|INFO|Microsoft.AspNetCore.Mvc.Internal.ControllerActionInvoker|Route matched with {action = "ListAllLocationsByRegionId", controller = "LiuPengLocation", page = ""}. Executing controller action with signature Microsoft.AspNetCore.Mvc.IActionResult ListAllLocationsByRegionId(Int32) on controller BHG.Platform.DemoServer.Controllers.LiuPengLocationController (BHG.Platform.DemoServer). |url: http://localhost/api/LiuPengLocation/ListAllLocationsByRegionId|action: ListAllLocationsByRegionId
2019-09-27 10:22:54.5687|1|INFO|Microsoft.AspNetCore.Mvc.Internal.ControllerActionInvoker|Executing action method BHG.Platform.DemoServer.Controllers.LiuPengLocationController.ListAllLocationsByRegionId (BHG.Platform.DemoServer) - Validation state: Valid |url: http://localhost/api/LiuPengLocation/ListAllLocationsByRegionId|action: ListAllLocationsByRegionId
2019-09-27 10:22:54.5687|10403|INFO|Microsoft.EntityFrameworkCore.Infrastructure|Entity Framework Core 2.2.6-servicing-10079 initialized 'AppDbContext' using provider 'Pomelo.EntityFrameworkCore.MySql' with options: None |url: http://localhost/api/LiuPengLocation/ListAllLocationsByRegionId|action: ListAllLocationsByRegionId
2019-09-27 10:22:54.6861|20101|INFO|Microsoft.EntityFrameworkCore.Database.Command|Executed DbCommand (33ms) [Parameters=[@__regionId_0='?' (DbType = Int32)], CommandType='Text', CommandTimeout='30']
SELECT `a`.`Id`, `a`.`Address`, `a`.`ContactName`, `a`.`ContactPhone`, `a`.`LiuPengDistrictId`, `a`.`ManagerName`, `a`.`ManagerPhone`, `a`.`Name`, `a`.`PhysicalId`, `a`.`Printer`, `a`.`Type`
FROM `LiuPengLocations` AS `a`
INNER JOIN `LiuPengDistricts` AS `b` ON `a`.`LiuPengDistrictId` = `b`.`Id`
WHERE `b`.`LiuPengRegionId` = @__regionId_0 |url: http://localhost/api/LiuPengLocation/ListAllLocationsByRegionId|action: ListAllLocationsByRegionId
2019-09-27 10:22:54.6861|2|INFO|Microsoft.AspNetCore.Mvc.Internal.ControllerActionInvoker|Executed action method BHG.Platform.DemoServer.Controllers.LiuPengLocationController.ListAllLocationsByRegionId (BHG.Platform.DemoServer), returned result Microsoft.AspNetCore.Mvc.OkObjectResult in 117.2282ms. |url: http://localhost/api/LiuPengLocation/ListAllLocationsByRegionId|action: ListAllLocationsByRegionId
2019-09-27 10:22:54.6861|1|INFO|Microsoft.AspNetCore.Mvc.Infrastructure.ObjectResultExecutor|Executing ObjectResult, writing value of type '<>f__AnonymousType1`2[[System.Int32, System.Private.CoreLib, Version=4.0.0.0, Culture=neutral, PublicKeyToken=7cec85d7bea7798e],[System.String, System.Private.CoreLib, Version=4.0.0.0, Culture=neutral, PublicKeyToken=7cec85d7bea7798e]]'. |url: http://localhost/api/LiuPengLocation/ListAllLocationsByRegionId|action: ListAllLocationsByRegionId
2019-09-27 10:22:54.6861|2|INFO|Microsoft.AspNetCore.Mvc.Internal.ControllerActionInvoker|Executed action BHG.Platform.DemoServer.Controllers.LiuPengLocationController.ListAllLocationsByRegionId (BHG.Platform.DemoServer) in 141.5866ms |url: http://localhost/api/LiuPengLocation/ListAllLocationsByRegionId|action: ListAllLocationsByRegionId
2019-09-27 10:22:54.6861|1|INFO|Microsoft.AspNetCore.Routing.EndpointMiddleware|Executed endpoint 'BHG.Platform.DemoServer.Controllers.LiuPengLocationController.ListAllLocationsByRegionId (BHG.Platform.DemoServer)' |url: http://localhost/api/LiuPengLocation/ListAllLocationsByRegionId|action: ListAllLocationsByRegionId
2019-09-27 10:22:54.6861|2|INFO|Microsoft.AspNetCore.Hosting.Internal.WebHost|Request finished in 148.2256ms 200 application/json; charset=utf-8 |url: http://localhost/api/LiuPengLocation/ListAllLocationsByRegionId|action: ListAllLocationsByRegionId
2019-09-27 10:23:00.6615|1|INFO|Microsoft.AspNetCore.Hosting.Internal.WebHost|Request starting HTTP/1.1 GET http://localhost:4350/api/LiuPengLocation/ListAllLocationsByRegionId?regionId=100110   |url: http://localhost/api/LiuPengLocation/ListAllLocationsByRegionId|action: 
2019-09-27 10:23:00.6615|0|INFO|Microsoft.AspNetCore.Routing.EndpointMiddleware|Executing endpoint 'BHG.Platform.DemoServer.Controllers.LiuPengLocationController.ListAllLocationsByRegionId (BHG.Platform.DemoServer)' |url: http://localhost/api/LiuPengLocation/ListAllLocationsByRegionId|action: ListAllLocationsByRegionId
2019-09-27 10:23:00.6615|3|INFO|Microsoft.AspNetCore.Mvc.Internal.ControllerActionInvoker|Route matched with {action = "ListAllLocationsByRegionId", controller = "LiuPengLocation", page = ""}. Executing controller action with signature Microsoft.AspNetCore.Mvc.IActionResult ListAllLocationsByRegionId(Int32) on controller BHG.Platform.DemoServer.Controllers.LiuPengLocationController (BHG.Platform.DemoServer). |url: http://localhost/api/LiuPengLocation/ListAllLocationsByRegionId|action: ListAllLocationsByRegionId
2019-09-27 10:23:00.6856|1|INFO|Microsoft.AspNetCore.Mvc.Internal.ControllerActionInvoker|Executing action method BHG.Platform.DemoServer.Controllers.LiuPengLocationController.ListAllLocationsByRegionId (BHG.Platform.DemoServer) - Validation state: Valid |url: http://localhost/api/LiuPengLocation/ListAllLocationsByRegionId|action: ListAllLocationsByRegionId
2019-09-27 10:23:00.6865|10403|INFO|Microsoft.EntityFrameworkCore.Infrastructure|Entity Framework Core 2.2.6-servicing-10079 initialized 'AppDbContext' using provider 'Pomelo.EntityFrameworkCore.MySql' with options: None |url: http://localhost/api/LiuPengLocation/ListAllLocationsByRegionId|action: ListAllLocationsByRegionId
2019-09-27 10:23:00.7841|20101|INFO|Microsoft.EntityFrameworkCore.Database.Command|Executed DbCommand (34ms) [Parameters=[@__regionId_0='?' (DbType = Int32)], CommandType='Text', CommandTimeout='30']
SELECT `a`.`Id`, `a`.`Address`, `a`.`ContactName`, `a`.`ContactPhone`, `a`.`LiuPengDistrictId`, `a`.`ManagerName`, `a`.`ManagerPhone`, `a`.`Name`, `a`.`PhysicalId`, `a`.`Printer`, `a`.`Type`
FROM `LiuPengLocations` AS `a`
INNER JOIN `LiuPengDistricts` AS `b` ON `a`.`LiuPengDistrictId` = `b`.`Id`
WHERE `b`.`LiuPengRegionId` = @__regionId_0 |url: http://localhost/api/LiuPengLocation/ListAllLocationsByRegionId|action: ListAllLocationsByRegionId
2019-09-27 10:23:00.8234|2|INFO|Microsoft.AspNetCore.Mvc.Internal.ControllerActionInvoker|Executed action method BHG.Platform.DemoServer.Controllers.LiuPengLocationController.ListAllLocationsByRegionId (BHG.Platform.DemoServer), returned result Microsoft.AspNetCore.Mvc.OkObjectResult in 137.2839ms. |url: http://localhost/api/LiuPengLocation/ListAllLocationsByRegionId|action: ListAllLocationsByRegionId
2019-09-27 10:23:00.8234|1|INFO|Microsoft.AspNetCore.Mvc.Infrastructure.ObjectResultExecutor|Executing ObjectResult, writing value of type '<>f__AnonymousType0`3[[System.Int32, System.Private.CoreLib, Version=4.0.0.0, Culture=neutral, PublicKeyToken=7cec85d7bea7798e],[System.String, System.Private.CoreLib, Version=4.0.0.0, Culture=neutral, PublicKeyToken=7cec85d7bea7798e],[System.Collections.Generic.List`1[[BHG.Platform.DemoServer.Data.Entities.LiuPengLocation, BHG.Platform.DemoServer, Version=1.0.0.0, Culture=neutral, PublicKeyToken=null]], System.Private.CoreLib, Version=4.0.0.0, Culture=neutral, PublicKeyToken=7cec85d7bea7798e]]'. |url: http://localhost/api/LiuPengLocation/ListAllLocationsByRegionId|action: ListAllLocationsByRegionId
2019-09-27 10:23:00.8308|2|INFO|Microsoft.AspNetCore.Mvc.Internal.ControllerActionInvoker|Executed action BHG.Platform.DemoServer.Controllers.LiuPengLocationController.ListAllLocationsByRegionId (BHG.Platform.DemoServer) in 166.5227ms |url: http://localhost/api/LiuPengLocation/ListAllLocationsByRegionId|action: ListAllLocationsByRegionId
2019-09-27 10:23:00.8308|1|INFO|Microsoft.AspNetCore.Routing.EndpointMiddleware|Executed endpoint 'BHG.Platform.DemoServer.Controllers.LiuPengLocationController.ListAllLocationsByRegionId (BHG.Platform.DemoServer)' |url: http://localhost/api/LiuPengLocation/ListAllLocationsByRegionId|action: ListAllLocationsByRegionId
2019-09-27 10:23:00.8308|2|INFO|Microsoft.AspNetCore.Hosting.Internal.WebHost|Request finished in 170.5118ms 200 application/json; charset=utf-8 |url: http://localhost/api/LiuPengLocation/ListAllLocationsByRegionId|action: ListAllLocationsByRegionId
2019-09-27 10:24:41.1357||INFO|Microsoft.AspNetCore.DataProtection.KeyManagement.XmlKeyManager|User profile is available. Using 'C:\Users\njit\AppData\Local\ASP.NET\DataProtection-Keys' as key repository and Windows DPAPI to encrypt keys at rest. |url: |action: 
2019-09-27 10:24:41.5809|1|INFO|Microsoft.AspNetCore.Hosting.Internal.WebHost|Request starting HTTP/1.1 GET http://localhost:4350/swagger   |url: http://localhost/swagger|action: 
2019-09-27 10:24:41.5978|3|WARN|Microsoft.AspNetCore.HttpsPolicy.HttpsRedirectionMiddleware|Failed to determine the https port for redirect. |url: http://localhost/swagger|action: 
2019-09-27 10:24:41.6990|1|INFO|Microsoft.AspNetCore.Hosting.Internal.WebHost|Request starting HTTP/1.1 GET http://localhost:4350/swagger/index.html   |url: http://localhost/swagger/index.html|action: 
2019-09-27 10:24:41.7014|2|INFO|Microsoft.AspNetCore.Hosting.Internal.WebHost|Request finished in 121.6204ms 302  |url: http://localhost/swagger|action: 
2019-09-27 10:24:41.7602|2|INFO|Microsoft.AspNetCore.Hosting.Internal.WebHost|Request finished in 61.1581ms 200 text/html; charset=utf-8 |url: http://localhost/swagger/index.html|action: 
2019-09-27 10:24:41.8763|1|INFO|Microsoft.AspNetCore.Hosting.Internal.WebHost|Request starting HTTP/1.1 GET http://localhost:4350/swagger/v1/swagger.json   |url: http://localhost/swagger/v1/swagger.json|action: 
2019-09-27 10:24:42.3958|2|INFO|Microsoft.AspNetCore.Hosting.Internal.WebHost|Request finished in 519.4414ms 200 application/json; charset=utf-8 |url: http://localhost/swagger/v1/swagger.json|action: 
2019-09-27 10:24:48.9341|1|INFO|Microsoft.AspNetCore.Hosting.Internal.WebHost|Request starting HTTP/1.1 GET http://localhost:4350/api/LiuPengLocation/ListAllStores   |url: http://localhost/api/LiuPengLocation/ListAllStores|action: 
2019-09-27 10:24:48.9777|0|INFO|Microsoft.AspNetCore.Routing.EndpointMiddleware|Executing endpoint 'BHG.Platform.DemoServer.Controllers.LiuPengLocationController.ListAllStores (BHG.Platform.DemoServer)' |url: http://localhost/api/LiuPengLocation/ListAllStores|action: ListAllStores
2019-09-27 10:24:48.9940|3|INFO|Microsoft.AspNetCore.Mvc.Internal.ControllerActionInvoker|Route matched with {action = "ListAllStores", controller = "LiuPengLocation", page = ""}. Executing controller action with signature Microsoft.AspNetCore.Mvc.IActionResult ListAllStores() on controller BHG.Platform.DemoServer.Controllers.LiuPengLocationController (BHG.Platform.DemoServer). |url: http://localhost/api/LiuPengLocation/ListAllStores|action: ListAllStores
2019-09-27 10:24:49.2491|1|INFO|Microsoft.AspNetCore.Mvc.Internal.ControllerActionInvoker|Executing action method BHG.Platform.DemoServer.Controllers.LiuPengLocationController.ListAllStores (BHG.Platform.DemoServer) - Validation state: Valid |url: http://localhost/api/LiuPengLocation/ListAllStores|action: ListAllStores
2019-09-27 10:24:49.5099|10403|INFO|Microsoft.EntityFrameworkCore.Infrastructure|Entity Framework Core 2.2.6-servicing-10079 initialized 'AppDbContext' using provider 'Pomelo.EntityFrameworkCore.MySql' with options: None |url: http://localhost/api/LiuPengLocation/ListAllStores|action: ListAllStores
2019-09-27 10:24:49.9164|20101|INFO|Microsoft.EntityFrameworkCore.Database.Command|Executed DbCommand (54ms) [Parameters=[], CommandType='Text', CommandTimeout='30']
SELECT `c`.`Id`, `c`.`Address`, `c`.`ContactName`, `c`.`ContactPhone`, `c`.`LiuPengDistrictId`, `c`.`ManagerName`, `c`.`ManagerPhone`, `c`.`Name`, `c`.`PhysicalId`, `c`.`Printer`, `c`.`Type`
FROM `LiuPengLocations` AS `c`
ORDER BY `c`.`Id` |url: http://localhost/api/LiuPengLocation/ListAllStores|action: ListAllStores
2019-09-27 10:24:49.9879|2|INFO|Microsoft.AspNetCore.Mvc.Internal.ControllerActionInvoker|Executed action method BHG.Platform.DemoServer.Controllers.LiuPengLocationController.ListAllStores (BHG.Platform.DemoServer), returned result Microsoft.AspNetCore.Mvc.OkObjectResult in 735.1778ms. |url: http://localhost/api/LiuPengLocation/ListAllStores|action: ListAllStores
2019-09-27 10:24:49.9879|1|INFO|Microsoft.AspNetCore.Mvc.Infrastructure.ObjectResultExecutor|Executing ObjectResult, writing value of type '<>f__AnonymousType0`3[[System.Int32, System.Private.CoreLib, Version=4.0.0.0, Culture=neutral, PublicKeyToken=7cec85d7bea7798e],[System.String, System.Private.CoreLib, Version=4.0.0.0, Culture=neutral, PublicKeyToken=7cec85d7bea7798e],[System.Collections.Generic.List`1[[BHG.Platform.DemoServer.Data.Entities.LiuPengLocation, BHG.Platform.DemoServer, Version=1.0.0.0, Culture=neutral, PublicKeyToken=null]], System.Private.CoreLib, Version=4.0.0.0, Culture=neutral, PublicKeyToken=7cec85d7bea7798e]]'. |url: http://localhost/api/LiuPengLocation/ListAllStores|action: ListAllStores
2019-09-27 10:24:50.0123|2|INFO|Microsoft.AspNetCore.Mvc.Internal.ControllerActionInvoker|Executed action BHG.Platform.DemoServer.Controllers.LiuPengLocationController.ListAllStores (BHG.Platform.DemoServer) in 1015.855ms |url: http://localhost/api/LiuPengLocation/ListAllStores|action: ListAllStores
2019-09-27 10:24:50.0123|1|INFO|Microsoft.AspNetCore.Routing.EndpointMiddleware|Executed endpoint 'BHG.Platform.DemoServer.Controllers.LiuPengLocationController.ListAllStores (BHG.Platform.DemoServer)' |url: http://localhost/api/LiuPengLocation/ListAllStores|action: ListAllStores
2019-09-27 10:24:50.0139|2|INFO|Microsoft.AspNetCore.Hosting.Internal.WebHost|Request finished in 1079.8308ms 200 application/json; charset=utf-8 |url: http://localhost/api/LiuPengLocation/ListAllStores|action: ListAllStores
2019-09-27 10:25:50.5491|1|INFO|Microsoft.AspNetCore.Hosting.Internal.WebHost|Request starting HTTP/1.1 GET http://localhost:4350/api/LiuPengLocation/GetLiuPengLocationById?id=100001   |url: http://localhost/api/LiuPengLocation/GetLiuPengLocationById|action: 
2019-09-27 10:25:50.5622|0|INFO|Microsoft.AspNetCore.Routing.EndpointMiddleware|Executing endpoint 'BHG.Platform.DemoServer.Controllers.LiuPengLocationController.GetLiuPengLocationById (BHG.Platform.DemoServer)' |url: http://localhost/api/LiuPengLocation/GetLiuPengLocationById|action: GetLiuPengLocationById
2019-09-27 10:25:50.5896|3|INFO|Microsoft.AspNetCore.Mvc.Internal.ControllerActionInvoker|Route matched with {action = "GetLiuPengLocationById", controller = "LiuPengLocation", page = ""}. Executing controller action with signature Microsoft.AspNetCore.Mvc.IActionResult GetLiuPengLocationById(Int32) on controller BHG.Platform.DemoServer.Controllers.LiuPengLocationController (BHG.Platform.DemoServer). |url: http://localhost/api/LiuPengLocation/GetLiuPengLocationById|action: GetLiuPengLocationById
2019-09-27 10:25:50.5991|2|INFO|Microsoft.AspNetCore.Authorization.DefaultAuthorizationService|Authorization failed. |url: http://localhost/api/LiuPengLocation/GetLiuPengLocationById|action: GetLiuPengLocationById
2019-09-27 10:25:50.5991|3|INFO|Microsoft.AspNetCore.Mvc.Internal.ControllerActionInvoker|Authorization failed for the request at filter 'Microsoft.AspNetCore.Mvc.Authorization.AuthorizeFilter'. |url: http://localhost/api/LiuPengLocation/GetLiuPengLocationById|action: GetLiuPengLocationById
2019-09-27 10:25:50.5991|1|INFO|Microsoft.AspNetCore.Mvc.ChallengeResult|Executing ChallengeResult with authentication schemes (). |url: http://localhost/api/LiuPengLocation/GetLiuPengLocationById|action: GetLiuPengLocationById
2019-09-27 10:25:50.5991|12|INFO|Microsoft.AspNetCore.Authentication.JwtBearer.JwtBearerHandler|AuthenticationScheme: Bearer was challenged. |url: http://localhost/api/LiuPengLocation/GetLiuPengLocationById|action: GetLiuPengLocationById
2019-09-27 10:25:50.6075|2|INFO|Microsoft.AspNetCore.Mvc.Internal.ControllerActionInvoker|Executed action BHG.Platform.DemoServer.Controllers.LiuPengLocationController.GetLiuPengLocationById (BHG.Platform.DemoServer) in 17.4232ms |url: http://localhost/api/LiuPengLocation/GetLiuPengLocationById|action: GetLiuPengLocationById
2019-09-27 10:25:50.6075|1|INFO|Microsoft.AspNetCore.Routing.EndpointMiddleware|Executed endpoint 'BHG.Platform.DemoServer.Controllers.LiuPengLocationController.GetLiuPengLocationById (BHG.Platform.DemoServer)' |url: http://localhost/api/LiuPengLocation/GetLiuPengLocationById|action: GetLiuPengLocationById
2019-09-27 10:25:50.6075|2|INFO|Microsoft.AspNetCore.Hosting.Internal.WebHost|Request finished in 59.8327ms 401  |url: http://localhost/api/LiuPengLocation/GetLiuPengLocationById|action: GetLiuPengLocationById
2019-09-27 10:34:39.4872||INFO|Microsoft.AspNetCore.DataProtection.KeyManagement.XmlKeyManager|User profile is available. Using 'C:\Users\njit\AppData\Local\ASP.NET\DataProtection-Keys' as key repository and Windows DPAPI to encrypt keys at rest. |url: |action: 
2019-09-27 10:34:39.9255|1|INFO|Microsoft.AspNetCore.Hosting.Internal.WebHost|Request starting HTTP/1.1 GET http://localhost:4350/swagger   |url: http://localhost/swagger|action: 
2019-09-27 10:34:39.9425|3|WARN|Microsoft.AspNetCore.HttpsPolicy.HttpsRedirectionMiddleware|Failed to determine the https port for redirect. |url: http://localhost/swagger|action: 
2019-09-27 10:34:40.0450|1|INFO|Microsoft.AspNetCore.Hosting.Internal.WebHost|Request starting HTTP/1.1 GET http://localhost:4350/swagger/index.html   |url: http://localhost/swagger/index.html|action: 
2019-09-27 10:34:40.0476|2|INFO|Microsoft.AspNetCore.Hosting.Internal.WebHost|Request finished in 122.7413ms 302  |url: http://localhost/swagger|action: 
2019-09-27 10:34:40.1034|2|INFO|Microsoft.AspNetCore.Hosting.Internal.WebHost|Request finished in 58.4396ms 200 text/html; charset=utf-8 |url: http://localhost/swagger/index.html|action: 
2019-09-27 10:34:40.2320|1|INFO|Microsoft.AspNetCore.Hosting.Internal.WebHost|Request starting HTTP/1.1 GET http://localhost:4350/swagger/v1/swagger.json   |url: http://localhost/swagger/v1/swagger.json|action: 
2019-09-27 10:34:40.7641|2|INFO|Microsoft.AspNetCore.Hosting.Internal.WebHost|Request finished in 532.0819ms 200 application/json; charset=utf-8 |url: http://localhost/swagger/v1/swagger.json|action: 
2019-09-27 10:34:54.7854|1|INFO|Microsoft.AspNetCore.Hosting.Internal.WebHost|Request starting HTTP/1.1 GET http://localhost:4350/api/LiuPengLocation/ListAllLocationsByRegionId?regionId=100110   |url: http://localhost/api/LiuPengLocation/ListAllLocationsByRegionId|action: 
2019-09-27 10:34:54.8317|0|INFO|Microsoft.AspNetCore.Routing.EndpointMiddleware|Executing endpoint 'BHG.Platform.DemoServer.Controllers.LiuPengLocationController.ListAllLocationsByRegionId (BHG.Platform.DemoServer)' |url: http://localhost/api/LiuPengLocation/ListAllLocationsByRegionId|action: ListAllLocationsByRegionId
2019-09-27 10:34:54.8551|3|INFO|Microsoft.AspNetCore.Mvc.Internal.ControllerActionInvoker|Route matched with {action = "ListAllLocationsByRegionId", controller = "LiuPengLocation", page = ""}. Executing controller action with signature Microsoft.AspNetCore.Mvc.IActionResult ListAllLocationsByRegionId(Int32) on controller BHG.Platform.DemoServer.Controllers.LiuPengLocationController (BHG.Platform.DemoServer). |url: http://localhost/api/LiuPengLocation/ListAllLocationsByRegionId|action: ListAllLocationsByRegionId
2019-09-27 10:34:54.8666|2|INFO|Microsoft.AspNetCore.Authorization.DefaultAuthorizationService|Authorization failed. |url: http://localhost/api/LiuPengLocation/ListAllLocationsByRegionId|action: ListAllLocationsByRegionId
2019-09-27 10:34:54.8666|3|INFO|Microsoft.AspNetCore.Mvc.Internal.ControllerActionInvoker|Authorization failed for the request at filter 'Microsoft.AspNetCore.Mvc.Authorization.AuthorizeFilter'. |url: http://localhost/api/LiuPengLocation/ListAllLocationsByRegionId|action: ListAllLocationsByRegionId
2019-09-27 10:34:54.8666|1|INFO|Microsoft.AspNetCore.Mvc.ChallengeResult|Executing ChallengeResult with authentication schemes (). |url: http://localhost/api/LiuPengLocation/ListAllLocationsByRegionId|action: ListAllLocationsByRegionId
2019-09-27 10:34:54.8764|12|INFO|Microsoft.AspNetCore.Authentication.JwtBearer.JwtBearerHandler|AuthenticationScheme: Bearer was challenged. |url: http://localhost/api/LiuPengLocation/ListAllLocationsByRegionId|action: ListAllLocationsByRegionId
2019-09-27 10:34:54.8764|2|INFO|Microsoft.AspNetCore.Mvc.Internal.ControllerActionInvoker|Executed action BHG.Platform.DemoServer.Controllers.LiuPengLocationController.ListAllLocationsByRegionId (BHG.Platform.DemoServer) in 21.4564ms |url: http://localhost/api/LiuPengLocation/ListAllLocationsByRegionId|action: ListAllLocationsByRegionId
2019-09-27 10:34:54.8764|1|INFO|Microsoft.AspNetCore.Routing.EndpointMiddleware|Executed endpoint 'BHG.Platform.DemoServer.Controllers.LiuPengLocationController.ListAllLocationsByRegionId (BHG.Platform.DemoServer)' |url: http://localhost/api/LiuPengLocation/ListAllLocationsByRegionId|action: ListAllLocationsByRegionId
2019-09-27 10:34:54.8764|2|INFO|Microsoft.AspNetCore.Hosting.Internal.WebHost|Request finished in 95.3462ms 401  |url: http://localhost/api/LiuPengLocation/ListAllLocationsByRegionId|action: ListAllLocationsByRegionId
2019-09-27 10:35:26.0981|1|INFO|Microsoft.AspNetCore.Hosting.Internal.WebHost|Request starting HTTP/1.1 GET http://localhost:4350/api/LiuPengLocation/ListAllLocationsByRegionId?regionId=100110   |url: http://localhost/api/LiuPengLocation/ListAllLocationsByRegionId|action: 
2019-09-27 10:35:26.5500|2|INFO|Microsoft.AspNetCore.Authentication.JwtBearer.JwtBearerHandler|Successfully validated the token. |url: http://localhost/api/LiuPengLocation/ListAllLocationsByRegionId|action: 
2019-09-27 10:35:26.5647|0|INFO|Microsoft.AspNetCore.Routing.EndpointMiddleware|Executing endpoint 'BHG.Platform.DemoServer.Controllers.LiuPengLocationController.ListAllLocationsByRegionId (BHG.Platform.DemoServer)' |url: http://localhost/api/LiuPengLocation/ListAllLocationsByRegionId|action: ListAllLocationsByRegionId
2019-09-27 10:35:26.5647|3|INFO|Microsoft.AspNetCore.Mvc.Internal.ControllerActionInvoker|Route matched with {action = "ListAllLocationsByRegionId", controller = "LiuPengLocation", page = ""}. Executing controller action with signature Microsoft.AspNetCore.Mvc.IActionResult ListAllLocationsByRegionId(Int32) on controller BHG.Platform.DemoServer.Controllers.LiuPengLocationController (BHG.Platform.DemoServer). |url: http://localhost/api/LiuPengLocation/ListAllLocationsByRegionId|action: ListAllLocationsByRegionId
2019-09-27 10:35:26.5647|1|INFO|Microsoft.AspNetCore.Authorization.DefaultAuthorizationService|Authorization was successful. |url: http://localhost/api/LiuPengLocation/ListAllLocationsByRegionId|action: ListAllLocationsByRegionId
2019-09-27 10:35:26.7972|1|INFO|Microsoft.AspNetCore.Mvc.Internal.ControllerActionInvoker|Executing action method BHG.Platform.DemoServer.Controllers.LiuPengLocationController.ListAllLocationsByRegionId (BHG.Platform.DemoServer) - Validation state: Valid |url: http://localhost/api/LiuPengLocation/ListAllLocationsByRegionId|action: ListAllLocationsByRegionId
2019-09-27 10:35:27.0570|10403|INFO|Microsoft.EntityFrameworkCore.Infrastructure|Entity Framework Core 2.2.6-servicing-10079 initialized 'AppDbContext' using provider 'Pomelo.EntityFrameworkCore.MySql' with options: None |url: http://localhost/api/LiuPengLocation/ListAllLocationsByRegionId|action: ListAllLocationsByRegionId
2019-09-27 10:35:27.5009|20101|INFO|Microsoft.EntityFrameworkCore.Database.Command|Executed DbCommand (67ms) [Parameters=[@__regionId_0='?' (DbType = Int32)], CommandType='Text', CommandTimeout='30']
SELECT `a`.`Id`, `a`.`Address`, `a`.`ContactName`, `a`.`ContactPhone`, `a`.`LiuPengDistrictId`, `a`.`ManagerName`, `a`.`ManagerPhone`, `a`.`Name`, `a`.`PhysicalId`, `a`.`Printer`, `a`.`Type`
FROM `LiuPengLocations` AS `a`
INNER JOIN `LiuPengDistricts` AS `b` ON `a`.`LiuPengDistrictId` = `b`.`Id`
WHERE `b`.`LiuPengRegionId` = @__regionId_0 |url: http://localhost/api/LiuPengLocation/ListAllLocationsByRegionId|action: ListAllLocationsByRegionId
2019-09-27 10:35:27.5716|2|INFO|Microsoft.AspNetCore.Mvc.Internal.ControllerActionInvoker|Executed action method BHG.Platform.DemoServer.Controllers.LiuPengLocationController.ListAllLocationsByRegionId (BHG.Platform.DemoServer), returned result Microsoft.AspNetCore.Mvc.OkObjectResult in 771.7207ms. |url: http://localhost/api/LiuPengLocation/ListAllLocationsByRegionId|action: ListAllLocationsByRegionId
2019-09-27 10:35:27.5787|1|INFO|Microsoft.AspNetCore.Mvc.Infrastructure.ObjectResultExecutor|Executing ObjectResult, writing value of type '<>f__AnonymousType0`3[[System.Int32, System.Private.CoreLib, Version=4.0.0.0, Culture=neutral, PublicKeyToken=7cec85d7bea7798e],[System.String, System.Private.CoreLib, Version=4.0.0.0, Culture=neutral, PublicKeyToken=7cec85d7bea7798e],[System.Collections.Generic.List`1[[BHG.Platform.DemoServer.Data.Entities.LiuPengLocation, BHG.Platform.DemoServer, Version=1.0.0.0, Culture=neutral, PublicKeyToken=null]], System.Private.CoreLib, Version=4.0.0.0, Culture=neutral, PublicKeyToken=7cec85d7bea7798e]]'. |url: http://localhost/api/LiuPengLocation/ListAllLocationsByRegionId|action: ListAllLocationsByRegionId
2019-09-27 10:35:27.5787|2|INFO|Microsoft.AspNetCore.Mvc.Internal.ControllerActionInvoker|Executed action BHG.Platform.DemoServer.Controllers.LiuPengLocationController.ListAllLocationsByRegionId (BHG.Platform.DemoServer) in 1019.0031ms |url: http://localhost/api/LiuPengLocation/ListAllLocationsByRegionId|action: ListAllLocationsByRegionId
2019-09-27 10:35:27.5787|1|INFO|Microsoft.AspNetCore.Routing.EndpointMiddleware|Executed endpoint 'BHG.Platform.DemoServer.Controllers.LiuPengLocationController.ListAllLocationsByRegionId (BHG.Platform.DemoServer)' |url: http://localhost/api/LiuPengLocation/ListAllLocationsByRegionId|action: ListAllLocationsByRegionId
2019-09-27 10:35:27.5945|2|INFO|Microsoft.AspNetCore.Hosting.Internal.WebHost|Request finished in 1496.3652ms 200 application/json; charset=utf-8 |url: http://localhost/api/LiuPengLocation/ListAllLocationsByRegionId|action: ListAllLocationsByRegionId
2019-09-27 10:35:41.3848|1|INFO|Microsoft.AspNetCore.Hosting.Internal.WebHost|Request starting HTTP/1.1 GET http://localhost:4350/api/LiuPengLocation/ListAllStores   |url: http://localhost/api/LiuPengLocation/ListAllStores|action: 
2019-09-27 10:35:41.3848|2|INFO|Microsoft.AspNetCore.Authentication.JwtBearer.JwtBearerHandler|Successfully validated the token. |url: http://localhost/api/LiuPengLocation/ListAllStores|action: 
2019-09-27 10:35:41.3890|0|INFO|Microsoft.AspNetCore.Routing.EndpointMiddleware|Executing endpoint 'BHG.Platform.DemoServer.Controllers.LiuPengLocationController.ListAllStores (BHG.Platform.DemoServer)' |url: http://localhost/api/LiuPengLocation/ListAllStores|action: ListAllStores
2019-09-27 10:35:41.3890|3|INFO|Microsoft.AspNetCore.Mvc.Internal.ControllerActionInvoker|Route matched with {action = "ListAllStores", controller = "LiuPengLocation", page = ""}. Executing controller action with signature Microsoft.AspNetCore.Mvc.IActionResult ListAllStores() on controller BHG.Platform.DemoServer.Controllers.LiuPengLocationController (BHG.Platform.DemoServer). |url: http://localhost/api/LiuPengLocation/ListAllStores|action: ListAllStores
2019-09-27 10:35:41.3890|1|INFO|Microsoft.AspNetCore.Authorization.DefaultAuthorizationService|Authorization was successful. |url: http://localhost/api/LiuPengLocation/ListAllStores|action: ListAllStores
2019-09-27 10:35:41.4286|1|INFO|Microsoft.AspNetCore.Mvc.Internal.ControllerActionInvoker|Executing action method BHG.Platform.DemoServer.Controllers.LiuPengLocationController.ListAllStores (BHG.Platform.DemoServer) - Validation state: Valid |url: http://localhost/api/LiuPengLocation/ListAllStores|action: ListAllStores
2019-09-27 10:35:41.4367|10403|INFO|Microsoft.EntityFrameworkCore.Infrastructure|Entity Framework Core 2.2.6-servicing-10079 initialized 'AppDbContext' using provider 'Pomelo.EntityFrameworkCore.MySql' with options: None |url: http://localhost/api/LiuPengLocation/ListAllStores|action: ListAllStores
2019-09-27 10:35:41.5542|20101|INFO|Microsoft.EntityFrameworkCore.Database.Command|Executed DbCommand (34ms) [Parameters=[], CommandType='Text', CommandTimeout='30']
SELECT `c`.`Id`, `c`.`Address`, `c`.`ContactName`, `c`.`ContactPhone`, `c`.`LiuPengDistrictId`, `c`.`ManagerName`, `c`.`ManagerPhone`, `c`.`Name`, `c`.`PhysicalId`, `c`.`Printer`, `c`.`Type`
FROM `LiuPengLocations` AS `c`
ORDER BY `c`.`Id` |url: http://localhost/api/LiuPengLocation/ListAllStores|action: ListAllStores
2019-09-27 10:35:41.6056|2|INFO|Microsoft.AspNetCore.Mvc.Internal.ControllerActionInvoker|Executed action method BHG.Platform.DemoServer.Controllers.LiuPengLocationController.ListAllStores (BHG.Platform.DemoServer), returned result Microsoft.AspNetCore.Mvc.OkObjectResult in 176.586ms. |url: http://localhost/api/LiuPengLocation/ListAllStores|action: ListAllStores
2019-09-27 10:35:41.6056|1|INFO|Microsoft.AspNetCore.Mvc.Infrastructure.ObjectResultExecutor|Executing ObjectResult, writing value of type '<>f__AnonymousType0`3[[System.Int32, System.Private.CoreLib, Version=4.0.0.0, Culture=neutral, PublicKeyToken=7cec85d7bea7798e],[System.String, System.Private.CoreLib, Version=4.0.0.0, Culture=neutral, PublicKeyToken=7cec85d7bea7798e],[System.Collections.Generic.List`1[[BHG.Platform.DemoServer.Data.Entities.LiuPengLocation, BHG.Platform.DemoServer, Version=1.0.0.0, Culture=neutral, PublicKeyToken=null]], System.Private.CoreLib, Version=4.0.0.0, Culture=neutral, PublicKeyToken=7cec85d7bea7798e]]'. |url: http://localhost/api/LiuPengLocation/ListAllStores|action: ListAllStores
2019-09-27 10:35:41.6087|2|INFO|Microsoft.AspNetCore.Mvc.Internal.ControllerActionInvoker|Executed action BHG.Platform.DemoServer.Controllers.LiuPengLocationController.ListAllStores (BHG.Platform.DemoServer) in 215.9465ms |url: http://localhost/api/LiuPengLocation/ListAllStores|action: ListAllStores
2019-09-27 10:35:41.6087|1|INFO|Microsoft.AspNetCore.Routing.EndpointMiddleware|Executed endpoint 'BHG.Platform.DemoServer.Controllers.LiuPengLocationController.ListAllStores (BHG.Platform.DemoServer)' |url: http://localhost/api/LiuPengLocation/ListAllStores|action: ListAllStores
2019-09-27 10:35:41.6087|2|INFO|Microsoft.AspNetCore.Hosting.Internal.WebHost|Request finished in 224.7133ms 200 application/json; charset=utf-8 |url: http://localhost/api/LiuPengLocation/ListAllStores|action: ListAllStores
2019-09-27 10:35:58.1361|1|INFO|Microsoft.AspNetCore.Hosting.Internal.WebHost|Request starting HTTP/1.1 GET http://localhost:4350/api/LiuPengLocation/GetLiuPengLocationById?id=100001   |url: http://localhost/api/LiuPengLocation/GetLiuPengLocationById|action: 
2019-09-27 10:35:58.1361|2|INFO|Microsoft.AspNetCore.Authentication.JwtBearer.JwtBearerHandler|Successfully validated the token. |url: http://localhost/api/LiuPengLocation/GetLiuPengLocationById|action: 
2019-09-27 10:35:58.1361|0|INFO|Microsoft.AspNetCore.Routing.EndpointMiddleware|Executing endpoint 'BHG.Platform.DemoServer.Controllers.LiuPengLocationController.GetLiuPengLocationById (BHG.Platform.DemoServer)' |url: http://localhost/api/LiuPengLocation/GetLiuPengLocationById|action: GetLiuPengLocationById
2019-09-27 10:35:58.1515|3|INFO|Microsoft.AspNetCore.Mvc.Internal.ControllerActionInvoker|Route matched with {action = "GetLiuPengLocationById", controller = "LiuPengLocation", page = ""}. Executing controller action with signature Microsoft.AspNetCore.Mvc.IActionResult GetLiuPengLocationById(Int32) on controller BHG.Platform.DemoServer.Controllers.LiuPengLocationController (BHG.Platform.DemoServer). |url: http://localhost/api/LiuPengLocation/GetLiuPengLocationById|action: GetLiuPengLocationById
2019-09-27 10:35:58.1515|1|INFO|Microsoft.AspNetCore.Authorization.DefaultAuthorizationService|Authorization was successful. |url: http://localhost/api/LiuPengLocation/GetLiuPengLocationById|action: GetLiuPengLocationById
2019-09-27 10:35:58.1731|1|INFO|Microsoft.AspNetCore.Mvc.Internal.ControllerActionInvoker|Executing action method BHG.Platform.DemoServer.Controllers.LiuPengLocationController.GetLiuPengLocationById (BHG.Platform.DemoServer) - Validation state: Valid |url: http://localhost/api/LiuPengLocation/GetLiuPengLocationById|action: GetLiuPengLocationById
2019-09-27 10:35:58.1731|10403|INFO|Microsoft.EntityFrameworkCore.Infrastructure|Entity Framework Core 2.2.6-servicing-10079 initialized 'AppDbContext' using provider 'Pomelo.EntityFrameworkCore.MySql' with options: None |url: http://localhost/api/LiuPengLocation/GetLiuPengLocationById|action: GetLiuPengLocationById
2019-09-27 10:35:58.2846|20101|INFO|Microsoft.EntityFrameworkCore.Database.Command|Executed DbCommand (33ms) [Parameters=[@__id_0='?' (DbType = Int32)], CommandType='Text', CommandTimeout='30']
SELECT `z`.`Id`, `z`.`Address`, `z`.`ContactName`, `z`.`ContactPhone`, `z`.`LiuPengDistrictId`, `z`.`ManagerName`, `z`.`ManagerPhone`, `z`.`Name`, `z`.`PhysicalId`, `z`.`Printer`, `z`.`Type`
FROM `LiuPengLocations` AS `z`
WHERE `z`.`Id` = @__id_0
LIMIT 1 |url: http://localhost/api/LiuPengLocation/GetLiuPengLocationById|action: GetLiuPengLocationById
2019-09-27 10:35:58.2846|2|INFO|Microsoft.AspNetCore.Mvc.Internal.ControllerActionInvoker|Executed action method BHG.Platform.DemoServer.Controllers.LiuPengLocationController.GetLiuPengLocationById (BHG.Platform.DemoServer), returned result Microsoft.AspNetCore.Mvc.OkObjectResult in 111.7946ms. |url: http://localhost/api/LiuPengLocation/GetLiuPengLocationById|action: GetLiuPengLocationById
2019-09-27 10:35:58.2846|1|INFO|Microsoft.AspNetCore.Mvc.Infrastructure.ObjectResultExecutor|Executing ObjectResult, writing value of type '<>f__AnonymousType0`3[[System.Int32, System.Private.CoreLib, Version=4.0.0.0, Culture=neutral, PublicKeyToken=7cec85d7bea7798e],[System.String, System.Private.CoreLib, Version=4.0.0.0, Culture=neutral, PublicKeyToken=7cec85d7bea7798e],[BHG.Platform.DemoServer.Data.Entities.LiuPengLocation, BHG.Platform.DemoServer, Version=1.0.0.0, Culture=neutral, PublicKeyToken=null]]'. |url: http://localhost/api/LiuPengLocation/GetLiuPengLocationById|action: GetLiuPengLocationById
2019-09-27 10:35:58.2846|2|INFO|Microsoft.AspNetCore.Mvc.Internal.ControllerActionInvoker|Executed action BHG.Platform.DemoServer.Controllers.LiuPengLocationController.GetLiuPengLocationById (BHG.Platform.DemoServer) in 135.756ms |url: http://localhost/api/LiuPengLocation/GetLiuPengLocationById|action: GetLiuPengLocationById
2019-09-27 10:35:58.2846|1|INFO|Microsoft.AspNetCore.Routing.EndpointMiddleware|Executed endpoint 'BHG.Platform.DemoServer.Controllers.LiuPengLocationController.GetLiuPengLocationById (BHG.Platform.DemoServer)' |url: http://localhost/api/LiuPengLocation/GetLiuPengLocationById|action: GetLiuPengLocationById
2019-09-27 10:35:58.2846|2|INFO|Microsoft.AspNetCore.Hosting.Internal.WebHost|Request finished in 152.6112ms 200 application/json; charset=utf-8 |url: http://localhost/api/LiuPengLocation/GetLiuPengLocationById|action: GetLiuPengLocationById
2019-09-27 10:36:56.5269|1|INFO|Microsoft.AspNetCore.Hosting.Internal.WebHost|Request starting HTTP/1.1 GET http://localhost:4350/api/LiuPengDistrict/GetLiuPengDistrictById?id=100110001   |url: http://localhost/api/LiuPengDistrict/GetLiuPengDistrictById|action: 
2019-09-27 10:36:56.5367|2|INFO|Microsoft.AspNetCore.Authentication.JwtBearer.JwtBearerHandler|Successfully validated the token. |url: http://localhost/api/LiuPengDistrict/GetLiuPengDistrictById|action: 
2019-09-27 10:36:56.5489|0|INFO|Microsoft.AspNetCore.Routing.EndpointMiddleware|Executing endpoint 'BHG.Platform.DemoServer.Controllers.LiuPengDistrictController.GetLiuPengDistrictById (BHG.Platform.DemoServer)' |url: http://localhost/api/LiuPengDistrict/GetLiuPengDistrictById|action: GetLiuPengDistrictById
2019-09-27 10:36:56.5489|3|INFO|Microsoft.AspNetCore.Mvc.Internal.ControllerActionInvoker|Route matched with {action = "GetLiuPengDistrictById", controller = "LiuPengDistrict", page = ""}. Executing controller action with signature Microsoft.AspNetCore.Mvc.IActionResult GetLiuPengDistrictById(Int32) on controller BHG.Platform.DemoServer.Controllers.LiuPengDistrictController (BHG.Platform.DemoServer). |url: http://localhost/api/LiuPengDistrict/GetLiuPengDistrictById|action: GetLiuPengDistrictById
2019-09-27 10:36:56.5489|1|INFO|Microsoft.AspNetCore.Authorization.DefaultAuthorizationService|Authorization was successful. |url: http://localhost/api/LiuPengDistrict/GetLiuPengDistrictById|action: GetLiuPengDistrictById
2019-09-27 10:36:56.5704|1|INFO|Microsoft.AspNetCore.Mvc.Internal.ControllerActionInvoker|Executing action method BHG.Platform.DemoServer.Controllers.LiuPengDistrictController.GetLiuPengDistrictById (BHG.Platform.DemoServer) - Validation state: Valid |url: http://localhost/api/LiuPengDistrict/GetLiuPengDistrictById|action: GetLiuPengDistrictById
2019-09-27 10:36:56.5704|10403|INFO|Microsoft.EntityFrameworkCore.Infrastructure|Entity Framework Core 2.2.6-servicing-10079 initialized 'AppDbContext' using provider 'Pomelo.EntityFrameworkCore.MySql' with options: None |url: http://localhost/api/LiuPengDistrict/GetLiuPengDistrictById|action: GetLiuPengDistrictById
2019-09-27 10:36:56.6786|20101|INFO|Microsoft.EntityFrameworkCore.Database.Command|Executed DbCommand (32ms) [Parameters=[@__id_0='?' (DbType = Int32)], CommandType='Text', CommandTimeout='30']
SELECT `z`.`Id`, `z`.`LiuPengRegionId`, `z`.`Name`
FROM `LiuPengDistricts` AS `z`
WHERE `z`.`Id` = @__id_0
LIMIT 1 |url: http://localhost/api/LiuPengDistrict/GetLiuPengDistrictById|action: GetLiuPengDistrictById
2019-09-27 10:36:56.6786|2|INFO|Microsoft.AspNetCore.Mvc.Internal.ControllerActionInvoker|Executed action method BHG.Platform.DemoServer.Controllers.LiuPengDistrictController.GetLiuPengDistrictById (BHG.Platform.DemoServer), returned result Microsoft.AspNetCore.Mvc.OkObjectResult in 114.6239ms. |url: http://localhost/api/LiuPengDistrict/GetLiuPengDistrictById|action: GetLiuPengDistrictById
2019-09-27 10:36:56.6861|1|INFO|Microsoft.AspNetCore.Mvc.Infrastructure.ObjectResultExecutor|Executing ObjectResult, writing value of type '<>f__AnonymousType0`3[[System.Int32, System.Private.CoreLib, Version=4.0.0.0, Culture=neutral, PublicKeyToken=7cec85d7bea7798e],[System.String, System.Private.CoreLib, Version=4.0.0.0, Culture=neutral, PublicKeyToken=7cec85d7bea7798e],[BHG.Platform.DemoServer.Data.Entities.LiuPengDistrict, BHG.Platform.DemoServer, Version=1.0.0.0, Culture=neutral, PublicKeyToken=null]]'. |url: http://localhost/api/LiuPengDistrict/GetLiuPengDistrictById|action: GetLiuPengDistrictById
2019-09-27 10:36:56.6861|2|INFO|Microsoft.AspNetCore.Mvc.Internal.ControllerActionInvoker|Executed action BHG.Platform.DemoServer.Controllers.LiuPengDistrictController.GetLiuPengDistrictById (BHG.Platform.DemoServer) in 139.4397ms |url: http://localhost/api/LiuPengDistrict/GetLiuPengDistrictById|action: GetLiuPengDistrictById
2019-09-27 10:36:56.6861|1|INFO|Microsoft.AspNetCore.Routing.EndpointMiddleware|Executed endpoint 'BHG.Platform.DemoServer.Controllers.LiuPengDistrictController.GetLiuPengDistrictById (BHG.Platform.DemoServer)' |url: http://localhost/api/LiuPengDistrict/GetLiuPengDistrictById|action: GetLiuPengDistrictById
2019-09-27 10:36:56.6861|2|INFO|Microsoft.AspNetCore.Hosting.Internal.WebHost|Request finished in 164.4841ms 200 application/json; charset=utf-8 |url: http://localhost/api/LiuPengDistrict/GetLiuPengDistrictById|action: GetLiuPengDistrictById
2019-09-27 10:37:44.2305|1|INFO|Microsoft.AspNetCore.Hosting.Internal.WebHost|Request starting HTTP/1.1 GET http://localhost:4350/api/LiuPengDistrict/GetDistrictWithLocaitonsById?id=100110001   |url: http://localhost/api/LiuPengDistrict/GetDistrictWithLocaitonsById|action: 
2019-09-27 10:37:44.2337|2|INFO|Microsoft.AspNetCore.Authentication.JwtBearer.JwtBearerHandler|Successfully validated the token. |url: http://localhost/api/LiuPengDistrict/GetDistrictWithLocaitonsById|action: 
2019-09-27 10:37:44.2337|0|INFO|Microsoft.AspNetCore.Routing.EndpointMiddleware|Executing endpoint 'BHG.Platform.DemoServer.Controllers.LiuPengDistrictController.GetDistrictWithLocaitonsById (BHG.Platform.DemoServer)' |url: http://localhost/api/LiuPengDistrict/GetDistrictWithLocaitonsById|action: GetDistrictWithLocaitonsById
2019-09-27 10:37:44.2491|3|INFO|Microsoft.AspNetCore.Mvc.Internal.ControllerActionInvoker|Route matched with {action = "GetDistrictWithLocaitonsById", controller = "LiuPengDistrict", page = ""}. Executing controller action with signature Microsoft.AspNetCore.Mvc.IActionResult GetDistrictWithLocaitonsById(Int32) on controller BHG.Platform.DemoServer.Controllers.LiuPengDistrictController (BHG.Platform.DemoServer). |url: http://localhost/api/LiuPengDistrict/GetDistrictWithLocaitonsById|action: GetDistrictWithLocaitonsById
2019-09-27 10:37:44.2491|1|INFO|Microsoft.AspNetCore.Authorization.DefaultAuthorizationService|Authorization was successful. |url: http://localhost/api/LiuPengDistrict/GetDistrictWithLocaitonsById|action: GetDistrictWithLocaitonsById
2019-09-27 10:37:44.2767|1|INFO|Microsoft.AspNetCore.Mvc.Internal.ControllerActionInvoker|Executing action method BHG.Platform.DemoServer.Controllers.LiuPengDistrictController.GetDistrictWithLocaitonsById (BHG.Platform.DemoServer) - Validation state: Valid |url: http://localhost/api/LiuPengDistrict/GetDistrictWithLocaitonsById|action: GetDistrictWithLocaitonsById
2019-09-27 10:37:44.2767|10403|INFO|Microsoft.EntityFrameworkCore.Infrastructure|Entity Framework Core 2.2.6-servicing-10079 initialized 'AppDbContext' using provider 'Pomelo.EntityFrameworkCore.MySql' with options: None |url: http://localhost/api/LiuPengDistrict/GetDistrictWithLocaitonsById|action: GetDistrictWithLocaitonsById
2019-09-27 10:37:44.4126|20101|INFO|Microsoft.EntityFrameworkCore.Database.Command|Executed DbCommand (32ms) [Parameters=[@__id_0='?' (DbType = Int32)], CommandType='Text', CommandTimeout='30']
SELECT `z`.`Id`, `z`.`LiuPengRegionId`, `z`.`Name`
FROM `LiuPengDistricts` AS `z`
WHERE `z`.`Id` = @__id_0
ORDER BY `z`.`Id`
LIMIT 1 |url: http://localhost/api/LiuPengDistrict/GetDistrictWithLocaitonsById|action: GetDistrictWithLocaitonsById
2019-09-27 10:37:44.4553|20101|INFO|Microsoft.EntityFrameworkCore.Database.Command|Executed DbCommand (38ms) [Parameters=[@__id_0='?' (DbType = Int32)], CommandType='Text', CommandTimeout='30']
SELECT `z.LiuPengLocations`.`Id`, `z.LiuPengLocations`.`Address`, `z.LiuPengLocations`.`ContactName`, `z.LiuPengLocations`.`ContactPhone`, `z.LiuPengLocations`.`LiuPengDistrictId`, `z.LiuPengLocations`.`ManagerName`, `z.LiuPengLocations`.`ManagerPhone`, `z.LiuPengLocations`.`Name`, `z.LiuPengLocations`.`PhysicalId`, `z.LiuPengLocations`.`Printer`, `z.LiuPengLocations`.`Type`
FROM `LiuPengLocations` AS `z.LiuPengLocations`
INNER JOIN (
    SELECT `z0`.`Id`
    FROM `LiuPengDistricts` AS `z0`
    WHERE `z0`.`Id` = @__id_0
    ORDER BY `z0`.`Id`
    LIMIT 1
) AS `t` ON `z.LiuPengLocations`.`LiuPengDistrictId` = `t`.`Id`
ORDER BY `t`.`Id` |url: http://localhost/api/LiuPengDistrict/GetDistrictWithLocaitonsById|action: GetDistrictWithLocaitonsById
2019-09-27 10:37:44.4553|2|INFO|Microsoft.AspNetCore.Mvc.Internal.ControllerActionInvoker|Executed action method BHG.Platform.DemoServer.Controllers.LiuPengDistrictController.GetDistrictWithLocaitonsById (BHG.Platform.DemoServer), returned result Microsoft.AspNetCore.Mvc.OkObjectResult in 182.3134ms. |url: http://localhost/api/LiuPengDistrict/GetDistrictWithLocaitonsById|action: GetDistrictWithLocaitonsById
2019-09-27 10:37:44.4553|1|INFO|Microsoft.AspNetCore.Mvc.Infrastructure.ObjectResultExecutor|Executing ObjectResult, writing value of type '<>f__AnonymousType0`3[[System.Int32, System.Private.CoreLib, Version=4.0.0.0, Culture=neutral, PublicKeyToken=7cec85d7bea7798e],[System.String, System.Private.CoreLib, Version=4.0.0.0, Culture=neutral, PublicKeyToken=7cec85d7bea7798e],[BHG.Platform.DemoServer.Data.Entities.LiuPengDistrict, BHG.Platform.DemoServer, Version=1.0.0.0, Culture=neutral, PublicKeyToken=null]]'. |url: http://localhost/api/LiuPengDistrict/GetDistrictWithLocaitonsById|action: GetDistrictWithLocaitonsById
2019-09-27 10:37:44.4553|2|INFO|Microsoft.AspNetCore.Mvc.Internal.ControllerActionInvoker|Executed action BHG.Platform.DemoServer.Controllers.LiuPengDistrictController.GetDistrictWithLocaitonsById (BHG.Platform.DemoServer) in 212.0507ms |url: http://localhost/api/LiuPengDistrict/GetDistrictWithLocaitonsById|action: GetDistrictWithLocaitonsById
2019-09-27 10:37:44.4553|1|INFO|Microsoft.AspNetCore.Routing.EndpointMiddleware|Executed endpoint 'BHG.Platform.DemoServer.Controllers.LiuPengDistrictController.GetDistrictWithLocaitonsById (BHG.Platform.DemoServer)' |url: http://localhost/api/LiuPengDistrict/GetDistrictWithLocaitonsById|action: GetDistrictWithLocaitonsById
2019-09-27 10:37:44.4553|2|INFO|Microsoft.AspNetCore.Hosting.Internal.WebHost|Request finished in 232.0231ms 200 application/json; charset=utf-8 |url: http://localhost/api/LiuPengDistrict/GetDistrictWithLocaitonsById|action: GetDistrictWithLocaitonsById
2019-09-27 11:00:30.8416||INFO|Microsoft.AspNetCore.DataProtection.KeyManagement.XmlKeyManager|User profile is available. Using 'C:\Users\njit\AppData\Local\ASP.NET\DataProtection-Keys' as key repository and Windows DPAPI to encrypt keys at rest. |url: |action: 
2019-09-27 11:00:31.2945|1|INFO|Microsoft.AspNetCore.Hosting.Internal.WebHost|Request starting HTTP/1.1 GET http://localhost:4350/swagger   |url: http://localhost/swagger|action: 
2019-09-27 11:00:31.3108|3|WARN|Microsoft.AspNetCore.HttpsPolicy.HttpsRedirectionMiddleware|Failed to determine the https port for redirect. |url: http://localhost/swagger|action: 
2019-09-27 11:00:31.4141|1|INFO|Microsoft.AspNetCore.Hosting.Internal.WebHost|Request starting HTTP/1.1 GET http://localhost:4350/swagger/index.html   |url: http://localhost/swagger/index.html|action: 
2019-09-27 11:00:31.4141|2|INFO|Microsoft.AspNetCore.Hosting.Internal.WebHost|Request finished in 122.75ms 302  |url: http://localhost/swagger|action: 
2019-09-27 11:00:31.4815|2|INFO|Microsoft.AspNetCore.Hosting.Internal.WebHost|Request finished in 67.4103ms 200 text/html; charset=utf-8 |url: http://localhost/swagger/index.html|action: 
2019-09-27 11:00:31.7045|1|INFO|Microsoft.AspNetCore.Hosting.Internal.WebHost|Request starting HTTP/1.1 GET http://localhost:4350/swagger/v1/swagger.json   |url: http://localhost/swagger/v1/swagger.json|action: 
2019-09-27 11:00:32.4335|2|INFO|Microsoft.AspNetCore.Hosting.Internal.WebHost|Request finished in 729.0935ms 200 application/json; charset=utf-8 |url: http://localhost/swagger/v1/swagger.json|action: 
2019-09-27 11:01:06.4410|1|INFO|Microsoft.AspNetCore.Hosting.Internal.WebHost|Request starting HTTP/1.1 GET http://localhost:4350/api/LiuPengLocation/ListAllLocationsByRegionId?regionId=100110   |url: http://localhost/api/LiuPengLocation/ListAllLocationsByRegionId|action: 
2019-09-27 11:01:06.9054|2|INFO|Microsoft.AspNetCore.Authentication.JwtBearer.JwtBearerHandler|Successfully validated the token. |url: http://localhost/api/LiuPengLocation/ListAllLocationsByRegionId|action: 
2019-09-27 11:01:06.9677|0|INFO|Microsoft.AspNetCore.Routing.EndpointMiddleware|Executing endpoint 'BHG.Platform.DemoServer.Controllers.LiuPengLocationController.ListAllLocationsByRegionId (BHG.Platform.DemoServer)' |url: http://localhost/api/LiuPengLocation/ListAllLocationsByRegionId|action: ListAllLocationsByRegionId
2019-09-27 11:01:06.9885|3|INFO|Microsoft.AspNetCore.Mvc.Internal.ControllerActionInvoker|Route matched with {action = "ListAllLocationsByRegionId", controller = "LiuPengLocation", page = ""}. Executing controller action with signature Microsoft.AspNetCore.Mvc.IActionResult ListAllLocationsByRegionId(Int32) on controller BHG.Platform.DemoServer.Controllers.LiuPengLocationController (BHG.Platform.DemoServer). |url: http://localhost/api/LiuPengLocation/ListAllLocationsByRegionId|action: ListAllLocationsByRegionId
2019-09-27 11:01:06.9981|1|INFO|Microsoft.AspNetCore.Authorization.DefaultAuthorizationService|Authorization was successful. |url: http://localhost/api/LiuPengLocation/ListAllLocationsByRegionId|action: ListAllLocationsByRegionId
2019-09-27 11:01:07.2288|1|INFO|Microsoft.AspNetCore.Mvc.Internal.ControllerActionInvoker|Executing action method BHG.Platform.DemoServer.Controllers.LiuPengLocationController.ListAllLocationsByRegionId (BHG.Platform.DemoServer) - Validation state: Valid |url: http://localhost/api/LiuPengLocation/ListAllLocationsByRegionId|action: ListAllLocationsByRegionId
2019-09-27 11:01:07.4947|10403|INFO|Microsoft.EntityFrameworkCore.Infrastructure|Entity Framework Core 2.2.6-servicing-10079 initialized 'AppDbContext' using provider 'Pomelo.EntityFrameworkCore.MySql' with options: None |url: http://localhost/api/LiuPengLocation/ListAllLocationsByRegionId|action: ListAllLocationsByRegionId
2019-09-27 11:01:07.9392|20101|INFO|Microsoft.EntityFrameworkCore.Database.Command|Executed DbCommand (68ms) [Parameters=[@__regionId_0='?' (DbType = Int32)], CommandType='Text', CommandTimeout='30']
SELECT `a`.`Id`, `a`.`Address`, `a`.`ContactName`, `a`.`ContactPhone`, `a`.`LiuPengDistrictId`, `a`.`ManagerName`, `a`.`ManagerPhone`, `a`.`Name`, `a`.`PhysicalId`, `a`.`Printer`, `a`.`Type`
FROM `LiuPengLocations` AS `a`
INNER JOIN `LiuPengDistricts` AS `b` ON `a`.`LiuPengDistrictId` = `b`.`Id`
WHERE `b`.`LiuPengRegionId` = @__regionId_0 |url: http://localhost/api/LiuPengLocation/ListAllLocationsByRegionId|action: ListAllLocationsByRegionId
2019-09-27 11:01:08.0073|2|INFO|Microsoft.AspNetCore.Mvc.Internal.ControllerActionInvoker|Executed action method BHG.Platform.DemoServer.Controllers.LiuPengLocationController.ListAllLocationsByRegionId (BHG.Platform.DemoServer), returned result Microsoft.AspNetCore.Mvc.OkObjectResult in 775.4423ms. |url: http://localhost/api/LiuPengLocation/ListAllLocationsByRegionId|action: ListAllLocationsByRegionId
2019-09-27 11:01:08.0148|1|INFO|Microsoft.AspNetCore.Mvc.Infrastructure.ObjectResultExecutor|Executing ObjectResult, writing value of type '<>f__AnonymousType0`3[[System.Int32, System.Private.CoreLib, Version=4.0.0.0, Culture=neutral, PublicKeyToken=7cec85d7bea7798e],[System.String, System.Private.CoreLib, Version=4.0.0.0, Culture=neutral, PublicKeyToken=7cec85d7bea7798e],[System.Collections.Generic.List`1[[BHG.Platform.DemoServer.Data.Entities.LiuPengLocation, BHG.Platform.DemoServer, Version=1.0.0.0, Culture=neutral, PublicKeyToken=null]], System.Private.CoreLib, Version=4.0.0.0, Culture=neutral, PublicKeyToken=7cec85d7bea7798e]]'. |url: http://localhost/api/LiuPengLocation/ListAllLocationsByRegionId|action: ListAllLocationsByRegionId
2019-09-27 11:01:08.0305|2|INFO|Microsoft.AspNetCore.Mvc.Internal.ControllerActionInvoker|Executed action BHG.Platform.DemoServer.Controllers.LiuPengLocationController.ListAllLocationsByRegionId (BHG.Platform.DemoServer) in 1039.0467ms |url: http://localhost/api/LiuPengLocation/ListAllLocationsByRegionId|action: ListAllLocationsByRegionId
2019-09-27 11:01:08.0305|1|INFO|Microsoft.AspNetCore.Routing.EndpointMiddleware|Executed endpoint 'BHG.Platform.DemoServer.Controllers.LiuPengLocationController.ListAllLocationsByRegionId (BHG.Platform.DemoServer)' |url: http://localhost/api/LiuPengLocation/ListAllLocationsByRegionId|action: ListAllLocationsByRegionId
2019-09-27 11:01:08.0305|2|INFO|Microsoft.AspNetCore.Hosting.Internal.WebHost|Request finished in 1601.3739ms 200 application/json; charset=utf-8 |url: http://localhost/api/LiuPengLocation/ListAllLocationsByRegionId|action: ListAllLocationsByRegionId
2019-09-27 11:01:14.7536|1|INFO|Microsoft.AspNetCore.Hosting.Internal.WebHost|Request starting HTTP/1.1 GET http://localhost:4350/api/LiuPengLocation/ListAllLocationsByRegionId?regionId=100   |url: http://localhost/api/LiuPengLocation/ListAllLocationsByRegionId|action: 
2019-09-27 11:01:14.7536|2|INFO|Microsoft.AspNetCore.Authentication.JwtBearer.JwtBearerHandler|Successfully validated the token. |url: http://localhost/api/LiuPengLocation/ListAllLocationsByRegionId|action: 
2019-09-27 11:01:14.7536|0|INFO|Microsoft.AspNetCore.Routing.EndpointMiddleware|Executing endpoint 'BHG.Platform.DemoServer.Controllers.LiuPengLocationController.ListAllLocationsByRegionId (BHG.Platform.DemoServer)' |url: http://localhost/api/LiuPengLocation/ListAllLocationsByRegionId|action: ListAllLocationsByRegionId
2019-09-27 11:01:14.7536|3|INFO|Microsoft.AspNetCore.Mvc.Internal.ControllerActionInvoker|Route matched with {action = "ListAllLocationsByRegionId", controller = "LiuPengLocation", page = ""}. Executing controller action with signature Microsoft.AspNetCore.Mvc.IActionResult ListAllLocationsByRegionId(Int32) on controller BHG.Platform.DemoServer.Controllers.LiuPengLocationController (BHG.Platform.DemoServer). |url: http://localhost/api/LiuPengLocation/ListAllLocationsByRegionId|action: ListAllLocationsByRegionId
2019-09-27 11:01:14.7536|1|INFO|Microsoft.AspNetCore.Authorization.DefaultAuthorizationService|Authorization was successful. |url: http://localhost/api/LiuPengLocation/ListAllLocationsByRegionId|action: ListAllLocationsByRegionId
2019-09-27 11:01:14.7827|1|INFO|Microsoft.AspNetCore.Mvc.Internal.ControllerActionInvoker|Executing action method BHG.Platform.DemoServer.Controllers.LiuPengLocationController.ListAllLocationsByRegionId (BHG.Platform.DemoServer) - Validation state: Valid |url: http://localhost/api/LiuPengLocation/ListAllLocationsByRegionId|action: ListAllLocationsByRegionId
2019-09-27 11:01:14.7827|10403|INFO|Microsoft.EntityFrameworkCore.Infrastructure|Entity Framework Core 2.2.6-servicing-10079 initialized 'AppDbContext' using provider 'Pomelo.EntityFrameworkCore.MySql' with options: None |url: http://localhost/api/LiuPengLocation/ListAllLocationsByRegionId|action: ListAllLocationsByRegionId
2019-09-27 11:01:14.8914|20101|INFO|Microsoft.EntityFrameworkCore.Database.Command|Executed DbCommand (33ms) [Parameters=[@__regionId_0='?' (DbType = Int32)], CommandType='Text', CommandTimeout='30']
SELECT `a`.`Id`, `a`.`Address`, `a`.`ContactName`, `a`.`ContactPhone`, `a`.`LiuPengDistrictId`, `a`.`ManagerName`, `a`.`ManagerPhone`, `a`.`Name`, `a`.`PhysicalId`, `a`.`Printer`, `a`.`Type`
FROM `LiuPengLocations` AS `a`
INNER JOIN `LiuPengDistricts` AS `b` ON `a`.`LiuPengDistrictId` = `b`.`Id`
WHERE `b`.`LiuPengRegionId` = @__regionId_0 |url: http://localhost/api/LiuPengLocation/ListAllLocationsByRegionId|action: ListAllLocationsByRegionId
2019-09-27 11:01:14.8914|2|INFO|Microsoft.AspNetCore.Mvc.Internal.ControllerActionInvoker|Executed action method BHG.Platform.DemoServer.Controllers.LiuPengLocationController.ListAllLocationsByRegionId (BHG.Platform.DemoServer), returned result Microsoft.AspNetCore.Mvc.OkObjectResult in 109.2214ms. |url: http://localhost/api/LiuPengLocation/ListAllLocationsByRegionId|action: ListAllLocationsByRegionId
2019-09-27 11:01:14.8914|1|INFO|Microsoft.AspNetCore.Mvc.Infrastructure.ObjectResultExecutor|Executing ObjectResult, writing value of type '<>f__AnonymousType1`2[[System.Int32, System.Private.CoreLib, Version=4.0.0.0, Culture=neutral, PublicKeyToken=7cec85d7bea7798e],[System.String, System.Private.CoreLib, Version=4.0.0.0, Culture=neutral, PublicKeyToken=7cec85d7bea7798e]]'. |url: http://localhost/api/LiuPengLocation/ListAllLocationsByRegionId|action: ListAllLocationsByRegionId
2019-09-27 11:01:14.8914|2|INFO|Microsoft.AspNetCore.Mvc.Internal.ControllerActionInvoker|Executed action BHG.Platform.DemoServer.Controllers.LiuPengLocationController.ListAllLocationsByRegionId (BHG.Platform.DemoServer) in 134.8221ms |url: http://localhost/api/LiuPengLocation/ListAllLocationsByRegionId|action: ListAllLocationsByRegionId
2019-09-27 11:01:14.8914|1|INFO|Microsoft.AspNetCore.Routing.EndpointMiddleware|Executed endpoint 'BHG.Platform.DemoServer.Controllers.LiuPengLocationController.ListAllLocationsByRegionId (BHG.Platform.DemoServer)' |url: http://localhost/api/LiuPengLocation/ListAllLocationsByRegionId|action: ListAllLocationsByRegionId
2019-09-27 11:01:14.8914|2|INFO|Microsoft.AspNetCore.Hosting.Internal.WebHost|Request finished in 142.9575ms 200 application/json; charset=utf-8 |url: http://localhost/api/LiuPengLocation/ListAllLocationsByRegionId|action: ListAllLocationsByRegionId
