2019-09-29 14:49:49.5140||INFO|Microsoft.AspNetCore.DataProtection.KeyManagement.XmlKeyManager|User profile is available. Using 'C:\Users\njit\AppData\Local\ASP.NET\DataProtection-Keys' as key repository and Windows DPAPI to encrypt keys at rest. |url: |action: 
2019-09-29 14:49:49.9909|1|INFO|Microsoft.AspNetCore.Hosting.Internal.WebHost|Request starting HTTP/1.1 GET http://localhost:4350/swagger   |url: http://localhost/swagger|action: 
2019-09-29 14:49:50.0099|3|WARN|Microsoft.AspNetCore.HttpsPolicy.HttpsRedirectionMiddleware|Failed to determine the https port for redirect. |url: http://localhost/swagger|action: 
2019-09-29 14:49:50.1042|1|INFO|Microsoft.AspNetCore.Hosting.Internal.WebHost|Request starting HTTP/1.1 GET http://localhost:4350/swagger/index.html   |url: http://localhost/swagger/index.html|action: 
2019-09-29 14:49:50.1042|2|INFO|Microsoft.AspNetCore.Hosting.Internal.WebHost|Request finished in 115.8972ms 302  |url: http://localhost/swagger|action: 
2019-09-29 14:49:50.1634|2|INFO|Microsoft.AspNetCore.Hosting.Internal.WebHost|Request finished in 59.2022ms 200 text/html; charset=utf-8 |url: http://localhost/swagger/index.html|action: 
2019-09-29 14:49:50.2057|1|INFO|Microsoft.AspNetCore.Hosting.Internal.WebHost|Request starting HTTP/1.1 GET http://localhost:4350/swagger/swagger-ui-bundle.js   |url: http://localhost/swagger/swagger-ui-bundle.js|action: 
2019-09-29 14:49:50.2057|1|INFO|Microsoft.AspNetCore.Hosting.Internal.WebHost|Request starting HTTP/1.1 GET http://localhost:4350/swagger/swagger-ui.css   |url: http://localhost/swagger/swagger-ui.css|action: 
2019-09-29 14:49:50.2057|1|INFO|Microsoft.AspNetCore.Hosting.Internal.WebHost|Request starting HTTP/1.1 GET http://localhost:4350/swagger/swagger-ui-standalone-preset.js   |url: http://localhost/swagger/swagger-ui-standalone-preset.js|action: 
2019-09-29 14:49:50.2116|6|INFO|Microsoft.AspNetCore.StaticFiles.StaticFileMiddleware|The file /swagger-ui-standalone-preset.js was not modified |url: http://localhost/swagger/swagger-ui-standalone-preset.js|action: 
2019-09-29 14:49:50.2116|6|INFO|Microsoft.AspNetCore.StaticFiles.StaticFileMiddleware|The file /swagger-ui-bundle.js was not modified |url: http://localhost/swagger/swagger-ui-bundle.js|action: 
2019-09-29 14:49:50.2116|6|INFO|Microsoft.AspNetCore.StaticFiles.StaticFileMiddleware|The file /swagger-ui.css was not modified |url: http://localhost/swagger/swagger-ui.css|action: 
2019-09-29 14:49:50.2116|2|INFO|Microsoft.AspNetCore.Hosting.Internal.WebHost|Request finished in 7.8749ms 304 application/javascript |url: http://localhost/swagger/swagger-ui-standalone-preset.js|action: 
2019-09-29 14:49:50.2116|2|INFO|Microsoft.AspNetCore.Hosting.Internal.WebHost|Request finished in 8.0313ms 304 application/javascript |url: http://localhost/swagger/swagger-ui-bundle.js|action: 
2019-09-29 14:49:50.2116|2|INFO|Microsoft.AspNetCore.Hosting.Internal.WebHost|Request finished in 8.2848ms 304 text/css |url: http://localhost/swagger/swagger-ui.css|action: 
2019-09-29 14:49:50.3952|1|INFO|Microsoft.AspNetCore.Hosting.Internal.WebHost|Request starting HTTP/1.1 GET http://localhost:4350/swagger/v1/swagger.json   |url: http://localhost/swagger/v1/swagger.json|action: 
2019-09-29 14:49:50.9175|2|INFO|Microsoft.AspNetCore.Hosting.Internal.WebHost|Request finished in 522.2755ms 200 application/json; charset=utf-8 |url: http://localhost/swagger/v1/swagger.json|action: 
2019-09-29 14:50:00.6244|1|INFO|Microsoft.AspNetCore.Hosting.Internal.WebHost|Request starting HTTP/1.1 GET http://localhost:4350/api/LiuPengLocation/ListAllStores   |url: http://localhost/api/LiuPengLocation/ListAllStores|action: 
2019-09-29 14:50:00.6731|0|INFO|Microsoft.AspNetCore.Routing.EndpointMiddleware|Executing endpoint 'BHG.Platform.DemoServer.Controllers.LiuPengLocationController.ListAllStores (BHG.Platform.DemoServer)' |url: http://localhost/api/LiuPengLocation/ListAllStores|action: ListAllStores
2019-09-29 14:50:00.6823|3|INFO|Microsoft.AspNetCore.Mvc.Internal.ControllerActionInvoker|Route matched with {action = "ListAllStores", controller = "LiuPengLocation", page = ""}. Executing controller action with signature Microsoft.AspNetCore.Mvc.IActionResult ListAllStores() on controller BHG.Platform.DemoServer.Controllers.LiuPengLocationController (BHG.Platform.DemoServer). |url: http://localhost/api/LiuPengLocation/ListAllStores|action: ListAllStores
2019-09-29 14:50:00.6823|2|INFO|Microsoft.AspNetCore.Authorization.DefaultAuthorizationService|Authorization failed. |url: http://localhost/api/LiuPengLocation/ListAllStores|action: ListAllStores
2019-09-29 14:50:00.6823|3|INFO|Microsoft.AspNetCore.Mvc.Internal.ControllerActionInvoker|Authorization failed for the request at filter 'Microsoft.AspNetCore.Mvc.Authorization.AuthorizeFilter'. |url: http://localhost/api/LiuPengLocation/ListAllStores|action: ListAllStores
2019-09-29 14:50:00.6979|1|INFO|Microsoft.AspNetCore.Mvc.ChallengeResult|Executing ChallengeResult with authentication schemes (). |url: http://localhost/api/LiuPengLocation/ListAllStores|action: ListAllStores
2019-09-29 14:50:00.6979|12|INFO|Microsoft.AspNetCore.Authentication.JwtBearer.JwtBearerHandler|AuthenticationScheme: Bearer was challenged. |url: http://localhost/api/LiuPengLocation/ListAllStores|action: ListAllStores
2019-09-29 14:50:00.6979|2|INFO|Microsoft.AspNetCore.Mvc.Internal.ControllerActionInvoker|Executed action BHG.Platform.DemoServer.Controllers.LiuPengLocationController.ListAllStores (BHG.Platform.DemoServer) in 20.2969ms |url: http://localhost/api/LiuPengLocation/ListAllStores|action: ListAllStores
2019-09-29 14:50:00.6979|1|INFO|Microsoft.AspNetCore.Routing.EndpointMiddleware|Executed endpoint 'BHG.Platform.DemoServer.Controllers.LiuPengLocationController.ListAllStores (BHG.Platform.DemoServer)' |url: http://localhost/api/LiuPengLocation/ListAllStores|action: ListAllStores
2019-09-29 14:50:00.6979|2|INFO|Microsoft.AspNetCore.Hosting.Internal.WebHost|Request finished in 83.0516ms 401  |url: http://localhost/api/LiuPengLocation/ListAllStores|action: ListAllStores
2019-09-29 14:50:54.1395|1|INFO|Microsoft.AspNetCore.Hosting.Internal.WebHost|Request starting HTTP/1.1 GET http://localhost:4350/api/LiuPengLocation/ListAllStores   |url: http://localhost/api/LiuPengLocation/ListAllStores|action: 
2019-09-29 14:50:54.5897|2|INFO|Microsoft.AspNetCore.Authentication.JwtBearer.JwtBearerHandler|Successfully validated the token. |url: http://localhost/api/LiuPengLocation/ListAllStores|action: 
2019-09-29 14:50:54.6057|0|INFO|Microsoft.AspNetCore.Routing.EndpointMiddleware|Executing endpoint 'BHG.Platform.DemoServer.Controllers.LiuPengLocationController.ListAllStores (BHG.Platform.DemoServer)' |url: http://localhost/api/LiuPengLocation/ListAllStores|action: ListAllStores
2019-09-29 14:50:54.6057|3|INFO|Microsoft.AspNetCore.Mvc.Internal.ControllerActionInvoker|Route matched with {action = "ListAllStores", controller = "LiuPengLocation", page = ""}. Executing controller action with signature Microsoft.AspNetCore.Mvc.IActionResult ListAllStores() on controller BHG.Platform.DemoServer.Controllers.LiuPengLocationController (BHG.Platform.DemoServer). |url: http://localhost/api/LiuPengLocation/ListAllStores|action: ListAllStores
2019-09-29 14:50:54.6057|1|INFO|Microsoft.AspNetCore.Authorization.DefaultAuthorizationService|Authorization was successful. |url: http://localhost/api/LiuPengLocation/ListAllStores|action: ListAllStores
2019-09-29 14:50:54.8165|1|INFO|Microsoft.AspNetCore.Mvc.Internal.ControllerActionInvoker|Executing action method BHG.Platform.DemoServer.Controllers.LiuPengLocationController.ListAllStores (BHG.Platform.DemoServer) - Validation state: Valid |url: http://localhost/api/LiuPengLocation/ListAllStores|action: ListAllStores
2019-09-29 14:50:55.0645|10403|INFO|Microsoft.EntityFrameworkCore.Infrastructure|Entity Framework Core 2.2.6-servicing-10079 initialized 'AppDbContext' using provider 'Pomelo.EntityFrameworkCore.MySql' with options: None |url: http://localhost/api/LiuPengLocation/ListAllStores|action: ListAllStores
2019-09-29 14:50:55.4602|20101|INFO|Microsoft.EntityFrameworkCore.Database.Command|Executed DbCommand (54ms) [Parameters=[], CommandType='Text', CommandTimeout='30']
SELECT `c`.`Id`, `c`.`Address`, `c`.`ContactName`, `c`.`ContactPhone`, `c`.`LiuPengDistrictId`, `c`.`ManagerName`, `c`.`ManagerPhone`, `c`.`Name`, `c`.`PhysicalId`, `c`.`Printer`, `c`.`Type`
FROM `LiuPengLocations` AS `c`
ORDER BY `c`.`Id` |url: http://localhost/api/LiuPengLocation/ListAllStores|action: ListAllStores
2019-09-29 14:50:55.5219|2|INFO|Microsoft.AspNetCore.Mvc.Internal.ControllerActionInvoker|Executed action method BHG.Platform.DemoServer.Controllers.LiuPengLocationController.ListAllStores (BHG.Platform.DemoServer), returned result Microsoft.AspNetCore.Mvc.OkObjectResult in 702.7491ms. |url: http://localhost/api/LiuPengLocation/ListAllStores|action: ListAllStores
2019-09-29 14:50:55.5290|1|INFO|Microsoft.AspNetCore.Mvc.Infrastructure.ObjectResultExecutor|Executing ObjectResult, writing value of type '<>f__AnonymousType0`3[[System.Int32, System.Private.CoreLib, Version=4.0.0.0, Culture=neutral, PublicKeyToken=7cec85d7bea7798e],[System.String, System.Private.CoreLib, Version=4.0.0.0, Culture=neutral, PublicKeyToken=7cec85d7bea7798e],[System.Collections.Generic.List`1[[BHG.Platform.DemoServer.Data.Entities.LiuPengLocation, BHG.Platform.DemoServer, Version=1.0.0.0, Culture=neutral, PublicKeyToken=null]], System.Private.CoreLib, Version=4.0.0.0, Culture=neutral, PublicKeyToken=7cec85d7bea7798e]]'. |url: http://localhost/api/LiuPengLocation/ListAllStores|action: ListAllStores
2019-09-29 14:50:55.5476|2|INFO|Microsoft.AspNetCore.Mvc.Internal.ControllerActionInvoker|Executed action BHG.Platform.DemoServer.Controllers.LiuPengLocationController.ListAllStores (BHG.Platform.DemoServer) in 940.8322ms |url: http://localhost/api/LiuPengLocation/ListAllStores|action: ListAllStores
2019-09-29 14:50:55.5476|1|INFO|Microsoft.AspNetCore.Routing.EndpointMiddleware|Executed endpoint 'BHG.Platform.DemoServer.Controllers.LiuPengLocationController.ListAllStores (BHG.Platform.DemoServer)' |url: http://localhost/api/LiuPengLocation/ListAllStores|action: ListAllStores
2019-09-29 14:50:55.5476|2|INFO|Microsoft.AspNetCore.Hosting.Internal.WebHost|Request finished in 1411.1361ms 200 application/json; charset=utf-8 |url: http://localhost/api/LiuPengLocation/ListAllStores|action: ListAllStores
2019-09-29 14:51:20.7395|1|INFO|Microsoft.AspNetCore.Hosting.Internal.WebHost|Request starting HTTP/1.1 GET http://localhost:4350/api/LiuPengLocation/ListAllLocationsByRegionId?regionId=100110   |url: http://localhost/api/LiuPengLocation/ListAllLocationsByRegionId|action: 
2019-09-29 14:51:20.7395|2|INFO|Microsoft.AspNetCore.Authentication.JwtBearer.JwtBearerHandler|Successfully validated the token. |url: http://localhost/api/LiuPengLocation/ListAllLocationsByRegionId|action: 
2019-09-29 14:51:20.7395|0|INFO|Microsoft.AspNetCore.Routing.EndpointMiddleware|Executing endpoint 'BHG.Platform.DemoServer.Controllers.LiuPengLocationController.ListAllLocationsByRegionId (BHG.Platform.DemoServer)' |url: http://localhost/api/LiuPengLocation/ListAllLocationsByRegionId|action: ListAllLocationsByRegionId
2019-09-29 14:51:20.7857|3|INFO|Microsoft.AspNetCore.Mvc.Internal.ControllerActionInvoker|Route matched with {action = "ListAllLocationsByRegionId", controller = "LiuPengLocation", page = ""}. Executing controller action with signature Microsoft.AspNetCore.Mvc.IActionResult ListAllLocationsByRegionId(Int32) on controller BHG.Platform.DemoServer.Controllers.LiuPengLocationController (BHG.Platform.DemoServer). |url: http://localhost/api/LiuPengLocation/ListAllLocationsByRegionId|action: ListAllLocationsByRegionId
2019-09-29 14:51:20.7857|1|INFO|Microsoft.AspNetCore.Authorization.DefaultAuthorizationService|Authorization was successful. |url: http://localhost/api/LiuPengLocation/ListAllLocationsByRegionId|action: ListAllLocationsByRegionId
2019-09-29 14:51:20.8220|1|INFO|Microsoft.AspNetCore.Mvc.Internal.ControllerActionInvoker|Executing action method BHG.Platform.DemoServer.Controllers.LiuPengLocationController.ListAllLocationsByRegionId (BHG.Platform.DemoServer) - Validation state: Valid |url: http://localhost/api/LiuPengLocation/ListAllLocationsByRegionId|action: ListAllLocationsByRegionId
2019-09-29 14:51:20.8220|10403|INFO|Microsoft.EntityFrameworkCore.Infrastructure|Entity Framework Core 2.2.6-servicing-10079 initialized 'AppDbContext' using provider 'Pomelo.EntityFrameworkCore.MySql' with options: None |url: http://localhost/api/LiuPengLocation/ListAllLocationsByRegionId|action: ListAllLocationsByRegionId
2019-09-29 14:51:21.2313|20101|INFO|Microsoft.EntityFrameworkCore.Database.Command|Executed DbCommand (117ms) [Parameters=[@__regionId_0='?' (DbType = Int32)], CommandType='Text', CommandTimeout='30']
SELECT `a`.`Id`, `a`.`Address`, `a`.`ContactName`, `a`.`ContactPhone`, `a`.`LiuPengDistrictId`, `a`.`ManagerName`, `a`.`ManagerPhone`, `a`.`Name`, `a`.`PhysicalId`, `a`.`Printer`, `a`.`Type`
FROM `LiuPengLocations` AS `a`
INNER JOIN `LiuPengDistricts` AS `b` ON `a`.`LiuPengDistrictId` = `b`.`Id`
WHERE `b`.`LiuPengRegionId` = @__regionId_0 |url: http://localhost/api/LiuPengLocation/ListAllLocationsByRegionId|action: ListAllLocationsByRegionId
2019-09-29 14:51:21.2313|2|INFO|Microsoft.AspNetCore.Mvc.Internal.ControllerActionInvoker|Executed action method BHG.Platform.DemoServer.Controllers.LiuPengLocationController.ListAllLocationsByRegionId (BHG.Platform.DemoServer), returned result Microsoft.AspNetCore.Mvc.OkObjectResult in 419.0995ms. |url: http://localhost/api/LiuPengLocation/ListAllLocationsByRegionId|action: ListAllLocationsByRegionId
2019-09-29 14:51:21.2427|1|INFO|Microsoft.AspNetCore.Mvc.Infrastructure.ObjectResultExecutor|Executing ObjectResult, writing value of type '<>f__AnonymousType0`3[[System.Int32, System.Private.CoreLib, Version=4.0.0.0, Culture=neutral, PublicKeyToken=7cec85d7bea7798e],[System.String, System.Private.CoreLib, Version=4.0.0.0, Culture=neutral, PublicKeyToken=7cec85d7bea7798e],[System.Collections.Generic.List`1[[BHG.Platform.DemoServer.Data.Entities.LiuPengLocation, BHG.Platform.DemoServer, Version=1.0.0.0, Culture=neutral, PublicKeyToken=null]], System.Private.CoreLib, Version=4.0.0.0, Culture=neutral, PublicKeyToken=7cec85d7bea7798e]]'. |url: http://localhost/api/LiuPengLocation/ListAllLocationsByRegionId|action: ListAllLocationsByRegionId
2019-09-29 14:51:21.2427|2|INFO|Microsoft.AspNetCore.Mvc.Internal.ControllerActionInvoker|Executed action BHG.Platform.DemoServer.Controllers.LiuPengLocationController.ListAllLocationsByRegionId (BHG.Platform.DemoServer) in 457.5398ms |url: http://localhost/api/LiuPengLocation/ListAllLocationsByRegionId|action: ListAllLocationsByRegionId
2019-09-29 14:51:21.2427|1|INFO|Microsoft.AspNetCore.Routing.EndpointMiddleware|Executed endpoint 'BHG.Platform.DemoServer.Controllers.LiuPengLocationController.ListAllLocationsByRegionId (BHG.Platform.DemoServer)' |url: http://localhost/api/LiuPengLocation/ListAllLocationsByRegionId|action: ListAllLocationsByRegionId
2019-09-29 14:51:21.2427|2|INFO|Microsoft.AspNetCore.Hosting.Internal.WebHost|Request finished in 505.3895ms 200 application/json; charset=utf-8 |url: http://localhost/api/LiuPengLocation/ListAllLocationsByRegionId|action: ListAllLocationsByRegionId
