2019-09-25 15:42:12.7882||INFO|Microsoft.AspNetCore.DataProtection.KeyManagement.XmlKeyManager|User profile is available. Using 'C:\Users\njit\AppData\Local\ASP.NET\DataProtection-Keys' as key repository and Windows DPAPI to encrypt keys at rest. |url: |action: 
2019-09-25 15:42:13.2296|1|INFO|Microsoft.AspNetCore.Hosting.Internal.WebHost|Request starting HTTP/1.1 GET http://localhost:4350/swagger   |url: http://localhost/swagger|action: 
2019-09-25 15:42:13.2461|3|WARN|Microsoft.AspNetCore.HttpsPolicy.HttpsRedirectionMiddleware|Failed to determine the https port for redirect. |url: http://localhost/swagger|action: 
2019-09-25 15:42:13.3433|1|INFO|Microsoft.AspNetCore.Hosting.Internal.WebHost|Request starting HTTP/1.1 GET http://localhost:4350/swagger/index.html   |url: http://localhost/swagger/index.html|action: 
2019-09-25 15:42:13.3433|2|INFO|Microsoft.AspNetCore.Hosting.Internal.WebHost|Request finished in 116.7311ms 302  |url: http://localhost/swagger|action: 
2019-09-25 15:42:13.4067|2|INFO|Microsoft.AspNetCore.Hosting.Internal.WebHost|Request finished in 63.353ms 200 text/html; charset=utf-8 |url: http://localhost/swagger/index.html|action: 
2019-09-25 15:42:13.6284|1|INFO|Microsoft.AspNetCore.Hosting.Internal.WebHost|Request starting HTTP/1.1 GET http://localhost:4350/swagger/v1/swagger.json   |url: http://localhost/swagger/v1/swagger.json|action: 
2019-09-25 15:42:13.6554|1|INFO|Microsoft.AspNetCore.Hosting.Internal.WebHost|Request starting HTTP/1.1 GET http://localhost:4350/swagger/favicon-32x32.png   |url: http://localhost/swagger/favicon-32x32.png|action: 
2019-09-25 15:42:13.6691|2|INFO|Microsoft.AspNetCore.StaticFiles.StaticFileMiddleware|Sending file. Request path: '/favicon-32x32.png'. Physical path: 'N/A' |url: http://localhost/swagger/favicon-32x32.png|action: 
2019-09-25 15:42:13.6691|2|INFO|Microsoft.AspNetCore.Hosting.Internal.WebHost|Request finished in 15.079ms 200 image/png |url: http://localhost/swagger/favicon-32x32.png|action: 
2019-09-25 15:42:14.2016|2|INFO|Microsoft.AspNetCore.Hosting.Internal.WebHost|Request finished in 573.199ms 200 application/json; charset=utf-8 |url: http://localhost/swagger/v1/swagger.json|action: 
2019-09-25 15:43:04.8143|1|INFO|Microsoft.AspNetCore.Hosting.Internal.WebHost|Request starting HTTP/1.1 GET http://localhost:4350/api/LiuPengDistrict/GetLiuPengDistrictById?id=100101001   |url: http://localhost/api/LiuPengDistrict/GetLiuPengDistrictById|action: 
2019-09-25 15:43:04.8844|0|INFO|Microsoft.AspNetCore.Routing.EndpointMiddleware|Executing endpoint 'BHG.Platform.DemoServer.Controllers.LiuPengDistrictController.GetLiuPengDistrictById (BHG.Platform.DemoServer)' |url: http://localhost/api/LiuPengDistrict/GetLiuPengDistrictById|action: GetLiuPengDistrictById
2019-09-25 15:43:04.9229|3|INFO|Microsoft.AspNetCore.Mvc.Internal.ControllerActionInvoker|Route matched with {action = "GetLiuPengDistrictById", controller = "LiuPengDistrict", page = ""}. Executing controller action with signature Microsoft.AspNetCore.Mvc.IActionResult GetLiuPengDistrictById(Int32) on controller BHG.Platform.DemoServer.Controllers.LiuPengDistrictController (BHG.Platform.DemoServer). |url: http://localhost/api/LiuPengDistrict/GetLiuPengDistrictById|action: GetLiuPengDistrictById
2019-09-25 15:43:04.9229|2|INFO|Microsoft.AspNetCore.Authorization.DefaultAuthorizationService|Authorization failed. |url: http://localhost/api/LiuPengDistrict/GetLiuPengDistrictById|action: GetLiuPengDistrictById
2019-09-25 15:43:04.9229|3|INFO|Microsoft.AspNetCore.Mvc.Internal.ControllerActionInvoker|Authorization failed for the request at filter 'Microsoft.AspNetCore.Mvc.Authorization.AuthorizeFilter'. |url: http://localhost/api/LiuPengDistrict/GetLiuPengDistrictById|action: GetLiuPengDistrictById
2019-09-25 15:43:04.9371|1|INFO|Microsoft.AspNetCore.Mvc.ChallengeResult|Executing ChallengeResult with authentication schemes (). |url: http://localhost/api/LiuPengDistrict/GetLiuPengDistrictById|action: GetLiuPengDistrictById
2019-09-25 15:43:04.9371|12|INFO|Microsoft.AspNetCore.Authentication.JwtBearer.JwtBearerHandler|AuthenticationScheme: Bearer was challenged. |url: http://localhost/api/LiuPengDistrict/GetLiuPengDistrictById|action: GetLiuPengDistrictById
2019-09-25 15:43:04.9371|2|INFO|Microsoft.AspNetCore.Mvc.Internal.ControllerActionInvoker|Executed action BHG.Platform.DemoServer.Controllers.LiuPengDistrictController.GetLiuPengDistrictById (BHG.Platform.DemoServer) in 19.5073ms |url: http://localhost/api/LiuPengDistrict/GetLiuPengDistrictById|action: GetLiuPengDistrictById
2019-09-25 15:43:04.9371|1|INFO|Microsoft.AspNetCore.Routing.EndpointMiddleware|Executed endpoint 'BHG.Platform.DemoServer.Controllers.LiuPengDistrictController.GetLiuPengDistrictById (BHG.Platform.DemoServer)' |url: http://localhost/api/LiuPengDistrict/GetLiuPengDistrictById|action: GetLiuPengDistrictById
2019-09-25 15:43:04.9371|2|INFO|Microsoft.AspNetCore.Hosting.Internal.WebHost|Request finished in 132.0725ms 401  |url: http://localhost/api/LiuPengDistrict/GetLiuPengDistrictById|action: GetLiuPengDistrictById
2019-09-25 15:47:53.1860|1|INFO|Microsoft.AspNetCore.Hosting.Internal.WebHost|Request starting HTTP/1.1 GET http://localhost:4350/api/LiuPengDistrict/GetLiuPengDistrictById?id=100101001   |url: http://localhost/api/LiuPengDistrict/GetLiuPengDistrictById|action: 
2019-09-25 15:47:53.6341|2|INFO|Microsoft.AspNetCore.Authentication.JwtBearer.JwtBearerHandler|Successfully validated the token. |url: http://localhost/api/LiuPengDistrict/GetLiuPengDistrictById|action: 
2019-09-25 15:47:53.6473|0|INFO|Microsoft.AspNetCore.Routing.EndpointMiddleware|Executing endpoint 'BHG.Platform.DemoServer.Controllers.LiuPengDistrictController.GetLiuPengDistrictById (BHG.Platform.DemoServer)' |url: http://localhost/api/LiuPengDistrict/GetLiuPengDistrictById|action: GetLiuPengDistrictById
2019-09-25 15:47:53.6473|3|INFO|Microsoft.AspNetCore.Mvc.Internal.ControllerActionInvoker|Route matched with {action = "GetLiuPengDistrictById", controller = "LiuPengDistrict", page = ""}. Executing controller action with signature Microsoft.AspNetCore.Mvc.IActionResult GetLiuPengDistrictById(Int32) on controller BHG.Platform.DemoServer.Controllers.LiuPengDistrictController (BHG.Platform.DemoServer). |url: http://localhost/api/LiuPengDistrict/GetLiuPengDistrictById|action: GetLiuPengDistrictById
2019-09-25 15:47:53.6473|1|INFO|Microsoft.AspNetCore.Authorization.DefaultAuthorizationService|Authorization was successful. |url: http://localhost/api/LiuPengDistrict/GetLiuPengDistrictById|action: GetLiuPengDistrictById
2019-09-25 15:47:53.8719|1|INFO|Microsoft.AspNetCore.Mvc.Internal.ControllerActionInvoker|Executing action method BHG.Platform.DemoServer.Controllers.LiuPengDistrictController.GetLiuPengDistrictById (BHG.Platform.DemoServer) - Validation state: Valid |url: http://localhost/api/LiuPengDistrict/GetLiuPengDistrictById|action: GetLiuPengDistrictById
2019-09-25 15:47:54.1127|10403|INFO|Microsoft.EntityFrameworkCore.Infrastructure|Entity Framework Core 2.2.6-servicing-10079 initialized 'AppDbContext' using provider 'Pomelo.EntityFrameworkCore.MySql' with options: None |url: http://localhost/api/LiuPengDistrict/GetLiuPengDistrictById|action: GetLiuPengDistrictById
2019-09-25 15:47:54.5536|20101|INFO|Microsoft.EntityFrameworkCore.Database.Command|Executed DbCommand (68ms) [Parameters=[@__id_0='?' (DbType = Int32)], CommandType='Text', CommandTimeout='30']
SELECT `z`.`Id`, `z`.`LiuPengRegionId`, `z`.`Name`
FROM `LiuPengDistricts` AS `z`
WHERE `z`.`Id` = @__id_0
LIMIT 1 |url: http://localhost/api/LiuPengDistrict/GetLiuPengDistrictById|action: GetLiuPengDistrictById
2019-09-25 15:47:54.6252|2|INFO|Microsoft.AspNetCore.Mvc.Internal.ControllerActionInvoker|Executed action method BHG.Platform.DemoServer.Controllers.LiuPengDistrictController.GetLiuPengDistrictById (BHG.Platform.DemoServer), returned result Microsoft.AspNetCore.Mvc.OkObjectResult in 750.0447ms. |url: http://localhost/api/LiuPengDistrict/GetLiuPengDistrictById|action: GetLiuPengDistrictById
2019-09-25 15:47:54.6252|1|INFO|Microsoft.AspNetCore.Mvc.Infrastructure.ObjectResultExecutor|Executing ObjectResult, writing value of type '<>f__AnonymousType0`3[[System.Int32, System.Private.CoreLib, Version=4.0.0.0, Culture=neutral, PublicKeyToken=7cec85d7bea7798e],[System.String, System.Private.CoreLib, Version=4.0.0.0, Culture=neutral, PublicKeyToken=7cec85d7bea7798e],[BHG.Platform.DemoServer.Data.Entities.LiuPengDistrict, BHG.Platform.DemoServer, Version=1.0.0.0, Culture=neutral, PublicKeyToken=null]]'. |url: http://localhost/api/LiuPengDistrict/GetLiuPengDistrictById|action: GetLiuPengDistrictById
2019-09-25 15:47:54.6426|2|INFO|Microsoft.AspNetCore.Mvc.Internal.ControllerActionInvoker|Executed action BHG.Platform.DemoServer.Controllers.LiuPengDistrictController.GetLiuPengDistrictById (BHG.Platform.DemoServer) in 993.8916ms |url: http://localhost/api/LiuPengDistrict/GetLiuPengDistrictById|action: GetLiuPengDistrictById
2019-09-25 15:47:54.6426|1|INFO|Microsoft.AspNetCore.Routing.EndpointMiddleware|Executed endpoint 'BHG.Platform.DemoServer.Controllers.LiuPengDistrictController.GetLiuPengDistrictById (BHG.Platform.DemoServer)' |url: http://localhost/api/LiuPengDistrict/GetLiuPengDistrictById|action: GetLiuPengDistrictById
2019-09-25 15:47:54.6426|2|INFO|Microsoft.AspNetCore.Hosting.Internal.WebHost|Request finished in 1462.3995ms 200 application/json; charset=utf-8 |url: http://localhost/api/LiuPengDistrict/GetLiuPengDistrictById|action: GetLiuPengDistrictById
2019-09-25 15:56:40.8394|1|INFO|Microsoft.AspNetCore.Hosting.Internal.WebHost|Request starting HTTP/1.1 GET http://localhost:4350/api/LiuPengDistrict/GetLiuPengDistrictById?id=100101002   |url: http://localhost/api/LiuPengDistrict/GetLiuPengDistrictById|action: 
2019-09-25 15:56:40.8492|2|INFO|Microsoft.AspNetCore.Authentication.JwtBearer.JwtBearerHandler|Successfully validated the token. |url: http://localhost/api/LiuPengDistrict/GetLiuPengDistrictById|action: 
2019-09-25 15:56:40.8492|0|INFO|Microsoft.AspNetCore.Routing.EndpointMiddleware|Executing endpoint 'BHG.Platform.DemoServer.Controllers.LiuPengDistrictController.GetLiuPengDistrictById (BHG.Platform.DemoServer)' |url: http://localhost/api/LiuPengDistrict/GetLiuPengDistrictById|action: GetLiuPengDistrictById
2019-09-25 15:56:40.8625|3|INFO|Microsoft.AspNetCore.Mvc.Internal.ControllerActionInvoker|Route matched with {action = "GetLiuPengDistrictById", controller = "LiuPengDistrict", page = ""}. Executing controller action with signature Microsoft.AspNetCore.Mvc.IActionResult GetLiuPengDistrictById(Int32) on controller BHG.Platform.DemoServer.Controllers.LiuPengDistrictController (BHG.Platform.DemoServer). |url: http://localhost/api/LiuPengDistrict/GetLiuPengDistrictById|action: GetLiuPengDistrictById
2019-09-25 15:56:40.8625|1|INFO|Microsoft.AspNetCore.Authorization.DefaultAuthorizationService|Authorization was successful. |url: http://localhost/api/LiuPengDistrict/GetLiuPengDistrictById|action: GetLiuPengDistrictById
2019-09-25 15:56:40.8995|1|INFO|Microsoft.AspNetCore.Mvc.Internal.ControllerActionInvoker|Executing action method BHG.Platform.DemoServer.Controllers.LiuPengDistrictController.GetLiuPengDistrictById (BHG.Platform.DemoServer) - Validation state: Valid |url: http://localhost/api/LiuPengDistrict/GetLiuPengDistrictById|action: GetLiuPengDistrictById
2019-09-25 15:56:40.8995|10403|INFO|Microsoft.EntityFrameworkCore.Infrastructure|Entity Framework Core 2.2.6-servicing-10079 initialized 'AppDbContext' using provider 'Pomelo.EntityFrameworkCore.MySql' with options: None |url: http://localhost/api/LiuPengDistrict/GetLiuPengDistrictById|action: GetLiuPengDistrictById
2019-09-25 15:56:41.0721|20101|INFO|Microsoft.EntityFrameworkCore.Database.Command|Executed DbCommand (35ms) [Parameters=[@__id_0='?' (DbType = Int32)], CommandType='Text', CommandTimeout='30']
SELECT `z`.`Id`, `z`.`LiuPengRegionId`, `z`.`Name`
FROM `LiuPengDistricts` AS `z`
WHERE `z`.`Id` = @__id_0
LIMIT 1 |url: http://localhost/api/LiuPengDistrict/GetLiuPengDistrictById|action: GetLiuPengDistrictById
2019-09-25 15:56:41.0721|2|INFO|Microsoft.AspNetCore.Mvc.Internal.ControllerActionInvoker|Executed action method BHG.Platform.DemoServer.Controllers.LiuPengDistrictController.GetLiuPengDistrictById (BHG.Platform.DemoServer), returned result Microsoft.AspNetCore.Mvc.OkObjectResult in 173.1381ms. |url: http://localhost/api/LiuPengDistrict/GetLiuPengDistrictById|action: GetLiuPengDistrictById
2019-09-25 15:56:41.0721|1|INFO|Microsoft.AspNetCore.Mvc.Infrastructure.ObjectResultExecutor|Executing ObjectResult, writing value of type '<>f__AnonymousType0`3[[System.Int32, System.Private.CoreLib, Version=4.0.0.0, Culture=neutral, PublicKeyToken=7cec85d7bea7798e],[System.String, System.Private.CoreLib, Version=4.0.0.0, Culture=neutral, PublicKeyToken=7cec85d7bea7798e],[BHG.Platform.DemoServer.Data.Entities.LiuPengDistrict, BHG.Platform.DemoServer, Version=1.0.0.0, Culture=neutral, PublicKeyToken=null]]'. |url: http://localhost/api/LiuPengDistrict/GetLiuPengDistrictById|action: GetLiuPengDistrictById
2019-09-25 15:56:41.0721|2|INFO|Microsoft.AspNetCore.Mvc.Internal.ControllerActionInvoker|Executed action BHG.Platform.DemoServer.Controllers.LiuPengDistrictController.GetLiuPengDistrictById (BHG.Platform.DemoServer) in 211.645ms |url: http://localhost/api/LiuPengDistrict/GetLiuPengDistrictById|action: GetLiuPengDistrictById
2019-09-25 15:56:41.0721|1|INFO|Microsoft.AspNetCore.Routing.EndpointMiddleware|Executed endpoint 'BHG.Platform.DemoServer.Controllers.LiuPengDistrictController.GetLiuPengDistrictById (BHG.Platform.DemoServer)' |url: http://localhost/api/LiuPengDistrict/GetLiuPengDistrictById|action: GetLiuPengDistrictById
2019-09-25 15:56:41.0721|2|INFO|Microsoft.AspNetCore.Hosting.Internal.WebHost|Request finished in 235.9646ms 200 application/json; charset=utf-8 |url: http://localhost/api/LiuPengDistrict/GetLiuPengDistrictById|action: GetLiuPengDistrictById
2019-09-25 15:56:46.4781|1|INFO|Microsoft.AspNetCore.Hosting.Internal.WebHost|Request starting HTTP/1.1 GET http://localhost:4350/api/LiuPengDistrict/GetLiuPengDistrictById?id=10010100   |url: http://localhost/api/LiuPengDistrict/GetLiuPengDistrictById|action: 
2019-09-25 15:56:46.4781|2|INFO|Microsoft.AspNetCore.Authentication.JwtBearer.JwtBearerHandler|Successfully validated the token. |url: http://localhost/api/LiuPengDistrict/GetLiuPengDistrictById|action: 
2019-09-25 15:56:46.4781|0|INFO|Microsoft.AspNetCore.Routing.EndpointMiddleware|Executing endpoint 'BHG.Platform.DemoServer.Controllers.LiuPengDistrictController.GetLiuPengDistrictById (BHG.Platform.DemoServer)' |url: http://localhost/api/LiuPengDistrict/GetLiuPengDistrictById|action: GetLiuPengDistrictById
2019-09-25 15:56:46.4781|3|INFO|Microsoft.AspNetCore.Mvc.Internal.ControllerActionInvoker|Route matched with {action = "GetLiuPengDistrictById", controller = "LiuPengDistrict", page = ""}. Executing controller action with signature Microsoft.AspNetCore.Mvc.IActionResult GetLiuPengDistrictById(Int32) on controller BHG.Platform.DemoServer.Controllers.LiuPengDistrictController (BHG.Platform.DemoServer). |url: http://localhost/api/LiuPengDistrict/GetLiuPengDistrictById|action: GetLiuPengDistrictById
2019-09-25 15:56:46.4781|1|INFO|Microsoft.AspNetCore.Authorization.DefaultAuthorizationService|Authorization was successful. |url: http://localhost/api/LiuPengDistrict/GetLiuPengDistrictById|action: GetLiuPengDistrictById
2019-09-25 15:56:46.5031|1|INFO|Microsoft.AspNetCore.Mvc.Internal.ControllerActionInvoker|Executing action method BHG.Platform.DemoServer.Controllers.LiuPengDistrictController.GetLiuPengDistrictById (BHG.Platform.DemoServer) - Validation state: Valid |url: http://localhost/api/LiuPengDistrict/GetLiuPengDistrictById|action: GetLiuPengDistrictById
2019-09-25 15:56:46.5031|10403|INFO|Microsoft.EntityFrameworkCore.Infrastructure|Entity Framework Core 2.2.6-servicing-10079 initialized 'AppDbContext' using provider 'Pomelo.EntityFrameworkCore.MySql' with options: None |url: http://localhost/api/LiuPengDistrict/GetLiuPengDistrictById|action: GetLiuPengDistrictById
2019-09-25 15:56:46.6133|20101|INFO|Microsoft.EntityFrameworkCore.Database.Command|Executed DbCommand (34ms) [Parameters=[@__id_0='?' (DbType = Int32)], CommandType='Text', CommandTimeout='30']
SELECT `z`.`Id`, `z`.`LiuPengRegionId`, `z`.`Name`
FROM `LiuPengDistricts` AS `z`
WHERE `z`.`Id` = @__id_0
LIMIT 1 |url: http://localhost/api/LiuPengDistrict/GetLiuPengDistrictById|action: GetLiuPengDistrictById
2019-09-25 15:56:46.6133|2|INFO|Microsoft.AspNetCore.Mvc.Internal.ControllerActionInvoker|Executed action method BHG.Platform.DemoServer.Controllers.LiuPengDistrictController.GetLiuPengDistrictById (BHG.Platform.DemoServer), returned result Microsoft.AspNetCore.Mvc.OkObjectResult in 110.4831ms. |url: http://localhost/api/LiuPengDistrict/GetLiuPengDistrictById|action: GetLiuPengDistrictById
2019-09-25 15:56:46.6133|1|INFO|Microsoft.AspNetCore.Mvc.Infrastructure.ObjectResultExecutor|Executing ObjectResult, writing value of type '<>f__AnonymousType1`2[[System.Int32, System.Private.CoreLib, Version=4.0.0.0, Culture=neutral, PublicKeyToken=7cec85d7bea7798e],[System.String, System.Private.CoreLib, Version=4.0.0.0, Culture=neutral, PublicKeyToken=7cec85d7bea7798e]]'. |url: http://localhost/api/LiuPengDistrict/GetLiuPengDistrictById|action: GetLiuPengDistrictById
2019-09-25 15:56:46.6133|2|INFO|Microsoft.AspNetCore.Mvc.Internal.ControllerActionInvoker|Executed action BHG.Platform.DemoServer.Controllers.LiuPengDistrictController.GetLiuPengDistrictById (BHG.Platform.DemoServer) in 135.5796ms |url: http://localhost/api/LiuPengDistrict/GetLiuPengDistrictById|action: GetLiuPengDistrictById
2019-09-25 15:56:46.6133|1|INFO|Microsoft.AspNetCore.Routing.EndpointMiddleware|Executed endpoint 'BHG.Platform.DemoServer.Controllers.LiuPengDistrictController.GetLiuPengDistrictById (BHG.Platform.DemoServer)' |url: http://localhost/api/LiuPengDistrict/GetLiuPengDistrictById|action: GetLiuPengDistrictById
2019-09-25 15:56:46.6133|2|INFO|Microsoft.AspNetCore.Hosting.Internal.WebHost|Request finished in 139.564ms 200 application/json; charset=utf-8 |url: http://localhost/api/LiuPengDistrict/GetLiuPengDistrictById|action: GetLiuPengDistrictById
2019-09-25 15:56:49.7120|1|INFO|Microsoft.AspNetCore.Hosting.Internal.WebHost|Request starting HTTP/1.1 GET http://localhost:4350/api/LiuPengDistrict/GetLiuPengDistrictById?id=100101004   |url: http://localhost/api/LiuPengDistrict/GetLiuPengDistrictById|action: 
2019-09-25 15:56:49.7120|2|INFO|Microsoft.AspNetCore.Authentication.JwtBearer.JwtBearerHandler|Successfully validated the token. |url: http://localhost/api/LiuPengDistrict/GetLiuPengDistrictById|action: 
2019-09-25 15:56:49.7120|0|INFO|Microsoft.AspNetCore.Routing.EndpointMiddleware|Executing endpoint 'BHG.Platform.DemoServer.Controllers.LiuPengDistrictController.GetLiuPengDistrictById (BHG.Platform.DemoServer)' |url: http://localhost/api/LiuPengDistrict/GetLiuPengDistrictById|action: GetLiuPengDistrictById
2019-09-25 15:56:49.7120|3|INFO|Microsoft.AspNetCore.Mvc.Internal.ControllerActionInvoker|Route matched with {action = "GetLiuPengDistrictById", controller = "LiuPengDistrict", page = ""}. Executing controller action with signature Microsoft.AspNetCore.Mvc.IActionResult GetLiuPengDistrictById(Int32) on controller BHG.Platform.DemoServer.Controllers.LiuPengDistrictController (BHG.Platform.DemoServer). |url: http://localhost/api/LiuPengDistrict/GetLiuPengDistrictById|action: GetLiuPengDistrictById
2019-09-25 15:56:49.7120|1|INFO|Microsoft.AspNetCore.Authorization.DefaultAuthorizationService|Authorization was successful. |url: http://localhost/api/LiuPengDistrict/GetLiuPengDistrictById|action: GetLiuPengDistrictById
2019-09-25 15:56:49.7360|1|INFO|Microsoft.AspNetCore.Mvc.Internal.ControllerActionInvoker|Executing action method BHG.Platform.DemoServer.Controllers.LiuPengDistrictController.GetLiuPengDistrictById (BHG.Platform.DemoServer) - Validation state: Valid |url: http://localhost/api/LiuPengDistrict/GetLiuPengDistrictById|action: GetLiuPengDistrictById
2019-09-25 15:56:49.7360|10403|INFO|Microsoft.EntityFrameworkCore.Infrastructure|Entity Framework Core 2.2.6-servicing-10079 initialized 'AppDbContext' using provider 'Pomelo.EntityFrameworkCore.MySql' with options: None |url: http://localhost/api/LiuPengDistrict/GetLiuPengDistrictById|action: GetLiuPengDistrictById
2019-09-25 15:56:49.8370|20101|INFO|Microsoft.EntityFrameworkCore.Database.Command|Executed DbCommand (34ms) [Parameters=[@__id_0='?' (DbType = Int32)], CommandType='Text', CommandTimeout='30']
SELECT `z`.`Id`, `z`.`LiuPengRegionId`, `z`.`Name`
FROM `LiuPengDistricts` AS `z`
WHERE `z`.`Id` = @__id_0
LIMIT 1 |url: http://localhost/api/LiuPengDistrict/GetLiuPengDistrictById|action: GetLiuPengDistrictById
2019-09-25 15:56:49.8370|2|INFO|Microsoft.AspNetCore.Mvc.Internal.ControllerActionInvoker|Executed action method BHG.Platform.DemoServer.Controllers.LiuPengDistrictController.GetLiuPengDistrictById (BHG.Platform.DemoServer), returned result Microsoft.AspNetCore.Mvc.OkObjectResult in 102.0316ms. |url: http://localhost/api/LiuPengDistrict/GetLiuPengDistrictById|action: GetLiuPengDistrictById
2019-09-25 15:56:49.8370|1|INFO|Microsoft.AspNetCore.Mvc.Infrastructure.ObjectResultExecutor|Executing ObjectResult, writing value of type '<>f__AnonymousType1`2[[System.Int32, System.Private.CoreLib, Version=4.0.0.0, Culture=neutral, PublicKeyToken=7cec85d7bea7798e],[System.String, System.Private.CoreLib, Version=4.0.0.0, Culture=neutral, PublicKeyToken=7cec85d7bea7798e]]'. |url: http://localhost/api/LiuPengDistrict/GetLiuPengDistrictById|action: GetLiuPengDistrictById
2019-09-25 15:56:49.8418|2|INFO|Microsoft.AspNetCore.Mvc.Internal.ControllerActionInvoker|Executed action BHG.Platform.DemoServer.Controllers.LiuPengDistrictController.GetLiuPengDistrictById (BHG.Platform.DemoServer) in 126.9702ms |url: http://localhost/api/LiuPengDistrict/GetLiuPengDistrictById|action: GetLiuPengDistrictById
2019-09-25 15:56:49.8418|1|INFO|Microsoft.AspNetCore.Routing.EndpointMiddleware|Executed endpoint 'BHG.Platform.DemoServer.Controllers.LiuPengDistrictController.GetLiuPengDistrictById (BHG.Platform.DemoServer)' |url: http://localhost/api/LiuPengDistrict/GetLiuPengDistrictById|action: GetLiuPengDistrictById
2019-09-25 15:56:49.8418|2|INFO|Microsoft.AspNetCore.Hosting.Internal.WebHost|Request finished in 132.3724ms 200 application/json; charset=utf-8 |url: http://localhost/api/LiuPengDistrict/GetLiuPengDistrictById|action: GetLiuPengDistrictById
2019-09-25 15:56:54.7551|1|INFO|Microsoft.AspNetCore.Hosting.Internal.WebHost|Request starting HTTP/1.1 GET http://localhost:4350/api/LiuPengDistrict/GetLiuPengDistrictById?id=100101005   |url: http://localhost/api/LiuPengDistrict/GetLiuPengDistrictById|action: 
2019-09-25 15:56:54.7551|2|INFO|Microsoft.AspNetCore.Authentication.JwtBearer.JwtBearerHandler|Successfully validated the token. |url: http://localhost/api/LiuPengDistrict/GetLiuPengDistrictById|action: 
2019-09-25 15:56:54.7551|0|INFO|Microsoft.AspNetCore.Routing.EndpointMiddleware|Executing endpoint 'BHG.Platform.DemoServer.Controllers.LiuPengDistrictController.GetLiuPengDistrictById (BHG.Platform.DemoServer)' |url: http://localhost/api/LiuPengDistrict/GetLiuPengDistrictById|action: GetLiuPengDistrictById
2019-09-25 15:56:54.7551|3|INFO|Microsoft.AspNetCore.Mvc.Internal.ControllerActionInvoker|Route matched with {action = "GetLiuPengDistrictById", controller = "LiuPengDistrict", page = ""}. Executing controller action with signature Microsoft.AspNetCore.Mvc.IActionResult GetLiuPengDistrictById(Int32) on controller BHG.Platform.DemoServer.Controllers.LiuPengDistrictController (BHG.Platform.DemoServer). |url: http://localhost/api/LiuPengDistrict/GetLiuPengDistrictById|action: GetLiuPengDistrictById
2019-09-25 15:56:54.7551|1|INFO|Microsoft.AspNetCore.Authorization.DefaultAuthorizationService|Authorization was successful. |url: http://localhost/api/LiuPengDistrict/GetLiuPengDistrictById|action: GetLiuPengDistrictById
2019-09-25 15:56:54.7775|1|INFO|Microsoft.AspNetCore.Mvc.Internal.ControllerActionInvoker|Executing action method BHG.Platform.DemoServer.Controllers.LiuPengDistrictController.GetLiuPengDistrictById (BHG.Platform.DemoServer) - Validation state: Valid |url: http://localhost/api/LiuPengDistrict/GetLiuPengDistrictById|action: GetLiuPengDistrictById
2019-09-25 15:56:54.7792|10403|INFO|Microsoft.EntityFrameworkCore.Infrastructure|Entity Framework Core 2.2.6-servicing-10079 initialized 'AppDbContext' using provider 'Pomelo.EntityFrameworkCore.MySql' with options: None |url: http://localhost/api/LiuPengDistrict/GetLiuPengDistrictById|action: GetLiuPengDistrictById
2019-09-25 15:56:54.8797|20101|INFO|Microsoft.EntityFrameworkCore.Database.Command|Executed DbCommand (34ms) [Parameters=[@__id_0='?' (DbType = Int32)], CommandType='Text', CommandTimeout='30']
SELECT `z`.`Id`, `z`.`LiuPengRegionId`, `z`.`Name`
FROM `LiuPengDistricts` AS `z`
WHERE `z`.`Id` = @__id_0
LIMIT 1 |url: http://localhost/api/LiuPengDistrict/GetLiuPengDistrictById|action: GetLiuPengDistrictById
2019-09-25 15:56:54.8797|2|INFO|Microsoft.AspNetCore.Mvc.Internal.ControllerActionInvoker|Executed action method BHG.Platform.DemoServer.Controllers.LiuPengDistrictController.GetLiuPengDistrictById (BHG.Platform.DemoServer), returned result Microsoft.AspNetCore.Mvc.OkObjectResult in 101.8396ms. |url: http://localhost/api/LiuPengDistrict/GetLiuPengDistrictById|action: GetLiuPengDistrictById
2019-09-25 15:56:54.8797|1|INFO|Microsoft.AspNetCore.Mvc.Infrastructure.ObjectResultExecutor|Executing ObjectResult, writing value of type '<>f__AnonymousType1`2[[System.Int32, System.Private.CoreLib, Version=4.0.0.0, Culture=neutral, PublicKeyToken=7cec85d7bea7798e],[System.String, System.Private.CoreLib, Version=4.0.0.0, Culture=neutral, PublicKeyToken=7cec85d7bea7798e]]'. |url: http://localhost/api/LiuPengDistrict/GetLiuPengDistrictById|action: GetLiuPengDistrictById
2019-09-25 15:56:54.8797|2|INFO|Microsoft.AspNetCore.Mvc.Internal.ControllerActionInvoker|Executed action BHG.Platform.DemoServer.Controllers.LiuPengDistrictController.GetLiuPengDistrictById (BHG.Platform.DemoServer) in 123.3694ms |url: http://localhost/api/LiuPengDistrict/GetLiuPengDistrictById|action: GetLiuPengDistrictById
2019-09-25 15:56:54.8797|1|INFO|Microsoft.AspNetCore.Routing.EndpointMiddleware|Executed endpoint 'BHG.Platform.DemoServer.Controllers.LiuPengDistrictController.GetLiuPengDistrictById (BHG.Platform.DemoServer)' |url: http://localhost/api/LiuPengDistrict/GetLiuPengDistrictById|action: GetLiuPengDistrictById
2019-09-25 15:56:54.8797|2|INFO|Microsoft.AspNetCore.Hosting.Internal.WebHost|Request finished in 126.8873ms 200 application/json; charset=utf-8 |url: http://localhost/api/LiuPengDistrict/GetLiuPengDistrictById|action: GetLiuPengDistrictById
2019-09-25 15:56:59.5779|1|INFO|Microsoft.AspNetCore.Hosting.Internal.WebHost|Request starting HTTP/1.1 GET http://localhost:4350/api/LiuPengDistrict/GetLiuPengDistrictById?id=100101003   |url: http://localhost/api/LiuPengDistrict/GetLiuPengDistrictById|action: 
2019-09-25 15:56:59.5779|2|INFO|Microsoft.AspNetCore.Authentication.JwtBearer.JwtBearerHandler|Successfully validated the token. |url: http://localhost/api/LiuPengDistrict/GetLiuPengDistrictById|action: 
2019-09-25 15:56:59.5779|0|INFO|Microsoft.AspNetCore.Routing.EndpointMiddleware|Executing endpoint 'BHG.Platform.DemoServer.Controllers.LiuPengDistrictController.GetLiuPengDistrictById (BHG.Platform.DemoServer)' |url: http://localhost/api/LiuPengDistrict/GetLiuPengDistrictById|action: GetLiuPengDistrictById
2019-09-25 15:56:59.5779|3|INFO|Microsoft.AspNetCore.Mvc.Internal.ControllerActionInvoker|Route matched with {action = "GetLiuPengDistrictById", controller = "LiuPengDistrict", page = ""}. Executing controller action with signature Microsoft.AspNetCore.Mvc.IActionResult GetLiuPengDistrictById(Int32) on controller BHG.Platform.DemoServer.Controllers.LiuPengDistrictController (BHG.Platform.DemoServer). |url: http://localhost/api/LiuPengDistrict/GetLiuPengDistrictById|action: GetLiuPengDistrictById
2019-09-25 15:56:59.5779|1|INFO|Microsoft.AspNetCore.Authorization.DefaultAuthorizationService|Authorization was successful. |url: http://localhost/api/LiuPengDistrict/GetLiuPengDistrictById|action: GetLiuPengDistrictById
2019-09-25 15:56:59.6019|1|INFO|Microsoft.AspNetCore.Mvc.Internal.ControllerActionInvoker|Executing action method BHG.Platform.DemoServer.Controllers.LiuPengDistrictController.GetLiuPengDistrictById (BHG.Platform.DemoServer) - Validation state: Valid |url: http://localhost/api/LiuPengDistrict/GetLiuPengDistrictById|action: GetLiuPengDistrictById
2019-09-25 15:56:59.6019|10403|INFO|Microsoft.EntityFrameworkCore.Infrastructure|Entity Framework Core 2.2.6-servicing-10079 initialized 'AppDbContext' using provider 'Pomelo.EntityFrameworkCore.MySql' with options: None |url: http://localhost/api/LiuPengDistrict/GetLiuPengDistrictById|action: GetLiuPengDistrictById
2019-09-25 15:56:59.7028|20101|INFO|Microsoft.EntityFrameworkCore.Database.Command|Executed DbCommand (33ms) [Parameters=[@__id_0='?' (DbType = Int32)], CommandType='Text', CommandTimeout='30']
SELECT `z`.`Id`, `z`.`LiuPengRegionId`, `z`.`Name`
FROM `LiuPengDistricts` AS `z`
WHERE `z`.`Id` = @__id_0
LIMIT 1 |url: http://localhost/api/LiuPengDistrict/GetLiuPengDistrictById|action: GetLiuPengDistrictById
2019-09-25 15:56:59.7028|2|INFO|Microsoft.AspNetCore.Mvc.Internal.ControllerActionInvoker|Executed action method BHG.Platform.DemoServer.Controllers.LiuPengDistrictController.GetLiuPengDistrictById (BHG.Platform.DemoServer), returned result Microsoft.AspNetCore.Mvc.OkObjectResult in 101.1146ms. |url: http://localhost/api/LiuPengDistrict/GetLiuPengDistrictById|action: GetLiuPengDistrictById
2019-09-25 15:56:59.7028|1|INFO|Microsoft.AspNetCore.Mvc.Infrastructure.ObjectResultExecutor|Executing ObjectResult, writing value of type '<>f__AnonymousType0`3[[System.Int32, System.Private.CoreLib, Version=4.0.0.0, Culture=neutral, PublicKeyToken=7cec85d7bea7798e],[System.String, System.Private.CoreLib, Version=4.0.0.0, Culture=neutral, PublicKeyToken=7cec85d7bea7798e],[BHG.Platform.DemoServer.Data.Entities.LiuPengDistrict, BHG.Platform.DemoServer, Version=1.0.0.0, Culture=neutral, PublicKeyToken=null]]'. |url: http://localhost/api/LiuPengDistrict/GetLiuPengDistrictById|action: GetLiuPengDistrictById
2019-09-25 15:56:59.7028|2|INFO|Microsoft.AspNetCore.Mvc.Internal.ControllerActionInvoker|Executed action BHG.Platform.DemoServer.Controllers.LiuPengDistrictController.GetLiuPengDistrictById (BHG.Platform.DemoServer) in 124.0479ms |url: http://localhost/api/LiuPengDistrict/GetLiuPengDistrictById|action: GetLiuPengDistrictById
2019-09-25 15:56:59.7028|1|INFO|Microsoft.AspNetCore.Routing.EndpointMiddleware|Executed endpoint 'BHG.Platform.DemoServer.Controllers.LiuPengDistrictController.GetLiuPengDistrictById (BHG.Platform.DemoServer)' |url: http://localhost/api/LiuPengDistrict/GetLiuPengDistrictById|action: GetLiuPengDistrictById
2019-09-25 15:56:59.7028|2|INFO|Microsoft.AspNetCore.Hosting.Internal.WebHost|Request finished in 127.5623ms 200 application/json; charset=utf-8 |url: http://localhost/api/LiuPengDistrict/GetLiuPengDistrictById|action: GetLiuPengDistrictById
2019-09-25 16:03:04.2067||INFO|Microsoft.AspNetCore.DataProtection.KeyManagement.XmlKeyManager|User profile is available. Using 'C:\Users\njit\AppData\Local\ASP.NET\DataProtection-Keys' as key repository and Windows DPAPI to encrypt keys at rest. |url: |action: 
2019-09-25 16:03:04.6548|1|INFO|Microsoft.AspNetCore.Hosting.Internal.WebHost|Request starting HTTP/1.1 GET http://localhost:4350/swagger   |url: http://localhost/swagger|action: 
2019-09-25 16:03:04.6718|3|WARN|Microsoft.AspNetCore.HttpsPolicy.HttpsRedirectionMiddleware|Failed to determine the https port for redirect. |url: http://localhost/swagger|action: 
2019-09-25 16:03:04.7675|1|INFO|Microsoft.AspNetCore.Hosting.Internal.WebHost|Request starting HTTP/1.1 GET http://localhost:4350/swagger/index.html   |url: http://localhost/swagger/index.html|action: 
2019-09-25 16:03:04.7675|2|INFO|Microsoft.AspNetCore.Hosting.Internal.WebHost|Request finished in 115.708ms 302  |url: http://localhost/swagger|action: 
2019-09-25 16:03:04.8269|2|INFO|Microsoft.AspNetCore.Hosting.Internal.WebHost|Request finished in 59.3015ms 200 text/html; charset=utf-8 |url: http://localhost/swagger/index.html|action: 
2019-09-25 16:03:04.9504|1|INFO|Microsoft.AspNetCore.Hosting.Internal.WebHost|Request starting HTTP/1.1 GET http://localhost:4350/swagger/v1/swagger.json   |url: http://localhost/swagger/v1/swagger.json|action: 
2019-09-25 16:03:05.4675|2|INFO|Microsoft.AspNetCore.Hosting.Internal.WebHost|Request finished in 517.1694ms 200 application/json; charset=utf-8 |url: http://localhost/swagger/v1/swagger.json|action: 
2019-09-25 16:03:52.0159||INFO|Microsoft.AspNetCore.DataProtection.KeyManagement.XmlKeyManager|User profile is available. Using 'C:\Users\njit\AppData\Local\ASP.NET\DataProtection-Keys' as key repository and Windows DPAPI to encrypt keys at rest. |url: |action: 
2019-09-25 16:03:52.4563|1|INFO|Microsoft.AspNetCore.Hosting.Internal.WebHost|Request starting HTTP/1.1 GET http://localhost:4350/swagger   |url: http://localhost/swagger|action: 
2019-09-25 16:03:52.4725|3|WARN|Microsoft.AspNetCore.HttpsPolicy.HttpsRedirectionMiddleware|Failed to determine the https port for redirect. |url: http://localhost/swagger|action: 
2019-09-25 16:03:52.5762|1|INFO|Microsoft.AspNetCore.Hosting.Internal.WebHost|Request starting HTTP/1.1 GET http://localhost:4350/swagger/index.html   |url: http://localhost/swagger/index.html|action: 
2019-09-25 16:03:52.5762|2|INFO|Microsoft.AspNetCore.Hosting.Internal.WebHost|Request finished in 127.9087ms 302  |url: http://localhost/swagger|action: 
2019-09-25 16:03:52.6373|2|INFO|Microsoft.AspNetCore.Hosting.Internal.WebHost|Request finished in 61.0768ms 200 text/html; charset=utf-8 |url: http://localhost/swagger/index.html|action: 
2019-09-25 16:03:52.7561|1|INFO|Microsoft.AspNetCore.Hosting.Internal.WebHost|Request starting HTTP/1.1 GET http://localhost:4350/swagger/v1/swagger.json   |url: http://localhost/swagger/v1/swagger.json|action: 
2019-09-25 16:03:53.2792|2|INFO|Microsoft.AspNetCore.Hosting.Internal.WebHost|Request finished in 523.0629ms 200 application/json; charset=utf-8 |url: http://localhost/swagger/v1/swagger.json|action: 
2019-09-25 16:04:45.1630||INFO|Microsoft.AspNetCore.DataProtection.KeyManagement.XmlKeyManager|User profile is available. Using 'C:\Users\njit\AppData\Local\ASP.NET\DataProtection-Keys' as key repository and Windows DPAPI to encrypt keys at rest. |url: |action: 
2019-09-25 16:04:45.6213|1|INFO|Microsoft.AspNetCore.Hosting.Internal.WebHost|Request starting HTTP/1.1 GET http://localhost:4350/swagger   |url: http://localhost/swagger|action: 
2019-09-25 16:04:45.6372|3|WARN|Microsoft.AspNetCore.HttpsPolicy.HttpsRedirectionMiddleware|Failed to determine the https port for redirect. |url: http://localhost/swagger|action: 
2019-09-25 16:04:45.7370|1|INFO|Microsoft.AspNetCore.Hosting.Internal.WebHost|Request starting HTTP/1.1 GET http://localhost:4350/swagger/index.html   |url: http://localhost/swagger/index.html|action: 
2019-09-25 16:04:45.7370|2|INFO|Microsoft.AspNetCore.Hosting.Internal.WebHost|Request finished in 118.5067ms 302  |url: http://localhost/swagger|action: 
2019-09-25 16:04:45.7958|2|INFO|Microsoft.AspNetCore.Hosting.Internal.WebHost|Request finished in 58.7364ms 200 text/html; charset=utf-8 |url: http://localhost/swagger/index.html|action: 
2019-09-25 16:04:45.9186|1|INFO|Microsoft.AspNetCore.Hosting.Internal.WebHost|Request starting HTTP/1.1 GET http://localhost:4350/swagger/v1/swagger.json   |url: http://localhost/swagger/v1/swagger.json|action: 
2019-09-25 16:04:46.4388|2|INFO|Microsoft.AspNetCore.Hosting.Internal.WebHost|Request finished in 520.1467ms 200 application/json; charset=utf-8 |url: http://localhost/swagger/v1/swagger.json|action: 
2019-09-25 16:06:01.6186|1|INFO|Microsoft.AspNetCore.Hosting.Internal.WebHost|Request starting HTTP/1.1 GET http://localhost:4350/api/LiuPengLocation/GetLiuPengLocationById?id=100001   |url: http://localhost/api/LiuPengLocation/GetLiuPengLocationById|action: 
2019-09-25 16:06:02.0707|2|INFO|Microsoft.AspNetCore.Authentication.JwtBearer.JwtBearerHandler|Successfully validated the token. |url: http://localhost/api/LiuPengLocation/GetLiuPengLocationById|action: 
2019-09-25 16:06:02.1271|0|INFO|Microsoft.AspNetCore.Routing.EndpointMiddleware|Executing endpoint 'BHG.Platform.DemoServer.Controllers.LiuPengLocationController.GetLiuPengLocationById (BHG.Platform.DemoServer)' |url: http://localhost/api/LiuPengLocation/GetLiuPengLocationById|action: GetLiuPengLocationById
2019-09-25 16:06:02.1453|3|INFO|Microsoft.AspNetCore.Mvc.Internal.ControllerActionInvoker|Route matched with {action = "GetLiuPengLocationById", controller = "LiuPengLocation", page = ""}. Executing controller action with signature Microsoft.AspNetCore.Mvc.IActionResult GetLiuPengLocationById(Int32) on controller BHG.Platform.DemoServer.Controllers.LiuPengLocationController (BHG.Platform.DemoServer). |url: http://localhost/api/LiuPengLocation/GetLiuPengLocationById|action: GetLiuPengLocationById
2019-09-25 16:06:02.3823|1|INFO|Microsoft.AspNetCore.Mvc.Internal.ControllerActionInvoker|Executing action method BHG.Platform.DemoServer.Controllers.LiuPengLocationController.GetLiuPengLocationById (BHG.Platform.DemoServer) - Validation state: Valid |url: http://localhost/api/LiuPengLocation/GetLiuPengLocationById|action: GetLiuPengLocationById
2019-09-25 16:06:02.6261|10403|INFO|Microsoft.EntityFrameworkCore.Infrastructure|Entity Framework Core 2.2.6-servicing-10079 initialized 'AppDbContext' using provider 'Pomelo.EntityFrameworkCore.MySql' with options: None |url: http://localhost/api/LiuPengLocation/GetLiuPengLocationById|action: GetLiuPengLocationById
2019-09-25 16:06:03.0679|20101|INFO|Microsoft.EntityFrameworkCore.Database.Command|Executed DbCommand (70ms) [Parameters=[@__id_0='?' (DbType = Int32)], CommandType='Text', CommandTimeout='30']
SELECT `z`.`Id`, `z`.`Address`, `z`.`ContactName`, `z`.`ContactPhone`, `z`.`LiuPengDistrictId`, `z`.`ManagerName`, `z`.`ManagerPhone`, `z`.`Name`, `z`.`PhysicalId`, `z`.`Printer`, `z`.`Type`
FROM `LiuPengLocations` AS `z`
WHERE `z`.`Id` = @__id_0
LIMIT 1 |url: http://localhost/api/LiuPengLocation/GetLiuPengLocationById|action: GetLiuPengLocationById
2019-09-25 16:06:03.1389|2|INFO|Microsoft.AspNetCore.Mvc.Internal.ControllerActionInvoker|Executed action method BHG.Platform.DemoServer.Controllers.LiuPengLocationController.GetLiuPengLocationById (BHG.Platform.DemoServer), returned result Microsoft.AspNetCore.Mvc.OkObjectResult in 753.7959ms. |url: http://localhost/api/LiuPengLocation/GetLiuPengLocationById|action: GetLiuPengLocationById
2019-09-25 16:06:03.1389|1|INFO|Microsoft.AspNetCore.Mvc.Infrastructure.ObjectResultExecutor|Executing ObjectResult, writing value of type '<>f__AnonymousType0`3[[System.Int32, System.Private.CoreLib, Version=4.0.0.0, Culture=neutral, PublicKeyToken=7cec85d7bea7798e],[System.String, System.Private.CoreLib, Version=4.0.0.0, Culture=neutral, PublicKeyToken=7cec85d7bea7798e],[BHG.Platform.DemoServer.Data.Entities.LiuPengLocation, BHG.Platform.DemoServer, Version=1.0.0.0, Culture=neutral, PublicKeyToken=null]]'. |url: http://localhost/api/LiuPengLocation/GetLiuPengLocationById|action: GetLiuPengLocationById
2019-09-25 16:06:03.1614|2|INFO|Microsoft.AspNetCore.Mvc.Internal.ControllerActionInvoker|Executed action BHG.Platform.DemoServer.Controllers.LiuPengLocationController.GetLiuPengLocationById (BHG.Platform.DemoServer) in 1012.0702ms |url: http://localhost/api/LiuPengLocation/GetLiuPengLocationById|action: GetLiuPengLocationById
2019-09-25 16:06:03.1614|1|INFO|Microsoft.AspNetCore.Routing.EndpointMiddleware|Executed endpoint 'BHG.Platform.DemoServer.Controllers.LiuPengLocationController.GetLiuPengLocationById (BHG.Platform.DemoServer)' |url: http://localhost/api/LiuPengLocation/GetLiuPengLocationById|action: GetLiuPengLocationById
2019-09-25 16:06:03.1614|2|INFO|Microsoft.AspNetCore.Hosting.Internal.WebHost|Request finished in 1546.5948ms 200 application/json; charset=utf-8 |url: http://localhost/api/LiuPengLocation/GetLiuPengLocationById|action: GetLiuPengLocationById
2019-09-25 16:06:13.5992|1|INFO|Microsoft.AspNetCore.Hosting.Internal.WebHost|Request starting HTTP/1.1 GET http://localhost:4350/api/LiuPengLocation/GetLiuPengLocationById?id=100103   |url: http://localhost/api/LiuPengLocation/GetLiuPengLocationById|action: 
2019-09-25 16:06:13.5992|2|INFO|Microsoft.AspNetCore.Authentication.JwtBearer.JwtBearerHandler|Successfully validated the token. |url: http://localhost/api/LiuPengLocation/GetLiuPengLocationById|action: 
2019-09-25 16:06:13.5992|0|INFO|Microsoft.AspNetCore.Routing.EndpointMiddleware|Executing endpoint 'BHG.Platform.DemoServer.Controllers.LiuPengLocationController.GetLiuPengLocationById (BHG.Platform.DemoServer)' |url: http://localhost/api/LiuPengLocation/GetLiuPengLocationById|action: GetLiuPengLocationById
2019-09-25 16:06:13.5992|3|INFO|Microsoft.AspNetCore.Mvc.Internal.ControllerActionInvoker|Route matched with {action = "GetLiuPengLocationById", controller = "LiuPengLocation", page = ""}. Executing controller action with signature Microsoft.AspNetCore.Mvc.IActionResult GetLiuPengLocationById(Int32) on controller BHG.Platform.DemoServer.Controllers.LiuPengLocationController (BHG.Platform.DemoServer). |url: http://localhost/api/LiuPengLocation/GetLiuPengLocationById|action: GetLiuPengLocationById
2019-09-25 16:06:13.6265|1|INFO|Microsoft.AspNetCore.Mvc.Internal.ControllerActionInvoker|Executing action method BHG.Platform.DemoServer.Controllers.LiuPengLocationController.GetLiuPengLocationById (BHG.Platform.DemoServer) - Validation state: Valid |url: http://localhost/api/LiuPengLocation/GetLiuPengLocationById|action: GetLiuPengLocationById
2019-09-25 16:06:13.6265|10403|INFO|Microsoft.EntityFrameworkCore.Infrastructure|Entity Framework Core 2.2.6-servicing-10079 initialized 'AppDbContext' using provider 'Pomelo.EntityFrameworkCore.MySql' with options: None |url: http://localhost/api/LiuPengLocation/GetLiuPengLocationById|action: GetLiuPengLocationById
2019-09-25 16:06:13.7466|20101|INFO|Microsoft.EntityFrameworkCore.Database.Command|Executed DbCommand (35ms) [Parameters=[@__id_0='?' (DbType = Int32)], CommandType='Text', CommandTimeout='30']
SELECT `z`.`Id`, `z`.`Address`, `z`.`ContactName`, `z`.`ContactPhone`, `z`.`LiuPengDistrictId`, `z`.`ManagerName`, `z`.`ManagerPhone`, `z`.`Name`, `z`.`PhysicalId`, `z`.`Printer`, `z`.`Type`
FROM `LiuPengLocations` AS `z`
WHERE `z`.`Id` = @__id_0
LIMIT 1 |url: http://localhost/api/LiuPengLocation/GetLiuPengLocationById|action: GetLiuPengLocationById
2019-09-25 16:06:13.7475|2|INFO|Microsoft.AspNetCore.Mvc.Internal.ControllerActionInvoker|Executed action method BHG.Platform.DemoServer.Controllers.LiuPengLocationController.GetLiuPengLocationById (BHG.Platform.DemoServer), returned result Microsoft.AspNetCore.Mvc.OkObjectResult in 120.6013ms. |url: http://localhost/api/LiuPengLocation/GetLiuPengLocationById|action: GetLiuPengLocationById
2019-09-25 16:06:13.7475|1|INFO|Microsoft.AspNetCore.Mvc.Infrastructure.ObjectResultExecutor|Executing ObjectResult, writing value of type '<>f__AnonymousType0`3[[System.Int32, System.Private.CoreLib, Version=4.0.0.0, Culture=neutral, PublicKeyToken=7cec85d7bea7798e],[System.String, System.Private.CoreLib, Version=4.0.0.0, Culture=neutral, PublicKeyToken=7cec85d7bea7798e],[BHG.Platform.DemoServer.Data.Entities.LiuPengLocation, BHG.Platform.DemoServer, Version=1.0.0.0, Culture=neutral, PublicKeyToken=null]]'. |url: http://localhost/api/LiuPengLocation/GetLiuPengLocationById|action: GetLiuPengLocationById
2019-09-25 16:06:13.7475|2|INFO|Microsoft.AspNetCore.Mvc.Internal.ControllerActionInvoker|Executed action BHG.Platform.DemoServer.Controllers.LiuPengLocationController.GetLiuPengLocationById (BHG.Platform.DemoServer) in 143.3962ms |url: http://localhost/api/LiuPengLocation/GetLiuPengLocationById|action: GetLiuPengLocationById
2019-09-25 16:06:13.7475|1|INFO|Microsoft.AspNetCore.Routing.EndpointMiddleware|Executed endpoint 'BHG.Platform.DemoServer.Controllers.LiuPengLocationController.GetLiuPengLocationById (BHG.Platform.DemoServer)' |url: http://localhost/api/LiuPengLocation/GetLiuPengLocationById|action: GetLiuPengLocationById
2019-09-25 16:06:13.7475|2|INFO|Microsoft.AspNetCore.Hosting.Internal.WebHost|Request finished in 150.2302ms 200 application/json; charset=utf-8 |url: http://localhost/api/LiuPengLocation/GetLiuPengLocationById|action: GetLiuPengLocationById
2019-09-25 17:10:02.6815||INFO|Microsoft.AspNetCore.DataProtection.KeyManagement.XmlKeyManager|User profile is available. Using 'C:\Users\njit\AppData\Local\ASP.NET\DataProtection-Keys' as key repository and Windows DPAPI to encrypt keys at rest. |url: |action: 
2019-09-25 17:10:03.1591|1|INFO|Microsoft.AspNetCore.Hosting.Internal.WebHost|Request starting HTTP/1.1 GET http://localhost:4350/swagger   |url: http://localhost/swagger|action: 
2019-09-25 17:10:03.1781|3|WARN|Microsoft.AspNetCore.HttpsPolicy.HttpsRedirectionMiddleware|Failed to determine the https port for redirect. |url: http://localhost/swagger|action: 
2019-09-25 17:10:03.3075|1|INFO|Microsoft.AspNetCore.Hosting.Internal.WebHost|Request starting HTTP/1.1 GET http://localhost:4350/swagger/index.html   |url: http://localhost/swagger/index.html|action: 
2019-09-25 17:10:03.3099|2|INFO|Microsoft.AspNetCore.Hosting.Internal.WebHost|Request finished in 151.8024ms 302  |url: http://localhost/swagger|action: 
2019-09-25 17:10:03.3681|2|INFO|Microsoft.AspNetCore.Hosting.Internal.WebHost|Request finished in 60.6255ms 200 text/html; charset=utf-8 |url: http://localhost/swagger/index.html|action: 
2019-09-25 17:10:03.5045|1|INFO|Microsoft.AspNetCore.Hosting.Internal.WebHost|Request starting HTTP/1.1 GET http://localhost:4350/swagger/v1/swagger.json   |url: http://localhost/swagger/v1/swagger.json|action: 
2019-09-25 17:10:04.0331|2|INFO|Microsoft.AspNetCore.Hosting.Internal.WebHost|Request finished in 528.6384ms 200 application/json; charset=utf-8 |url: http://localhost/swagger/v1/swagger.json|action: 
2019-09-25 17:10:24.8319|1|INFO|Microsoft.AspNetCore.Hosting.Internal.WebHost|Request starting HTTP/1.1 GET http://localhost:4350/api/LiuPengDistrict/GetLiuPengDistrictById?id=100114001   |url: http://localhost/api/LiuPengDistrict/GetLiuPengDistrictById|action: 
2019-09-25 17:10:24.8917|0|INFO|Microsoft.AspNetCore.Routing.EndpointMiddleware|Executing endpoint 'BHG.Platform.DemoServer.Controllers.LiuPengDistrictController.GetLiuPengDistrictById (BHG.Platform.DemoServer)' |url: http://localhost/api/LiuPengDistrict/GetLiuPengDistrictById|action: GetLiuPengDistrictById
2019-09-25 17:10:24.9152|3|INFO|Microsoft.AspNetCore.Mvc.Internal.ControllerActionInvoker|Route matched with {action = "GetLiuPengDistrictById", controller = "LiuPengDistrict", page = ""}. Executing controller action with signature Microsoft.AspNetCore.Mvc.IActionResult GetLiuPengDistrictById(Int32) on controller BHG.Platform.DemoServer.Controllers.LiuPengDistrictController (BHG.Platform.DemoServer). |url: http://localhost/api/LiuPengDistrict/GetLiuPengDistrictById|action: GetLiuPengDistrictById
2019-09-25 17:10:25.1735|1|INFO|Microsoft.AspNetCore.Mvc.Internal.ControllerActionInvoker|Executing action method BHG.Platform.DemoServer.Controllers.LiuPengDistrictController.GetLiuPengDistrictById (BHG.Platform.DemoServer) - Validation state: Valid |url: http://localhost/api/LiuPengDistrict/GetLiuPengDistrictById|action: GetLiuPengDistrictById
2019-09-25 17:10:25.4225|10403|INFO|Microsoft.EntityFrameworkCore.Infrastructure|Entity Framework Core 2.2.6-servicing-10079 initialized 'AppDbContext' using provider 'Pomelo.EntityFrameworkCore.MySql' with options: None |url: http://localhost/api/LiuPengDistrict/GetLiuPengDistrictById|action: GetLiuPengDistrictById
2019-09-25 17:10:25.9328|20101|INFO|Microsoft.EntityFrameworkCore.Database.Command|Executed DbCommand (97ms) [Parameters=[@__id_0='?' (DbType = Int32)], CommandType='Text', CommandTimeout='30']
SELECT `z`.`Id`, `z`.`LiuPengRegionId`, `z`.`Name`
FROM `LiuPengDistricts` AS `z`
WHERE `z`.`Id` = @__id_0
LIMIT 1 |url: http://localhost/api/LiuPengDistrict/GetLiuPengDistrictById|action: GetLiuPengDistrictById
2019-09-25 17:10:26.0108|2|INFO|Microsoft.AspNetCore.Mvc.Internal.ControllerActionInvoker|Executed action method BHG.Platform.DemoServer.Controllers.LiuPengDistrictController.GetLiuPengDistrictById (BHG.Platform.DemoServer), returned result Microsoft.AspNetCore.Mvc.OkObjectResult in 833.779ms. |url: http://localhost/api/LiuPengDistrict/GetLiuPengDistrictById|action: GetLiuPengDistrictById
2019-09-25 17:10:26.0195|1|INFO|Microsoft.AspNetCore.Mvc.Infrastructure.ObjectResultExecutor|Executing ObjectResult, writing value of type '<>f__AnonymousType0`3[[System.Int32, System.Private.CoreLib, Version=4.0.0.0, Culture=neutral, PublicKeyToken=7cec85d7bea7798e],[System.String, System.Private.CoreLib, Version=4.0.0.0, Culture=neutral, PublicKeyToken=7cec85d7bea7798e],[System.Collections.Generic.ICollection`1[[BHG.Platform.DemoServer.Data.Entities.LiuPengLocation, BHG.Platform.DemoServer, Version=1.0.0.0, Culture=neutral, PublicKeyToken=null]], System.Private.CoreLib, Version=4.0.0.0, Culture=neutral, PublicKeyToken=7cec85d7bea7798e]]'. |url: http://localhost/api/LiuPengDistrict/GetLiuPengDistrictById|action: GetLiuPengDistrictById
2019-09-25 17:10:26.0319|2|INFO|Microsoft.AspNetCore.Mvc.Internal.ControllerActionInvoker|Executed action BHG.Platform.DemoServer.Controllers.LiuPengDistrictController.GetLiuPengDistrictById (BHG.Platform.DemoServer) in 1113.7206ms |url: http://localhost/api/LiuPengDistrict/GetLiuPengDistrictById|action: GetLiuPengDistrictById
2019-09-25 17:10:26.0319|1|INFO|Microsoft.AspNetCore.Routing.EndpointMiddleware|Executed endpoint 'BHG.Platform.DemoServer.Controllers.LiuPengDistrictController.GetLiuPengDistrictById (BHG.Platform.DemoServer)' |url: http://localhost/api/LiuPengDistrict/GetLiuPengDistrictById|action: GetLiuPengDistrictById
2019-09-25 17:10:26.0319|2|INFO|Microsoft.AspNetCore.Hosting.Internal.WebHost|Request finished in 1210.0185ms 200 application/json; charset=utf-8 |url: http://localhost/api/LiuPengDistrict/GetLiuPengDistrictById|action: GetLiuPengDistrictById
2019-09-25 17:16:24.6909||INFO|Microsoft.AspNetCore.DataProtection.KeyManagement.XmlKeyManager|User profile is available. Using 'C:\Users\njit\AppData\Local\ASP.NET\DataProtection-Keys' as key repository and Windows DPAPI to encrypt keys at rest. |url: |action: 
2019-09-25 17:16:25.1462|1|INFO|Microsoft.AspNetCore.Hosting.Internal.WebHost|Request starting HTTP/1.1 GET http://localhost:4350/swagger   |url: http://localhost/swagger|action: 
2019-09-25 17:16:25.1734|3|WARN|Microsoft.AspNetCore.HttpsPolicy.HttpsRedirectionMiddleware|Failed to determine the https port for redirect. |url: http://localhost/swagger|action: 
2019-09-25 17:16:25.2697|1|INFO|Microsoft.AspNetCore.Hosting.Internal.WebHost|Request starting HTTP/1.1 GET http://localhost:4350/swagger/index.html   |url: http://localhost/swagger/index.html|action: 
2019-09-25 17:16:25.2697|2|INFO|Microsoft.AspNetCore.Hosting.Internal.WebHost|Request finished in 127.1961ms 302  |url: http://localhost/swagger|action: 
2019-09-25 17:16:25.3270|2|INFO|Microsoft.AspNetCore.Hosting.Internal.WebHost|Request finished in 57.2745ms 200 text/html; charset=utf-8 |url: http://localhost/swagger/index.html|action: 
2019-09-25 17:16:25.4501|1|INFO|Microsoft.AspNetCore.Hosting.Internal.WebHost|Request starting HTTP/1.1 GET http://localhost:4350/swagger/v1/swagger.json   |url: http://localhost/swagger/v1/swagger.json|action: 
2019-09-25 17:16:25.9791|2|INFO|Microsoft.AspNetCore.Hosting.Internal.WebHost|Request finished in 528.9936ms 200 application/json; charset=utf-8 |url: http://localhost/swagger/v1/swagger.json|action: 
2019-09-25 17:16:33.6406|1|INFO|Microsoft.AspNetCore.Hosting.Internal.WebHost|Request starting HTTP/1.1 GET http://localhost:4350/api/LiuPengDistrict/GetLiuPengDistrictById?id=100114001   |url: http://localhost/api/LiuPengDistrict/GetLiuPengDistrictById|action: 
2019-09-25 17:16:33.6839|0|INFO|Microsoft.AspNetCore.Routing.EndpointMiddleware|Executing endpoint 'BHG.Platform.DemoServer.Controllers.LiuPengDistrictController.GetLiuPengDistrictById (BHG.Platform.DemoServer)' |url: http://localhost/api/LiuPengDistrict/GetLiuPengDistrictById|action: GetLiuPengDistrictById
2019-09-25 17:16:33.7018|3|INFO|Microsoft.AspNetCore.Mvc.Internal.ControllerActionInvoker|Route matched with {action = "GetLiuPengDistrictById", controller = "LiuPengDistrict", page = ""}. Executing controller action with signature Microsoft.AspNetCore.Mvc.IActionResult GetLiuPengDistrictById(Int32) on controller BHG.Platform.DemoServer.Controllers.LiuPengDistrictController (BHG.Platform.DemoServer). |url: http://localhost/api/LiuPengDistrict/GetLiuPengDistrictById|action: GetLiuPengDistrictById
2019-09-25 17:16:33.9688|1|INFO|Microsoft.AspNetCore.Mvc.Internal.ControllerActionInvoker|Executing action method BHG.Platform.DemoServer.Controllers.LiuPengDistrictController.GetLiuPengDistrictById (BHG.Platform.DemoServer) - Validation state: Valid |url: http://localhost/api/LiuPengDistrict/GetLiuPengDistrictById|action: GetLiuPengDistrictById
2019-09-25 17:16:34.2150|10403|INFO|Microsoft.EntityFrameworkCore.Infrastructure|Entity Framework Core 2.2.6-servicing-10079 initialized 'AppDbContext' using provider 'Pomelo.EntityFrameworkCore.MySql' with options: None |url: http://localhost/api/LiuPengDistrict/GetLiuPengDistrictById|action: GetLiuPengDistrictById
2019-09-25 17:16:34.6873|20101|INFO|Microsoft.EntityFrameworkCore.Database.Command|Executed DbCommand (68ms) [Parameters=[@__id_0='?' (DbType = Int32)], CommandType='Text', CommandTimeout='30']
SELECT `z`.`Id`, `z`.`LiuPengRegionId`, `z`.`Name`
FROM `LiuPengDistricts` AS `z`
WHERE `z`.`Id` = @__id_0
LIMIT 1 |url: http://localhost/api/LiuPengDistrict/GetLiuPengDistrictById|action: GetLiuPengDistrictById
2019-09-25 17:16:34.7644|2|INFO|Microsoft.AspNetCore.Mvc.Internal.ControllerActionInvoker|Executed action method BHG.Platform.DemoServer.Controllers.LiuPengDistrictController.GetLiuPengDistrictById (BHG.Platform.DemoServer), returned result Microsoft.AspNetCore.Mvc.OkObjectResult in 791.7638ms. |url: http://localhost/api/LiuPengDistrict/GetLiuPengDistrictById|action: GetLiuPengDistrictById
2019-09-25 17:16:34.7644|1|INFO|Microsoft.AspNetCore.Mvc.Infrastructure.ObjectResultExecutor|Executing ObjectResult, writing value of type '<>f__AnonymousType0`3[[System.Int32, System.Private.CoreLib, Version=4.0.0.0, Culture=neutral, PublicKeyToken=7cec85d7bea7798e],[System.String, System.Private.CoreLib, Version=4.0.0.0, Culture=neutral, PublicKeyToken=7cec85d7bea7798e],[System.Collections.Generic.ICollection`1[[BHG.Platform.DemoServer.Data.Entities.LiuPengLocation, BHG.Platform.DemoServer, Version=1.0.0.0, Culture=neutral, PublicKeyToken=null]], System.Private.CoreLib, Version=4.0.0.0, Culture=neutral, PublicKeyToken=7cec85d7bea7798e]]'. |url: http://localhost/api/LiuPengDistrict/GetLiuPengDistrictById|action: GetLiuPengDistrictById
2019-09-25 17:16:34.7827|2|INFO|Microsoft.AspNetCore.Mvc.Internal.ControllerActionInvoker|Executed action BHG.Platform.DemoServer.Controllers.LiuPengDistrictController.GetLiuPengDistrictById (BHG.Platform.DemoServer) in 1077.9425ms |url: http://localhost/api/LiuPengDistrict/GetLiuPengDistrictById|action: GetLiuPengDistrictById
2019-09-25 17:16:34.7827|1|INFO|Microsoft.AspNetCore.Routing.EndpointMiddleware|Executed endpoint 'BHG.Platform.DemoServer.Controllers.LiuPengDistrictController.GetLiuPengDistrictById (BHG.Platform.DemoServer)' |url: http://localhost/api/LiuPengDistrict/GetLiuPengDistrictById|action: GetLiuPengDistrictById
2019-09-25 17:16:34.7827|2|INFO|Microsoft.AspNetCore.Hosting.Internal.WebHost|Request finished in 1143.5013ms 200 application/json; charset=utf-8 |url: http://localhost/api/LiuPengDistrict/GetLiuPengDistrictById|action: GetLiuPengDistrictById
2019-09-25 17:17:34.6285||INFO|Microsoft.AspNetCore.DataProtection.KeyManagement.XmlKeyManager|User profile is available. Using 'C:\Users\njit\AppData\Local\ASP.NET\DataProtection-Keys' as key repository and Windows DPAPI to encrypt keys at rest. |url: |action: 
2019-09-25 17:17:35.0942|1|INFO|Microsoft.AspNetCore.Hosting.Internal.WebHost|Request starting HTTP/1.1 GET http://localhost:4350/swagger   |url: http://localhost/swagger|action: 
2019-09-25 17:17:35.1102|3|WARN|Microsoft.AspNetCore.HttpsPolicy.HttpsRedirectionMiddleware|Failed to determine the https port for redirect. |url: http://localhost/swagger|action: 
2019-09-25 17:17:35.2139|1|INFO|Microsoft.AspNetCore.Hosting.Internal.WebHost|Request starting HTTP/1.1 GET http://localhost:4350/swagger/index.html   |url: http://localhost/swagger/index.html|action: 
2019-09-25 17:17:35.2174|2|INFO|Microsoft.AspNetCore.Hosting.Internal.WebHost|Request finished in 123.9011ms 302  |url: http://localhost/swagger|action: 
2019-09-25 17:17:35.2830|2|INFO|Microsoft.AspNetCore.Hosting.Internal.WebHost|Request finished in 69.0834ms 200 text/html; charset=utf-8 |url: http://localhost/swagger/index.html|action: 
2019-09-25 17:17:35.4052|1|INFO|Microsoft.AspNetCore.Hosting.Internal.WebHost|Request starting HTTP/1.1 GET http://localhost:4350/swagger/v1/swagger.json   |url: http://localhost/swagger/v1/swagger.json|action: 
2019-09-25 17:17:35.9523|2|INFO|Microsoft.AspNetCore.Hosting.Internal.WebHost|Request finished in 547.1037ms 200 application/json; charset=utf-8 |url: http://localhost/swagger/v1/swagger.json|action: 
2019-09-25 17:17:43.6310|1|INFO|Microsoft.AspNetCore.Hosting.Internal.WebHost|Request starting HTTP/1.1 GET http://localhost:4350/api/LiuPengDistrict/GetLiuPengDistrictById?id=100114001   |url: http://localhost/api/LiuPengDistrict/GetLiuPengDistrictById|action: 
2019-09-25 17:17:43.6746|0|INFO|Microsoft.AspNetCore.Routing.EndpointMiddleware|Executing endpoint 'BHG.Platform.DemoServer.Controllers.LiuPengDistrictController.GetLiuPengDistrictById (BHG.Platform.DemoServer)' |url: http://localhost/api/LiuPengDistrict/GetLiuPengDistrictById|action: GetLiuPengDistrictById
2019-09-25 17:17:43.6992|3|INFO|Microsoft.AspNetCore.Mvc.Internal.ControllerActionInvoker|Route matched with {action = "GetLiuPengDistrictById", controller = "LiuPengDistrict", page = ""}. Executing controller action with signature Microsoft.AspNetCore.Mvc.IActionResult GetLiuPengDistrictById(Int32) on controller BHG.Platform.DemoServer.Controllers.LiuPengDistrictController (BHG.Platform.DemoServer). |url: http://localhost/api/LiuPengDistrict/GetLiuPengDistrictById|action: GetLiuPengDistrictById
2019-09-25 17:17:43.9689|1|INFO|Microsoft.AspNetCore.Mvc.Internal.ControllerActionInvoker|Executing action method BHG.Platform.DemoServer.Controllers.LiuPengDistrictController.GetLiuPengDistrictById (BHG.Platform.DemoServer) - Validation state: Valid |url: http://localhost/api/LiuPengDistrict/GetLiuPengDistrictById|action: GetLiuPengDistrictById
2019-09-25 17:17:44.2198|10403|INFO|Microsoft.EntityFrameworkCore.Infrastructure|Entity Framework Core 2.2.6-servicing-10079 initialized 'AppDbContext' using provider 'Pomelo.EntityFrameworkCore.MySql' with options: None |url: http://localhost/api/LiuPengDistrict/GetLiuPengDistrictById|action: GetLiuPengDistrictById
2019-09-25 17:17:44.6967|20101|INFO|Microsoft.EntityFrameworkCore.Database.Command|Executed DbCommand (67ms) [Parameters=[@__id_0='?' (DbType = Int32)], CommandType='Text', CommandTimeout='30']
SELECT `z`.`Id`, `z`.`LiuPengRegionId`, `z`.`Name`
FROM `LiuPengDistricts` AS `z`
WHERE `z`.`Id` = @__id_0
LIMIT 1 |url: http://localhost/api/LiuPengDistrict/GetLiuPengDistrictById|action: GetLiuPengDistrictById
2019-09-25 17:19:17.1968||INFO|Microsoft.AspNetCore.DataProtection.KeyManagement.XmlKeyManager|User profile is available. Using 'C:\Users\njit\AppData\Local\ASP.NET\DataProtection-Keys' as key repository and Windows DPAPI to encrypt keys at rest. |url: |action: 
2019-09-25 17:19:17.6168|1|INFO|Microsoft.AspNetCore.Hosting.Internal.WebHost|Request starting HTTP/1.1 GET http://localhost:4350/swagger   |url: http://localhost/swagger|action: 
2019-09-25 17:19:17.6334|3|WARN|Microsoft.AspNetCore.HttpsPolicy.HttpsRedirectionMiddleware|Failed to determine the https port for redirect. |url: http://localhost/swagger|action: 
2019-09-25 17:19:17.7429|1|INFO|Microsoft.AspNetCore.Hosting.Internal.WebHost|Request starting HTTP/1.1 GET http://localhost:4350/swagger/index.html   |url: http://localhost/swagger/index.html|action: 
2019-09-25 17:19:17.7429|2|INFO|Microsoft.AspNetCore.Hosting.Internal.WebHost|Request finished in 128.8795ms 302  |url: http://localhost/swagger|action: 
2019-09-25 17:19:17.8144|2|INFO|Microsoft.AspNetCore.Hosting.Internal.WebHost|Request finished in 71.4592ms 200 text/html; charset=utf-8 |url: http://localhost/swagger/index.html|action: 
2019-09-25 17:19:17.9495|1|INFO|Microsoft.AspNetCore.Hosting.Internal.WebHost|Request starting HTTP/1.1 GET http://localhost:4350/swagger/v1/swagger.json   |url: http://localhost/swagger/v1/swagger.json|action: 
2019-09-25 17:19:18.4781|2|INFO|Microsoft.AspNetCore.Hosting.Internal.WebHost|Request finished in 528.6107ms 200 application/json; charset=utf-8 |url: http://localhost/swagger/v1/swagger.json|action: 
2019-09-25 17:19:26.7745|1|INFO|Microsoft.AspNetCore.Hosting.Internal.WebHost|Request starting HTTP/1.1 GET http://localhost:4350/api/LiuPengDistrict/GetLiuPengDistrictById?id=100114001   |url: http://localhost/api/LiuPengDistrict/GetLiuPengDistrictById|action: 
2019-09-25 17:19:26.8169|0|INFO|Microsoft.AspNetCore.Routing.EndpointMiddleware|Executing endpoint 'BHG.Platform.DemoServer.Controllers.LiuPengDistrictController.GetLiuPengDistrictById (BHG.Platform.DemoServer)' |url: http://localhost/api/LiuPengDistrict/GetLiuPengDistrictById|action: GetLiuPengDistrictById
2019-09-25 17:19:26.8348|3|INFO|Microsoft.AspNetCore.Mvc.Internal.ControllerActionInvoker|Route matched with {action = "GetLiuPengDistrictById", controller = "LiuPengDistrict", page = ""}. Executing controller action with signature Microsoft.AspNetCore.Mvc.IActionResult GetLiuPengDistrictById(Int32) on controller BHG.Platform.DemoServer.Controllers.LiuPengDistrictController (BHG.Platform.DemoServer). |url: http://localhost/api/LiuPengDistrict/GetLiuPengDistrictById|action: GetLiuPengDistrictById
2019-09-25 17:19:27.1093|1|INFO|Microsoft.AspNetCore.Mvc.Internal.ControllerActionInvoker|Executing action method BHG.Platform.DemoServer.Controllers.LiuPengDistrictController.GetLiuPengDistrictById (BHG.Platform.DemoServer) - Validation state: Valid |url: http://localhost/api/LiuPengDistrict/GetLiuPengDistrictById|action: GetLiuPengDistrictById
2019-09-25 17:19:27.3600|10403|INFO|Microsoft.EntityFrameworkCore.Infrastructure|Entity Framework Core 2.2.6-servicing-10079 initialized 'AppDbContext' using provider 'Pomelo.EntityFrameworkCore.MySql' with options: None |url: http://localhost/api/LiuPengDistrict/GetLiuPengDistrictById|action: GetLiuPengDistrictById
2019-09-25 17:19:28.1552|20101|INFO|Microsoft.EntityFrameworkCore.Database.Command|Executed DbCommand (129ms) [Parameters=[@__id_0='?' (DbType = Int32)], CommandType='Text', CommandTimeout='30']
SELECT `z`.`Id`, `z`.`LiuPengRegionId`, `z`.`Name`
FROM `LiuPengDistricts` AS `z`
WHERE `z`.`Id` = @__id_0
LIMIT 1 |url: http://localhost/api/LiuPengDistrict/GetLiuPengDistrictById|action: GetLiuPengDistrictById
2019-09-25 17:20:25.3454||INFO|Microsoft.AspNetCore.DataProtection.KeyManagement.XmlKeyManager|User profile is available. Using 'C:\Users\njit\AppData\Local\ASP.NET\DataProtection-Keys' as key repository and Windows DPAPI to encrypt keys at rest. |url: |action: 
2019-09-25 17:20:25.7654|1|INFO|Microsoft.AspNetCore.Hosting.Internal.WebHost|Request starting HTTP/1.1 GET http://localhost:4350/swagger   |url: http://localhost/swagger|action: 
2019-09-25 17:20:25.7916|3|WARN|Microsoft.AspNetCore.HttpsPolicy.HttpsRedirectionMiddleware|Failed to determine the https port for redirect. |url: http://localhost/swagger|action: 
2019-09-25 17:20:25.9030|1|INFO|Microsoft.AspNetCore.Hosting.Internal.WebHost|Request starting HTTP/1.1 GET http://localhost:4350/swagger/index.html   |url: http://localhost/swagger/index.html|action: 
2019-09-25 17:20:25.9069|2|INFO|Microsoft.AspNetCore.Hosting.Internal.WebHost|Request finished in 142.0105ms 302  |url: http://localhost/swagger|action: 
2019-09-25 17:20:25.9672|2|INFO|Microsoft.AspNetCore.Hosting.Internal.WebHost|Request finished in 64.1428ms 200 text/html; charset=utf-8 |url: http://localhost/swagger/index.html|action: 
2019-09-25 17:20:26.0943|1|INFO|Microsoft.AspNetCore.Hosting.Internal.WebHost|Request starting HTTP/1.1 GET http://localhost:4350/swagger/v1/swagger.json   |url: http://localhost/swagger/v1/swagger.json|action: 
2019-09-25 17:20:26.6196|2|INFO|Microsoft.AspNetCore.Hosting.Internal.WebHost|Request finished in 525.2868ms 200 application/json; charset=utf-8 |url: http://localhost/swagger/v1/swagger.json|action: 
2019-09-25 17:20:34.2171|1|INFO|Microsoft.AspNetCore.Hosting.Internal.WebHost|Request starting HTTP/1.1 GET http://localhost:4350/api/LiuPengDistrict/GetLiuPengDistrictById?id=100114001   |url: http://localhost/api/LiuPengDistrict/GetLiuPengDistrictById|action: 
2019-09-25 17:20:34.2673|0|INFO|Microsoft.AspNetCore.Routing.EndpointMiddleware|Executing endpoint 'BHG.Platform.DemoServer.Controllers.LiuPengDistrictController.GetLiuPengDistrictById (BHG.Platform.DemoServer)' |url: http://localhost/api/LiuPengDistrict/GetLiuPengDistrictById|action: GetLiuPengDistrictById
2019-09-25 17:20:34.2847|3|INFO|Microsoft.AspNetCore.Mvc.Internal.ControllerActionInvoker|Route matched with {action = "GetLiuPengDistrictById", controller = "LiuPengDistrict", page = ""}. Executing controller action with signature Microsoft.AspNetCore.Mvc.IActionResult GetLiuPengDistrictById(Int32) on controller BHG.Platform.DemoServer.Controllers.LiuPengDistrictController (BHG.Platform.DemoServer). |url: http://localhost/api/LiuPengDistrict/GetLiuPengDistrictById|action: GetLiuPengDistrictById
2019-09-25 17:20:34.5400|1|INFO|Microsoft.AspNetCore.Mvc.Internal.ControllerActionInvoker|Executing action method BHG.Platform.DemoServer.Controllers.LiuPengDistrictController.GetLiuPengDistrictById (BHG.Platform.DemoServer) - Validation state: Valid |url: http://localhost/api/LiuPengDistrict/GetLiuPengDistrictById|action: GetLiuPengDistrictById
2019-09-25 17:20:34.7971|10403|INFO|Microsoft.EntityFrameworkCore.Infrastructure|Entity Framework Core 2.2.6-servicing-10079 initialized 'AppDbContext' using provider 'Pomelo.EntityFrameworkCore.MySql' with options: None |url: http://localhost/api/LiuPengDistrict/GetLiuPengDistrictById|action: GetLiuPengDistrictById
2019-09-25 17:20:35.2596|20101|INFO|Microsoft.EntityFrameworkCore.Database.Command|Executed DbCommand (70ms) [Parameters=[@__id_0='?' (DbType = Int32)], CommandType='Text', CommandTimeout='30']
SELECT `z`.`Id`, `z`.`LiuPengRegionId`, `z`.`Name`
FROM `LiuPengDistricts` AS `z`
WHERE `z`.`Id` = @__id_0
LIMIT 1 |url: http://localhost/api/LiuPengDistrict/GetLiuPengDistrictById|action: GetLiuPengDistrictById
2019-09-25 17:20:35.3341|2|INFO|Microsoft.AspNetCore.Mvc.Internal.ControllerActionInvoker|Executed action method BHG.Platform.DemoServer.Controllers.LiuPengDistrictController.GetLiuPengDistrictById (BHG.Platform.DemoServer), returned result Microsoft.AspNetCore.Mvc.OkObjectResult in 791.0646ms. |url: http://localhost/api/LiuPengDistrict/GetLiuPengDistrictById|action: GetLiuPengDistrictById
2019-09-25 17:20:35.3434|1|INFO|Microsoft.AspNetCore.Mvc.Infrastructure.ObjectResultExecutor|Executing ObjectResult, writing value of type '<>f__AnonymousType0`3[[System.Int32, System.Private.CoreLib, Version=4.0.0.0, Culture=neutral, PublicKeyToken=7cec85d7bea7798e],[System.String, System.Private.CoreLib, Version=4.0.0.0, Culture=neutral, PublicKeyToken=7cec85d7bea7798e],[BHG.Platform.DemoServer.Data.Entities.LiuPengDistrict, BHG.Platform.DemoServer, Version=1.0.0.0, Culture=neutral, PublicKeyToken=null]]'. |url: http://localhost/api/LiuPengDistrict/GetLiuPengDistrictById|action: GetLiuPengDistrictById
2019-09-25 17:20:35.3434|2|INFO|Microsoft.AspNetCore.Mvc.Internal.ControllerActionInvoker|Executed action BHG.Platform.DemoServer.Controllers.LiuPengDistrictController.GetLiuPengDistrictById (BHG.Platform.DemoServer) in 1067.8404ms |url: http://localhost/api/LiuPengDistrict/GetLiuPengDistrictById|action: GetLiuPengDistrictById
2019-09-25 17:20:35.3434|1|INFO|Microsoft.AspNetCore.Routing.EndpointMiddleware|Executed endpoint 'BHG.Platform.DemoServer.Controllers.LiuPengDistrictController.GetLiuPengDistrictById (BHG.Platform.DemoServer)' |url: http://localhost/api/LiuPengDistrict/GetLiuPengDistrictById|action: GetLiuPengDistrictById
2019-09-25 17:20:35.3578|2|INFO|Microsoft.AspNetCore.Hosting.Internal.WebHost|Request finished in 1140.7071ms 200 application/json; charset=utf-8 |url: http://localhost/api/LiuPengDistrict/GetLiuPengDistrictById|action: GetLiuPengDistrictById
